TN:
SF:src\catui.js
FN:6,(anonymous_0)
FN:48,(anonymous_1)
FN:54,(anonymous_2)
FN:59,(anonymous_3)
FN:64,(anonymous_4)
FN:79,(anonymous_5)
FN:88,(anonymous_6)
FN:91,(anonymous_7)
FN:104,(anonymous_8)
FN:106,(anonymous_9)
FN:118,(anonymous_10)
FN:127,(anonymous_11)
FN:131,(anonymous_12)
FN:155,(anonymous_13)
FN:169,(anonymous_14)
FN:178,(anonymous_15)
FN:200,(anonymous_16)
FN:202,(anonymous_17)
FN:214,(anonymous_18)
FN:235,(anonymous_19)
FN:243,(anonymous_20)
FN:251,(anonymous_21)
FN:274,(anonymous_22)
FN:287,(anonymous_23)
FN:310,(anonymous_24)
FN:331,(anonymous_25)
FN:336,(anonymous_26)
FN:351,(anonymous_27)
FN:378,(anonymous_28)
FNF:29
FNH:22
FNDA:2,(anonymous_0)
FNDA:3,(anonymous_1)
FNDA:3,(anonymous_2)
FNDA:2,(anonymous_3)
FNDA:5,(anonymous_4)
FNDA:4,(anonymous_5)
FNDA:5,(anonymous_6)
FNDA:5,(anonymous_7)
FNDA:1,(anonymous_8)
FNDA:0,(anonymous_9)
FNDA:12,(anonymous_10)
FNDA:1,(anonymous_11)
FNDA:9,(anonymous_12)
FNDA:11,(anonymous_13)
FNDA:11,(anonymous_14)
FNDA:0,(anonymous_15)
FNDA:0,(anonymous_16)
FNDA:0,(anonymous_17)
FNDA:0,(anonymous_18)
FNDA:8,(anonymous_19)
FNDA:0,(anonymous_20)
FNDA:22,(anonymous_21)
FNDA:5,(anonymous_22)
FNDA:13,(anonymous_23)
FNDA:21,(anonymous_24)
FNDA:6,(anonymous_25)
FNDA:7,(anonymous_26)
FNDA:4,(anonymous_27)
FNDA:0,(anonymous_28)
DA:6,2
DA:9,2
DA:12,2
DA:15,2
DA:23,2
DA:48,2
DA:49,3
DA:50,3
DA:54,2
DA:55,3
DA:59,2
DA:60,2
DA:64,2
DA:66,5
DA:67,5
DA:68,5
DA:69,4
DA:70,4
DA:71,1
DA:72,1
DA:75,5
DA:79,2
DA:80,4
DA:81,4
DA:82,5
DA:84,4
DA:88,2
DA:89,5
DA:90,5
DA:91,5
DA:92,5
DA:99,5
DA:100,2
DA:104,3
DA:105,1
DA:106,1
DA:108,0
DA:109,0
DA:111,1
DA:114,3
DA:118,2
DA:119,12
DA:120,12
DA:121,12
DA:122,12
DA:123,12
DA:126,12
DA:127,4
DA:131,12
DA:133,9
DA:134,9
DA:135,9
DA:136,4
DA:137,4
DA:141,9
DA:143,4
DA:144,4
DA:147,5
DA:148,5
DA:149,5
DA:151,5
DA:155,12
DA:157,11
DA:158,9
DA:159,9
DA:160,9
DA:161,9
DA:163,9
DA:165,2
DA:169,12
DA:170,11
DA:173,11
DA:176,2
DA:178,0
DA:179,0
DA:180,0
DA:181,0
DA:182,0
DA:184,0
DA:185,0
DA:188,0
DA:189,0
DA:193,2
DA:196,2
DA:197,2
DA:198,2
DA:200,2
DA:202,0
DA:203,0
DA:204,0
DA:206,0
DA:207,0
DA:208,0
DA:209,0
DA:214,2
DA:215,0
DA:216,0
DA:217,0
DA:218,0
DA:219,0
DA:223,2
DA:227,12
DA:228,11
DA:231,12
DA:235,2
DA:236,8
DA:237,5
DA:239,3
DA:243,2
DA:244,0
DA:245,0
DA:247,0
DA:251,2
DA:252,22
DA:253,22
DA:254,22
DA:255,22
DA:256,22
DA:259,22
DA:260,13
DA:261,13
DA:262,13
DA:263,13
DA:267,9
DA:268,9
DA:269,6
DA:274,2
DA:275,5
DA:276,5
DA:277,5
DA:278,5
DA:280,5
DA:281,3
DA:283,5
DA:287,2
DA:289,13
DA:291,11
DA:292,6
DA:293,14
DA:294,2
DA:298,5
DA:299,9
DA:300,9
DA:301,2
DA:306,11
DA:310,2
DA:311,21
DA:312,21
DA:314,21
DA:317,21
DA:318,2
DA:320,19
DA:321,13
DA:323,6
DA:324,2
DA:325,2
DA:327,4
DA:331,2
DA:332,6
DA:336,2
DA:337,7
DA:338,7
DA:344,7
DA:348,2
DA:351,2
DA:352,4
DA:353,4
DA:355,4
DA:357,4
DA:358,4
DA:359,4
DA:361,4
DA:363,4
DA:364,1
DA:367,4
DA:371,2
DA:372,2
DA:378,2
DA:379,0
LF:179
LH:152
BRDA:49,0,0,3
BRDA:49,0,1,3
BRDA:50,1,0,3
BRDA:50,1,1,3
BRDA:50,1,2,3
BRDA:70,2,0,1
BRDA:70,2,1,3
BRDA:70,3,0,4
BRDA:70,3,1,4
BRDA:75,4,0,5
BRDA:75,4,1,4
BRDA:80,5,0,4
BRDA:80,5,1,1
BRDA:92,6,0,2
BRDA:92,6,1,3
BRDA:99,7,0,2
BRDA:99,7,1,3
BRDA:121,8,0,12
BRDA:121,8,1,0
BRDA:122,9,0,6
BRDA:122,9,1,6
BRDA:126,10,0,4
BRDA:126,10,1,8
BRDA:135,11,0,4
BRDA:135,11,1,5
BRDA:135,12,0,9
BRDA:135,12,1,4
BRDA:141,13,0,4
BRDA:141,13,1,5
BRDA:149,14,0,5
BRDA:149,14,1,0
BRDA:157,15,0,9
BRDA:157,15,1,2
BRDA:157,16,0,11
BRDA:157,16,1,6
BRDA:157,16,2,6
BRDA:160,17,0,9
BRDA:160,17,1,0
BRDA:170,18,0,11
BRDA:170,18,1,0
BRDA:173,19,0,9
BRDA:173,19,1,2
BRDA:176,20,0,0
BRDA:176,20,1,2
BRDA:179,21,0,0
BRDA:179,21,1,0
BRDA:181,22,0,0
BRDA:181,22,1,0
BRDA:184,23,0,0
BRDA:184,23,1,0
BRDA:203,24,0,0
BRDA:203,24,1,0
BRDA:208,25,0,0
BRDA:208,25,1,0
BRDA:218,26,0,0
BRDA:218,26,1,0
BRDA:236,27,0,5
BRDA:236,27,1,3
BRDA:236,28,0,8
BRDA:236,28,1,5
BRDA:244,29,0,0
BRDA:244,29,1,0
BRDA:244,30,0,0
BRDA:244,30,1,0
BRDA:253,31,0,22
BRDA:253,31,1,13
BRDA:254,32,0,22
BRDA:254,32,1,6
BRDA:254,33,0,22
BRDA:254,33,1,2
BRDA:255,34,0,22
BRDA:255,34,1,2
BRDA:255,35,0,22
BRDA:255,35,1,6
BRDA:256,36,0,22
BRDA:256,36,1,6
BRDA:259,37,0,13
BRDA:259,37,1,9
BRDA:260,38,0,13
BRDA:260,38,1,12
BRDA:267,39,0,9
BRDA:267,39,1,2
BRDA:268,40,0,6
BRDA:268,40,1,3
BRDA:275,41,0,5
BRDA:275,41,1,2
BRDA:276,42,0,5
BRDA:276,42,1,2
BRDA:276,43,0,5
BRDA:276,43,1,0
BRDA:277,44,0,5
BRDA:277,44,1,0
BRDA:277,45,0,5
BRDA:277,45,1,2
BRDA:278,46,0,5
BRDA:278,46,1,2
BRDA:280,47,0,3
BRDA:280,47,1,2
BRDA:289,48,0,2
BRDA:289,48,1,11
BRDA:291,49,0,6
BRDA:291,49,1,5
BRDA:293,50,0,2
BRDA:293,50,1,12
BRDA:299,51,0,9
BRDA:299,51,1,0
BRDA:300,52,0,2
BRDA:300,52,1,7
BRDA:311,53,0,21
BRDA:311,53,1,1
BRDA:312,54,0,21
BRDA:312,54,1,15
BRDA:314,55,0,0
BRDA:314,55,1,21
BRDA:314,56,0,21
BRDA:314,56,1,21
BRDA:317,57,0,2
BRDA:317,57,1,19
BRDA:320,58,0,13
BRDA:320,58,1,6
BRDA:323,59,0,2
BRDA:323,59,1,4
BRDA:324,60,0,2
BRDA:324,60,1,0
BRDA:327,61,0,4
BRDA:327,61,1,0
BRDA:344,62,0,5
BRDA:344,62,1,2
BRDA:352,63,0,4
BRDA:352,63,1,0
BRDA:355,64,0,3
BRDA:355,64,1,1
BRDA:359,65,0,4
BRDA:359,65,1,0
BRDA:363,66,0,1
BRDA:363,66,1,3
BRF:136
BRH:107
end_of_record
TN:
SF:src\modules\carousel.js
FN:7,(anonymous_0)
FN:13,(anonymous_1)
FN:36,(anonymous_2)
FN:43,(anonymous_3)
FN:49,(anonymous_4)
FN:57,(anonymous_5)
FN:63,(anonymous_6)
FN:68,(anonymous_7)
FN:83,(anonymous_8)
FN:86,(anonymous_9)
FN:89,(anonymous_10)
FN:92,(anonymous_11)
FN:95,(anonymous_12)
FN:98,(anonymous_13)
FN:101,(anonymous_14)
FN:104,(anonymous_15)
FN:114,(anonymous_16)
FN:157,(anonymous_17)
FN:167,(anonymous_18)
FN:237,(anonymous_19)
FN:262,(anonymous_20)
FN:269,(anonymous_21)
FN:276,(anonymous_22)
FN:298,(anonymous_23)
FN:305,(anonymous_24)
FN:313,(anonymous_25)
FN:316,(anonymous_26)
FN:324,(anonymous_27)
FN:330,(anonymous_28)
FN:350,(anonymous_29)
FN:357,(anonymous_30)
FN:363,(anonymous_31)
FN:372,(anonymous_32)
FN:399,(anonymous_33)
FN:406,(anonymous_34)
FN:413,(anonymous_35)
FN:446,(anonymous_36)
FN:465,(anonymous_37)
FN:471,(anonymous_38)
FN:478,(anonymous_39)
FNF:40
FNH:28
FNDA:1,(anonymous_0)
FNDA:195,(anonymous_1)
FNDA:1,(anonymous_2)
FNDA:38,(anonymous_3)
FNDA:2,(anonymous_4)
FNDA:2,(anonymous_5)
FNDA:38,(anonymous_6)
FNDA:0,(anonymous_7)
FNDA:38,(anonymous_8)
FNDA:5,(anonymous_9)
FNDA:1,(anonymous_10)
FNDA:1,(anonymous_11)
FNDA:2,(anonymous_12)
FNDA:5,(anonymous_13)
FNDA:2,(anonymous_14)
FNDA:1,(anonymous_15)
FNDA:5,(anonymous_16)
FNDA:2,(anonymous_17)
FNDA:40,(anonymous_18)
FNDA:38,(anonymous_19)
FNDA:0,(anonymous_20)
FNDA:38,(anonymous_21)
FNDA:113,(anonymous_22)
FNDA:0,(anonymous_23)
FNDA:38,(anonymous_24)
FNDA:1,(anonymous_25)
FNDA:1,(anonymous_26)
FNDA:0,(anonymous_27)
FNDA:0,(anonymous_28)
FNDA:40,(anonymous_29)
FNDA:0,(anonymous_30)
FNDA:2,(anonymous_31)
FNDA:2,(anonymous_32)
FNDA:0,(anonymous_33)
FNDA:0,(anonymous_34)
FNDA:0,(anonymous_35)
FNDA:5,(anonymous_36)
FNDA:0,(anonymous_37)
FNDA:0,(anonymous_38)
FNDA:0,(anonymous_39)
DA:7,1
DA:10,1
DA:13,195
DA:16,1
DA:19,1
DA:20,1
DA:21,1
DA:22,1
DA:23,1
DA:24,1
DA:25,1
DA:26,1
DA:27,1
DA:30,1
DA:37,1
DA:38,1
DA:39,1
DA:44,38
DA:45,38
DA:50,2
DA:51,0
DA:53,2
DA:58,2
DA:63,1
DA:64,38
DA:65,38
DA:67,38
DA:68,0
DA:69,0
DA:72,38
DA:73,38
DA:74,38
DA:75,38
DA:78,38
DA:79,38
DA:83,1
DA:84,38
DA:85,38
DA:87,5
DA:90,1
DA:93,1
DA:96,2
DA:99,5
DA:102,2
DA:105,1
DA:114,1
DA:115,5
DA:116,5
DA:119,5
DA:120,3
DA:121,3
DA:125,5
DA:126,5
DA:127,5
DA:131,5
DA:132,5
DA:133,5
DA:137,5
DA:141,1
DA:157,1
DA:158,2
DA:159,2
DA:161,2
DA:162,2
DA:163,2
DA:167,1
DA:168,40
DA:169,40
DA:170,40
DA:173,40
DA:174,40
DA:177,40
DA:178,0
DA:182,40
DA:185,40
DA:186,40
DA:187,1
DA:191,40
DA:194,40
DA:195,1
DA:202,39
DA:209,40
DA:210,40
DA:211,40
DA:214,40
DA:215,40
DA:218,40
DA:221,40
DA:224,38
DA:227,38
DA:230,38
DA:233,38
DA:237,1
DA:238,38
DA:239,38
DA:240,38
DA:243,38
DA:244,38
DA:246,38
DA:252,38
DA:253,3
DA:256,38
DA:257,38
DA:258,38
DA:262,38
DA:263,0
DA:264,0
DA:269,1
DA:270,38
DA:271,38
DA:272,38
DA:275,38
DA:276,38
DA:277,113
DA:280,38
DA:283,38
DA:284,2
DA:287,38
DA:288,38
DA:292,38
DA:293,1
DA:297,38
DA:298,38
DA:299,0
DA:300,0
DA:305,1
DA:306,38
DA:307,38
DA:308,38
DA:310,38
DA:313,35
DA:314,1
DA:315,1
DA:317,1
DA:318,1
DA:322,35
DA:324,35
DA:325,0
DA:326,0
DA:327,0
DA:330,35
DA:331,0
DA:332,0
DA:333,0
DA:334,0
DA:335,0
DA:336,0
DA:337,0
DA:340,0
DA:341,0
DA:342,0
DA:346,35
DA:350,1
DA:351,40
DA:352,40
DA:354,40
DA:355,5
DA:357,5
DA:358,0
DA:363,1
DA:364,2
DA:365,2
DA:366,2
DA:372,1
DA:373,2
DA:374,2
DA:375,2
DA:378,2
DA:380,2
DA:381,2
DA:384,2
DA:385,1
DA:386,1
DA:388,1
DA:389,1
DA:393,2
DA:396,2
DA:398,1
DA:399,1
DA:400,0
DA:401,0
DA:405,1
DA:406,1
DA:407,0
DA:408,0
DA:413,2
DA:414,0
DA:415,0
DA:416,0
DA:420,2
DA:421,2
DA:426,2
DA:434,2
DA:435,0
DA:439,2
DA:440,2
DA:441,0
DA:446,1
DA:447,5
DA:448,5
DA:449,5
DA:451,5
DA:452,4
DA:455,2
DA:458,2
DA:459,2
DA:460,2
DA:463,2
DA:464,0
DA:465,0
DA:466,0
DA:467,0
DA:470,2
DA:471,2
DA:472,0
DA:473,0
DA:478,2
DA:479,0
DA:480,0
DA:481,0
DA:485,2
DA:486,2
DA:491,2
DA:498,2
DA:499,0
DA:502,2
DA:503,2
DA:504,0
DA:509,1
DA:512,1
DA:513,0
LF:231
LH:188
BRDA:50,0,0,0
BRDA:50,0,1,2
BRDA:50,1,0,2
BRDA:50,1,1,0
BRDA:67,2,0,0
BRDA:67,2,1,38
BRDA:74,3,0,38
BRDA:74,3,1,0
BRDA:119,4,0,3
BRDA:119,4,1,2
BRDA:125,5,0,5
BRDA:125,5,1,0
BRDA:127,6,0,5
BRDA:127,6,1,0
BRDA:131,7,0,5
BRDA:131,7,1,0
BRDA:131,8,0,5
BRDA:131,8,1,5
BRDA:161,9,0,0
BRDA:161,9,1,2
BRDA:174,10,0,0
BRDA:174,10,1,40
BRDA:177,11,0,0
BRDA:177,11,1,40
BRDA:185,12,0,1
BRDA:185,12,1,39
BRDA:186,13,0,1
BRDA:186,13,1,39
BRDA:186,14,0,40
BRDA:186,14,1,39
BRDA:191,15,0,1
BRDA:191,15,1,39
BRDA:194,16,0,1
BRDA:194,16,1,39
BRDA:221,17,0,2
BRDA:221,17,1,38
BRDA:243,18,0,1
BRDA:243,18,1,37
BRDA:244,19,0,1
BRDA:244,19,1,37
BRDA:252,20,0,3
BRDA:252,20,1,35
BRDA:256,21,0,38
BRDA:256,21,1,0
BRDA:277,22,0,38
BRDA:277,22,1,75
BRDA:283,23,0,2
BRDA:283,23,1,36
BRDA:287,24,0,38
BRDA:287,24,1,0
BRDA:292,25,0,1
BRDA:292,25,1,37
BRDA:297,26,0,1
BRDA:297,26,1,37
BRDA:310,27,0,3
BRDA:310,27,1,35
BRDA:314,28,0,0
BRDA:314,28,1,1
BRDA:317,29,0,0
BRDA:317,29,1,1
BRDA:335,30,0,0
BRDA:335,30,1,0
BRDA:337,31,0,0
BRDA:337,31,1,0
BRDA:340,32,0,0
BRDA:340,32,1,0
BRDA:341,33,0,0
BRDA:341,33,1,0
BRDA:342,34,0,0
BRDA:342,34,1,0
BRDA:354,35,0,35
BRDA:354,35,1,5
BRDA:355,36,0,1
BRDA:355,36,1,4
BRDA:365,37,0,1
BRDA:365,37,1,1
BRDA:378,38,0,0
BRDA:378,38,1,2
BRDA:378,39,0,2
BRDA:378,39,1,2
BRDA:380,40,0,2
BRDA:380,40,1,2
BRDA:384,41,0,1
BRDA:384,41,1,1
BRDA:386,42,0,0
BRDA:386,42,1,1
BRDA:389,43,0,0
BRDA:389,43,1,1
BRDA:396,44,0,1
BRDA:396,44,1,1
BRDA:420,45,0,2
BRDA:420,45,1,0
BRDA:434,46,0,0
BRDA:434,46,1,2
BRDA:439,47,0,2
BRDA:439,47,1,2
BRDA:440,48,0,0
BRDA:440,48,1,2
BRDA:440,49,0,2
BRDA:440,49,1,0
BRDA:451,50,0,1
BRDA:451,50,1,4
BRDA:451,51,0,5
BRDA:451,51,1,4
BRDA:452,52,0,2
BRDA:452,52,1,2
BRDA:452,53,0,4
BRDA:452,53,1,3
BRDA:455,54,0,2
BRDA:455,54,1,0
BRDA:463,55,0,0
BRDA:463,55,1,2
BRDA:485,56,0,2
BRDA:485,56,1,0
BRDA:498,57,0,0
BRDA:498,57,1,2
BRDA:502,58,0,2
BRDA:502,58,1,2
BRDA:503,59,0,0
BRDA:503,59,1,2
BRDA:503,60,0,2
BRDA:503,60,1,0
BRDA:512,61,0,0
BRDA:512,61,1,1
BRF:124
BRH:86
end_of_record
TN:
SF:src\modules\code.js
FN:6,(anonymous_0)
FN:13,(anonymous_1)
FN:27,(anonymous_2)
FN:34,(anonymous_3)
FN:39,(anonymous_4)
FN:45,(anonymous_5)
FN:67,(anonymous_6)
FN:89,(anonymous_7)
FN:110,(anonymous_8)
FN:120,(anonymous_9)
FN:135,(anonymous_10)
FN:152,(anonymous_11)
FN:172,(anonymous_12)
FN:189,(anonymous_13)
FN:199,(anonymous_14)
FN:201,(anonymous_15)
FN:208,(anonymous_16)
FN:224,(anonymous_17)
FN:226,(anonymous_18)
FN:228,(anonymous_19)
FN:238,(anonymous_20)
FNF:21
FNH:18
FNDA:1,(anonymous_0)
FNDA:16,(anonymous_1)
FNDA:1,(anonymous_2)
FNDA:3,(anonymous_3)
FNDA:6,(anonymous_4)
FNDA:11,(anonymous_5)
FNDA:16,(anonymous_6)
FNDA:17,(anonymous_7)
FNDA:15,(anonymous_8)
FNDA:645,(anonymous_9)
FNDA:6,(anonymous_10)
FNDA:7,(anonymous_11)
FNDA:6,(anonymous_12)
FNDA:21,(anonymous_13)
FNDA:2,(anonymous_14)
FNDA:5,(anonymous_15)
FNDA:1,(anonymous_16)
FNDA:0,(anonymous_17)
FNDA:0,(anonymous_18)
FNDA:0,(anonymous_19)
FNDA:1,(anonymous_20)
DA:6,1
DA:9,1
DA:10,1
DA:13,16
DA:16,1
DA:23,1
DA:28,1
DA:29,1
DA:30,1
DA:35,3
DA:36,3
DA:38,3
DA:39,3
DA:40,6
DA:46,11
DA:47,11
DA:49,11
DA:50,11
DA:52,10
DA:53,10
DA:54,10
DA:56,10
DA:57,10
DA:58,10
DA:61,10
DA:62,1
DA:68,16
DA:69,16
DA:70,16
DA:73,16
DA:77,16
DA:80,5
DA:81,5
DA:82,4
DA:83,3
DA:85,2
DA:91,17
DA:93,17
DA:96,7
DA:99,3
DA:101,2
DA:103,2
DA:105,3
DA:112,15
DA:115,15
DA:116,15
DA:119,15
DA:120,15
DA:121,645
DA:122,645
DA:126,15
DA:129,15
DA:131,15
DA:137,6
DA:140,6
DA:143,6
DA:146,6
DA:148,6
DA:154,7
DA:157,7
DA:160,7
DA:163,7
DA:166,7
DA:168,7
DA:174,6
DA:177,6
DA:180,6
DA:183,6
DA:185,6
DA:190,21
DA:200,2
DA:201,2
DA:202,5
DA:204,2
DA:209,1
DA:210,1
DA:212,1
DA:213,1
DA:215,1
DA:216,1
DA:218,1
DA:219,1
DA:220,1
DA:221,1
DA:222,1
DA:224,1
DA:225,0
DA:226,0
DA:227,0
DA:228,0
DA:229,0
DA:234,1
DA:239,1
DA:240,0
DA:242,1
DA:247,1
DA:250,1
DA:251,0
LF:98
LH:91
BRDA:36,0,0,0
BRDA:36,0,1,3
BRDA:38,1,0,3
BRDA:38,1,1,1
BRDA:47,2,0,0
BRDA:47,2,1,11
BRDA:50,3,0,1
BRDA:50,3,1,10
BRDA:50,4,0,11
BRDA:50,4,1,11
BRDA:53,5,0,10
BRDA:53,5,1,0
BRDA:61,6,0,1
BRDA:61,6,1,9
BRDA:61,7,0,10
BRDA:61,7,1,9
BRDA:68,8,0,16
BRDA:68,8,1,5
BRDA:70,9,0,16
BRDA:70,9,1,0
BRDA:70,10,0,16
BRDA:70,10,1,16
BRDA:73,11,0,16
BRDA:73,11,1,6
BRDA:73,11,2,6
BRDA:77,12,0,11
BRDA:77,12,1,5
BRDA:80,13,0,5
BRDA:80,13,1,0
BRDA:81,14,0,1
BRDA:81,14,1,4
BRDA:82,15,0,1
BRDA:82,15,1,3
BRDA:83,16,0,1
BRDA:83,16,1,2
BRDA:83,17,0,3
BRDA:83,17,1,1
BRDA:93,18,0,6
BRDA:93,18,1,7
BRDA:93,18,2,2
BRDA:93,18,3,3
BRDA:93,18,4,2
BRDA:93,18,5,2
BRDA:93,18,6,3
BRDA:210,19,0,0
BRDA:210,19,1,1
BRDA:225,20,0,0
BRDA:225,20,1,0
BRDA:239,21,0,0
BRDA:239,21,1,1
BRDA:239,22,0,1
BRDA:239,22,1,0
BRDA:250,23,0,0
BRDA:250,23,1,1
BRF:54
BRH:43
end_of_record
TN:
SF:src\modules\colorpicker.js
FN:7,(anonymous_0)
FN:14,(anonymous_1)
FN:31,(anonymous_2)
FN:38,(anonymous_3)
FN:41,(anonymous_4)
FN:44,(anonymous_5)
FN:52,(anonymous_6)
FN:57,(anonymous_7)
FN:66,(anonymous_8)
FN:71,(anonymous_9)
FN:105,(anonymous_10)
FN:142,(anonymous_11)
FN:192,(anonymous_12)
FN:231,(anonymous_13)
FN:250,(anonymous_14)
FN:281,(anonymous_15)
FN:286,(anonymous_16)
FN:297,(anonymous_17)
FN:305,(anonymous_18)
FN:315,(anonymous_19)
FN:321,(anonymous_20)
FN:328,(anonymous_21)
FN:335,(anonymous_22)
FN:341,(anonymous_23)
FN:352,(anonymous_24)
FN:362,(anonymous_25)
FN:367,(anonymous_26)
FN:372,(anonymous_27)
FN:381,(anonymous_28)
FN:397,(anonymous_29)
FN:411,(anonymous_30)
FN:424,(anonymous_31)
FN:430,(anonymous_32)
FN:438,(anonymous_33)
FN:450,(anonymous_34)
FN:458,(anonymous_35)
FN:473,(anonymous_36)
FN:489,(anonymous_37)
FN:492,(anonymous_38)
FN:503,(anonymous_39)
FN:504,(anonymous_40)
FN:511,(anonymous_41)
FN:534,(anonymous_42)
FNF:43
FNH:16
FNDA:1,(anonymous_0)
FNDA:52,(anonymous_1)
FNDA:1,(anonymous_2)
FNDA:17,(anonymous_3)
FNDA:1,(anonymous_4)
FNDA:4,(anonymous_5)
FNDA:2,(anonymous_6)
FNDA:1,(anonymous_7)
FNDA:17,(anonymous_8)
FNDA:0,(anonymous_9)
FNDA:17,(anonymous_10)
FNDA:0,(anonymous_11)
FNDA:0,(anonymous_12)
FNDA:0,(anonymous_13)
FNDA:0,(anonymous_14)
FNDA:17,(anonymous_15)
FNDA:0,(anonymous_16)
FNDA:0,(anonymous_17)
FNDA:0,(anonymous_18)
FNDA:0,(anonymous_19)
FNDA:0,(anonymous_20)
FNDA:0,(anonymous_21)
FNDA:0,(anonymous_22)
FNDA:0,(anonymous_23)
FNDA:0,(anonymous_24)
FNDA:0,(anonymous_25)
FNDA:0,(anonymous_26)
FNDA:0,(anonymous_27)
FNDA:0,(anonymous_28)
FNDA:0,(anonymous_29)
FNDA:0,(anonymous_30)
FNDA:1,(anonymous_31)
FNDA:0,(anonymous_32)
FNDA:0,(anonymous_33)
FNDA:0,(anonymous_34)
FNDA:1,(anonymous_35)
FNDA:5,(anonymous_36)
FNDA:20,(anonymous_37)
FNDA:0,(anonymous_38)
FNDA:0,(anonymous_39)
FNDA:0,(anonymous_40)
FNDA:18,(anonymous_41)
FNDA:0,(anonymous_42)
DA:7,1
DA:10,1
DA:11,1
DA:14,52
DA:17,1
DA:20,1
DA:23,1
DA:26,1
DA:32,1
DA:33,1
DA:34,1
DA:39,17
DA:40,17
DA:42,1
DA:45,4
DA:53,2
DA:58,1
DA:59,0
DA:61,1
DA:66,1
DA:67,17
DA:68,17
DA:70,17
DA:71,0
DA:72,0
DA:75,17
DA:76,17
DA:77,17
DA:79,17
DA:80,17
DA:84,1
DA:96,1
DA:105,1
DA:106,17
DA:107,17
DA:108,17
DA:110,17
DA:111,17
DA:114,17
DA:115,17
DA:116,17
DA:119,17
DA:120,17
DA:121,17
DA:124,17
DA:125,17
DA:126,17
DA:128,17
DA:130,17
DA:131,17
DA:133,17
DA:134,17
DA:135,17
DA:138,17
DA:142,1
DA:143,0
DA:144,0
DA:145,0
DA:148,0
DA:149,0
DA:152,0
DA:153,0
DA:154,0
DA:157,0
DA:158,0
DA:159,0
DA:162,0
DA:163,0
DA:166,0
DA:167,0
DA:168,0
DA:169,0
DA:170,0
DA:171,0
DA:174,0
DA:175,0
DA:176,0
DA:177,0
DA:179,0
DA:180,0
DA:181,0
DA:184,0
DA:187,0
DA:188,0
DA:189,0
DA:190,0
DA:192,0
DA:193,0
DA:194,0
DA:195,0
DA:196,0
DA:197,0
DA:200,0
DA:201,0
DA:205,0
DA:206,0
DA:207,0
DA:212,0
DA:213,0
DA:215,0
DA:216,0
DA:219,0
DA:222,0
DA:225,0
DA:227,0
DA:231,1
DA:232,0
DA:233,0
DA:234,0
DA:236,0
DA:237,0
DA:240,0
DA:241,0
DA:242,0
DA:245,0
DA:246,0
DA:250,1
DA:251,0
DA:252,0
DA:253,0
DA:254,0
DA:257,0
DA:258,0
DA:261,0
DA:262,0
DA:265,0
DA:268,0
DA:269,0
DA:271,0
DA:275,0
DA:276,0
DA:281,1
DA:282,17
DA:283,17
DA:286,17
DA:287,0
DA:289,0
DA:290,0
DA:292,0
DA:297,17
DA:298,0
DA:299,0
DA:305,1
DA:306,0
DA:307,0
DA:310,0
DA:311,0
DA:312,0
DA:315,0
DA:316,0
DA:317,0
DA:321,0
DA:322,0
DA:323,0
DA:327,0
DA:328,0
DA:329,0
DA:330,0
DA:335,0
DA:336,0
DA:337,0
DA:338,0
DA:341,0
DA:342,0
DA:343,0
DA:344,0
DA:347,0
DA:348,0
DA:351,0
DA:352,0
DA:353,0
DA:354,0
DA:355,0
DA:356,0
DA:362,0
DA:363,0
DA:367,0
DA:368,0
DA:372,0
DA:373,0
DA:374,0
DA:375,0
DA:381,1
DA:382,0
DA:383,0
DA:384,0
DA:385,0
DA:387,0
DA:388,0
DA:389,0
DA:391,0
DA:392,0
DA:393,0
DA:397,1
DA:398,0
DA:399,0
DA:400,0
DA:402,0
DA:403,0
DA:405,0
DA:406,0
DA:407,0
DA:411,1
DA:412,0
DA:413,0
DA:414,0
DA:416,0
DA:418,0
DA:419,0
DA:420,0
DA:424,1
DA:425,1
DA:426,1
DA:430,1
DA:431,0
DA:432,0
DA:433,0
DA:438,1
DA:439,0
DA:441,0
DA:442,0
DA:445,0
DA:446,0
DA:450,1
DA:451,0
DA:452,0
DA:453,0
DA:458,1
DA:459,1
DA:461,1
DA:463,1
DA:464,1
DA:466,1
DA:467,1
DA:468,0
DA:473,1
DA:474,5
DA:475,5
DA:477,5
DA:478,2
DA:479,2
DA:480,1
DA:482,1
DA:485,3
DA:489,1
DA:490,20
DA:491,20
DA:492,0
DA:494,20
DA:495,20
DA:503,1
DA:504,0
DA:505,0
DA:506,0
DA:511,1
DA:512,18
DA:513,18
DA:514,18
DA:515,18
DA:516,18
DA:517,18
DA:519,18
DA:520,0
DA:522,18
DA:523,5
DA:524,1
DA:525,12
DA:527,18
DA:530,18
DA:534,1
DA:535,0
DA:537,0
DA:538,0
DA:539,0
DA:540,0
DA:541,0
DA:543,0
DA:544,0
DA:545,0
DA:546,0
DA:547,0
DA:548,0
DA:549,0
DA:552,0
DA:556,1
DA:559,1
DA:560,0
LF:287
LH:108
BRDA:58,0,0,0
BRDA:58,0,1,1
BRDA:58,1,0,1
BRDA:58,1,1,0
BRDA:70,2,0,0
BRDA:70,2,1,17
BRDA:77,3,0,17
BRDA:77,3,1,16
BRDA:111,4,0,0
BRDA:111,4,1,17
BRDA:114,5,0,17
BRDA:114,5,1,12
BRDA:119,6,0,1
BRDA:119,6,1,16
BRDA:174,7,0,0
BRDA:174,7,1,0
BRDA:187,8,0,0
BRDA:187,8,1,0
BRDA:188,9,0,0
BRDA:188,9,1,0
BRDA:241,10,0,0
BRDA:241,10,1,0
BRDA:268,11,0,0
BRDA:268,11,1,0
BRDA:268,12,0,0
BRDA:268,12,1,0
BRDA:275,13,0,0
BRDA:275,13,1,0
BRDA:289,14,0,0
BRDA:289,14,1,0
BRDA:289,15,0,0
BRDA:289,15,1,0
BRDA:298,16,0,0
BRDA:298,16,1,0
BRDA:298,17,0,0
BRDA:298,17,1,0
BRDA:298,17,2,0
BRDA:327,18,0,0
BRDA:327,18,1,0
BRDA:327,19,0,0
BRDA:327,19,1,0
BRDA:336,20,0,0
BRDA:336,20,1,0
BRDA:337,21,0,0
BRDA:337,21,1,0
BRDA:338,22,0,0
BRDA:338,22,1,0
BRDA:351,23,0,0
BRDA:351,23,1,0
BRDA:354,24,0,0
BRDA:354,24,1,0
BRDA:368,25,0,0
BRDA:368,25,1,0
BRDA:374,26,0,0
BRDA:374,26,1,0
BRDA:432,27,0,0
BRDA:432,27,1,0
BRDA:441,28,0,0
BRDA:441,28,1,0
BRDA:452,29,0,0
BRDA:452,29,1,0
BRDA:461,30,0,0
BRDA:461,30,1,1
BRDA:467,31,0,0
BRDA:467,31,1,1
BRDA:477,32,0,2
BRDA:477,32,1,3
BRDA:477,33,0,5
BRDA:477,33,1,4
BRDA:479,34,0,1
BRDA:479,34,1,1
BRDA:491,35,0,0
BRDA:491,35,1,20
BRDA:506,36,0,0
BRDA:506,36,1,0
BRDA:517,37,0,0
BRDA:517,37,1,18
BRDA:519,38,0,0
BRDA:519,38,1,18
BRDA:522,39,0,5
BRDA:522,39,1,1
BRDA:522,39,2,12
BRDA:523,40,0,0
BRDA:523,40,1,5
BRDA:543,41,0,0
BRDA:543,41,1,0
BRDA:543,41,2,0
BRDA:543,41,3,0
BRDA:543,41,4,0
BRDA:543,41,5,0
BRDA:559,42,0,0
BRDA:559,42,1,1
BRF:92
BRH:26
end_of_record
TN:
SF:src\modules\cui.js
FN:7,(anonymous_0)
FN:19,(anonymous_1)
FN:24,(anonymous_2)
FN:85,(anonymous_3)
FN:132,isPlainObject
FN:139,(anonymous_5)
FN:157,(anonymous_6)
FN:165,(anonymous_7)
FN:166,(anonymous_8)
FN:167,(anonymous_9)
FN:184,(anonymous_10)
FN:221,(anonymous_11)
FN:232,(anonymous_12)
FN:241,(anonymous_13)
FN:242,(anonymous_14)
FN:250,(anonymous_15)
FN:256,(anonymous_16)
FN:258,(anonymous_17)
FN:270,(anonymous_18)
FN:275,(anonymous_19)
FN:280,(anonymous_20)
FN:285,(anonymous_21)
FN:287,(anonymous_22)
FN:301,(anonymous_23)
FN:303,(anonymous_24)
FN:318,(anonymous_25)
FN:320,(anonymous_26)
FN:330,(anonymous_27)
FN:332,(anonymous_28)
FN:344,(anonymous_29)
FN:346,(anonymous_30)
FN:365,(anonymous_31)
FN:367,(anonymous_32)
FN:379,(anonymous_33)
FN:381,(anonymous_34)
FN:393,(anonymous_35)
FN:395,(anonymous_36)
FN:405,(anonymous_37)
FN:407,(anonymous_38)
FN:417,(anonymous_39)
FN:418,(anonymous_40)
FN:428,(anonymous_41)
FN:433,(anonymous_42)
FN:440,(anonymous_43)
FN:447,(anonymous_44)
FN:453,(anonymous_45)
FN:454,(anonymous_46)
FN:460,(anonymous_47)
FN:464,(anonymous_48)
FN:470,(anonymous_49)
FN:477,(anonymous_50)
FN:484,(anonymous_51)
FN:490,(anonymous_52)
FN:494,(anonymous_53)
FN:500,(anonymous_54)
FN:504,(anonymous_55)
FN:510,(anonymous_56)
FN:514,(anonymous_57)
FN:520,(anonymous_58)
FN:545,(anonymous_59)
FN:546,(anonymous_60)
FN:560,(anonymous_61)
FN:561,(anonymous_62)
FN:571,(anonymous_63)
FN:572,(anonymous_64)
FN:582,(anonymous_65)
FN:583,(anonymous_66)
FN:593,(anonymous_67)
FN:594,(anonymous_68)
FN:602,(anonymous_69)
FN:603,(anonymous_70)
FN:609,(anonymous_71)
FN:611,(anonymous_72)
FN:618,(anonymous_73)
FN:619,(anonymous_74)
FN:633,(anonymous_75)
FN:634,(anonymous_76)
FN:643,(anonymous_77)
FN:644,(anonymous_78)
FN:650,(anonymous_79)
FN:651,(anonymous_80)
FN:664,(anonymous_81)
FN:677,(anonymous_82)
FN:684,(anonymous_83)
FN:691,(anonymous_84)
FN:713,(anonymous_85)
FN:716,(anonymous_86)
FN:722,(anonymous_87)
FN:732,(anonymous_88)
FN:736,(anonymous_89)
FN:753,(anonymous_90)
FN:764,(anonymous_91)
FN:765,(anonymous_92)
FN:778,(anonymous_93)
FN:788,(anonymous_94)
FN:797,(anonymous_95)
FN:805,(anonymous_96)
FN:813,(anonymous_97)
FN:824,(anonymous_98)
FN:835,(anonymous_99)
FN:841,(anonymous_100)
FN:851,(anonymous_101)
FN:857,(anonymous_102)
FN:867,(anonymous_103)
FN:874,(anonymous_104)
FN:876,(anonymous_105)
FN:881,(anonymous_106)
FN:892,(anonymous_107)
FN:894,(anonymous_108)
FN:898,(anonymous_109)
FNF:110
FNH:69
FNDA:21,(anonymous_0)
FNDA:2380,(anonymous_1)
FNDA:2380,(anonymous_2)
FNDA:457,(anonymous_3)
FNDA:88,isPlainObject
FNDA:3095,(anonymous_5)
FNDA:0,(anonymous_6)
FNDA:0,(anonymous_7)
FNDA:0,(anonymous_8)
FNDA:0,(anonymous_9)
FNDA:0,(anonymous_10)
FNDA:0,(anonymous_11)
FNDA:0,(anonymous_12)
FNDA:0,(anonymous_13)
FNDA:0,(anonymous_14)
FNDA:3093,(anonymous_15)
FNDA:995,(anonymous_16)
FNDA:989,(anonymous_17)
FNDA:63,(anonymous_18)
FNDA:1,(anonymous_19)
FNDA:1,(anonymous_20)
FNDA:3,(anonymous_21)
FNDA:3,(anonymous_22)
FNDA:0,(anonymous_23)
FNDA:0,(anonymous_24)
FNDA:2,(anonymous_25)
FNDA:2,(anonymous_26)
FNDA:14,(anonymous_27)
FNDA:14,(anonymous_28)
FNDA:5,(anonymous_29)
FNDA:5,(anonymous_30)
FNDA:1,(anonymous_31)
FNDA:1,(anonymous_32)
FNDA:1,(anonymous_33)
FNDA:1,(anonymous_34)
FNDA:71,(anonymous_35)
FNDA:70,(anonymous_36)
FNDA:107,(anonymous_37)
FNDA:185,(anonymous_38)
FNDA:4,(anonymous_39)
FNDA:4,(anonymous_40)
FNDA:78,(anonymous_41)
FNDA:137,(anonymous_42)
FNDA:0,(anonymous_43)
FNDA:124,(anonymous_44)
FNDA:1,(anonymous_45)
FNDA:1,(anonymous_46)
FNDA:0,(anonymous_47)
FNDA:0,(anonymous_48)
FNDA:267,(anonymous_49)
FNDA:158,(anonymous_50)
FNDA:105,(anonymous_51)
FNDA:94,(anonymous_52)
FNDA:77,(anonymous_53)
FNDA:9,(anonymous_54)
FNDA:2,(anonymous_55)
FNDA:19,(anonymous_56)
FNDA:5,(anonymous_57)
FNDA:0,(anonymous_58)
FNDA:119,(anonymous_59)
FNDA:119,(anonymous_60)
FNDA:2,(anonymous_61)
FNDA:2,(anonymous_62)
FNDA:0,(anonymous_63)
FNDA:0,(anonymous_64)
FNDA:0,(anonymous_65)
FNDA:0,(anonymous_66)
FNDA:15,(anonymous_67)
FNDA:17,(anonymous_68)
FNDA:1,(anonymous_69)
FNDA:1,(anonymous_70)
FNDA:0,(anonymous_71)
FNDA:0,(anonymous_72)
FNDA:0,(anonymous_73)
FNDA:0,(anonymous_74)
FNDA:1,(anonymous_75)
FNDA:1,(anonymous_76)
FNDA:11,(anonymous_77)
FNDA:11,(anonymous_78)
FNDA:0,(anonymous_79)
FNDA:0,(anonymous_80)
FNDA:822,(anonymous_81)
FNDA:920,(anonymous_82)
FNDA:990,(anonymous_83)
FNDA:6,(anonymous_84)
FNDA:88,(anonymous_85)
FNDA:0,(anonymous_86)
FNDA:0,(anonymous_87)
FNDA:88,(anonymous_88)
FNDA:0,(anonymous_89)
FNDA:0,(anonymous_90)
FNDA:1,(anonymous_91)
FNDA:1,(anonymous_92)
FNDA:1,(anonymous_93)
FNDA:0,(anonymous_94)
FNDA:1,(anonymous_95)
FNDA:1,(anonymous_96)
FNDA:0,(anonymous_97)
FNDA:0,(anonymous_98)
FNDA:2,(anonymous_99)
FNDA:1,(anonymous_100)
FNDA:0,(anonymous_101)
FNDA:0,(anonymous_102)
FNDA:0,(anonymous_103)
FNDA:0,(anonymous_104)
FNDA:0,(anonymous_105)
FNDA:0,(anonymous_106)
FNDA:0,(anonymous_107)
FNDA:0,(anonymous_108)
FNDA:0,(anonymous_109)
DA:7,21
DA:11,21
DA:13,21
DA:16,21
DA:19,21
DA:20,2380
DA:24,21
DA:25,2380
DA:26,2380
DA:28,2380
DA:31,2380
DA:34,2379
DA:35,679
DA:38,679
DA:39,77
DA:40,77
DA:41,77
DA:44,602
DA:48,1700
DA:49,675
DA:52,1025
DA:53,0
DA:56,1025
DA:57,1025
DA:60,0
DA:61,0
DA:62,0
DA:64,0
DA:66,0
DA:70,2379
DA:71,2513
DA:73,2379
DA:75,2379
DA:79,21
DA:80,21
DA:85,21
DA:86,457
DA:87,457
DA:88,457
DA:89,457
DA:92,457
DA:93,30
DA:94,30
DA:95,30
DA:99,457
DA:100,0
DA:103,457
DA:104,1094
DA:105,1094
DA:107,1090
DA:108,10358
DA:109,10358
DA:110,10358
DA:113,10358
DA:116,10358
DA:117,23
DA:120,23
DA:121,10335
DA:122,10331
DA:128,457
DA:133,88
DA:134,27
DA:135,27
DA:139,21
DA:140,3095
DA:142,3095
DA:143,3094
DA:144,3436
DA:147,1
DA:148,2
DA:149,2
DA:153,3095
DA:157,21
DA:158,0
DA:170,0
DA:172,0
DA:175,0
DA:176,0
DA:180,0
DA:181,0
DA:184,0
DA:185,0
DA:186,0
DA:187,0
DA:188,0
DA:189,0
DA:190,0
DA:192,0
DA:194,0
DA:200,0
DA:201,0
DA:202,0
DA:203,0
DA:204,0
DA:206,0
DA:207,0
DA:209,0
DA:212,0
DA:216,0
DA:217,0
DA:221,21
DA:222,0
DA:223,0
DA:224,0
DA:225,0
DA:228,0
DA:232,21
DA:233,0
DA:234,0
DA:236,0
DA:241,21
DA:242,0
DA:243,0
DA:250,21
DA:251,3093
DA:252,3093
DA:256,21
DA:257,995
DA:258,995
DA:259,989
DA:260,989
DA:261,1102
DA:262,1102
DA:266,995
DA:270,21
DA:271,63
DA:275,21
DA:276,1
DA:280,21
DA:281,1
DA:285,21
DA:286,3
DA:287,3
DA:288,3
DA:289,3
DA:290,3
DA:291,2
DA:292,2
DA:297,3
DA:301,21
DA:302,0
DA:303,0
DA:304,0
DA:305,0
DA:306,0
DA:307,0
DA:308,0
DA:311,0
DA:314,0
DA:318,21
DA:319,2
DA:320,2
DA:321,2
DA:322,2
DA:323,2
DA:326,2
DA:330,21
DA:331,14
DA:332,14
DA:333,14
DA:334,14
DA:335,16
DA:336,13
DA:340,14
DA:344,21
DA:345,5
DA:346,5
DA:347,5
DA:348,5
DA:349,5
DA:350,5
DA:351,15
DA:352,10
DA:353,10
DA:354,10
DA:361,5
DA:365,21
DA:366,1
DA:367,1
DA:368,1
DA:369,1
DA:370,1
DA:371,1
DA:375,1
DA:379,21
DA:380,1
DA:381,1
DA:382,1
DA:383,1
DA:384,1
DA:385,1
DA:389,1
DA:393,21
DA:394,71
DA:395,71
DA:396,70
DA:397,70
DA:398,70
DA:405,21
DA:406,107
DA:407,107
DA:408,185
DA:409,185
DA:410,185
DA:417,21
DA:418,4
DA:419,4
DA:420,0
DA:422,4
DA:428,21
DA:429,78
DA:433,21
DA:435,137
DA:436,10
DA:439,127
DA:440,0
DA:441,0
DA:442,0
DA:447,127
DA:448,124
DA:453,21
DA:454,1
DA:455,1
DA:460,21
DA:461,0
DA:462,0
DA:464,0
DA:465,0
DA:470,21
DA:472,267
DA:473,1
DA:476,266
DA:477,158
DA:478,158
DA:479,324
DA:484,108
DA:485,105
DA:490,21
DA:491,94
DA:492,14
DA:494,80
DA:495,77
DA:500,21
DA:501,9
DA:502,7
DA:504,2
DA:505,2
DA:510,21
DA:511,19
DA:512,14
DA:514,5
DA:515,5
DA:520,21
DA:521,0
DA:522,0
DA:524,0
DA:527,0
DA:528,0
DA:531,0
DA:533,0
DA:534,0
DA:536,0
DA:539,0
DA:540,0
DA:541,0
DA:545,21
DA:546,119
DA:547,119
DA:548,5
DA:549,114
DA:550,114
DA:551,0
DA:552,0
DA:553,0
DA:560,21
DA:561,2
DA:562,2
DA:563,2
DA:564,0
DA:565,0
DA:571,21
DA:572,0
DA:573,0
DA:574,0
DA:575,0
DA:576,0
DA:582,21
DA:583,0
DA:584,0
DA:585,0
DA:586,0
DA:587,0
DA:593,21
DA:594,15
DA:595,17
DA:596,17
DA:602,21
DA:603,1
DA:604,1
DA:609,21
DA:610,0
DA:611,0
DA:612,0
DA:614,0
DA:618,21
DA:619,0
DA:620,0
DA:623,0
DA:624,0
DA:625,0
DA:627,0
DA:628,0
DA:633,21
DA:634,1
DA:635,1
DA:636,1
DA:637,0
DA:643,21
DA:644,11
DA:645,11
DA:650,21
DA:651,0
DA:652,0
DA:653,0
DA:655,0
DA:661,21
DA:664,21
DA:667,822
DA:668,818
DA:669,818
DA:671,4
DA:672,4
DA:675,822
DA:677,822
DA:679,920
DA:680,744
DA:682,920
DA:684,920
DA:686,990
DA:687,990
DA:688,990
DA:691,990
DA:692,6
DA:693,0
DA:694,0
DA:695,0
DA:698,6
DA:703,990
DA:704,990
DA:705,990
DA:707,990
DA:713,21
DA:714,88
DA:716,0
DA:717,0
DA:718,0
DA:720,0
DA:721,0
DA:722,0
DA:723,0
DA:726,0
DA:730,88
DA:732,88
DA:733,88
DA:734,88
DA:736,0
DA:737,0
DA:738,0
DA:739,0
DA:742,0
DA:743,0
DA:744,0
DA:745,0
DA:748,0
DA:750,0
DA:752,0
DA:753,0
DA:754,0
DA:756,0
DA:764,21
DA:765,1
DA:767,1
DA:768,1
DA:770,0
DA:771,0
DA:773,1
DA:778,21
DA:779,1
DA:780,1
DA:781,1
DA:788,21
DA:789,0
DA:790,0
DA:797,21
DA:798,1
DA:799,1
DA:801,0
DA:805,21
DA:806,1
DA:807,1
DA:809,0
DA:813,21
DA:814,0
DA:815,0
DA:816,0
DA:817,0
DA:818,0
DA:820,0
DA:824,21
DA:825,0
DA:826,0
DA:827,0
DA:828,0
DA:829,0
DA:831,0
DA:835,21
DA:836,2
DA:837,1
DA:841,1
DA:842,1
DA:843,0
DA:845,1
DA:851,21
DA:852,0
DA:853,0
DA:857,0
DA:858,0
DA:859,0
DA:861,0
DA:867,21
DA:868,0
DA:869,0
DA:870,0
DA:874,21
DA:875,0
DA:876,0
DA:877,0
DA:878,0
DA:879,0
DA:881,0
DA:882,0
DA:885,0
DA:886,0
DA:892,21
DA:893,0
DA:894,0
DA:895,0
DA:896,0
DA:898,0
DA:899,0
DA:900,0
DA:901,0
DA:908,21
DA:911,21
DA:912,1
DA:913,1
DA:916,1
DA:921,20
DA:922,20
DA:926,21
LF:460
LH:286
BRDA:11,0,0,0
BRDA:11,0,1,21
BRDA:11,1,0,21
BRDA:11,1,1,0
BRDA:31,2,0,1
BRDA:31,2,1,2379
BRDA:34,3,0,679
BRDA:34,3,1,1700
BRDA:38,4,0,77
BRDA:38,4,1,602
BRDA:48,5,0,675
BRDA:48,5,1,1025
BRDA:52,6,0,0
BRDA:52,6,1,1025
BRDA:56,7,0,1025
BRDA:56,7,1,0
BRDA:60,8,0,0
BRDA:60,8,1,0
BRDA:61,9,0,0
BRDA:61,9,1,0
BRDA:61,10,0,0
BRDA:61,10,1,0
BRDA:87,11,0,457
BRDA:87,11,1,0
BRDA:92,12,0,30
BRDA:92,12,1,427
BRDA:94,13,0,30
BRDA:94,13,1,0
BRDA:99,14,0,0
BRDA:99,14,1,457
BRDA:99,15,0,457
BRDA:99,15,1,0
BRDA:105,16,0,4
BRDA:105,16,1,1090
BRDA:108,17,0,10358
BRDA:108,17,1,0
BRDA:113,18,0,0
BRDA:113,18,1,10358
BRDA:116,19,0,23
BRDA:116,19,1,10335
BRDA:116,20,0,10358
BRDA:116,20,1,99
BRDA:116,20,2,74
BRDA:116,20,3,60
BRDA:117,21,0,9
BRDA:117,21,1,14
BRDA:118,22,0,2
BRDA:118,22,1,7
BRDA:119,23,0,3
BRDA:119,23,1,11
BRDA:121,24,0,10331
BRDA:121,24,1,4
BRDA:133,25,0,61
BRDA:133,25,1,27
BRDA:133,26,0,88
BRDA:133,26,1,27
BRDA:135,27,0,27
BRDA:135,27,1,27
BRDA:140,28,0,0
BRDA:140,28,1,3095
BRDA:140,29,0,3095
BRDA:140,29,1,3095
BRDA:142,30,0,3094
BRDA:142,30,1,1
BRDA:144,31,0,0
BRDA:144,31,1,3436
BRDA:148,32,0,2
BRDA:148,32,1,0
BRDA:149,33,0,0
BRDA:149,33,1,2
BRDA:180,34,0,0
BRDA:180,34,1,0
BRDA:180,35,0,0
BRDA:180,35,1,0
BRDA:185,36,0,0
BRDA:185,36,1,0
BRDA:187,37,0,0
BRDA:187,37,1,0
BRDA:187,38,0,0
BRDA:187,38,1,0
BRDA:189,39,0,0
BRDA:189,39,1,0
BRDA:201,40,0,0
BRDA:201,40,1,0
BRDA:202,41,0,0
BRDA:202,41,1,0
BRDA:204,42,0,0
BRDA:204,42,1,0
BRDA:206,43,0,0
BRDA:206,43,1,0
BRDA:206,44,0,0
BRDA:206,44,1,0
BRDA:224,45,0,0
BRDA:224,45,1,0
BRDA:261,46,0,1102
BRDA:261,46,1,0
BRDA:271,47,0,1
BRDA:271,47,1,62
BRDA:289,48,0,3
BRDA:289,48,1,0
BRDA:289,49,0,3
BRDA:289,49,1,3
BRDA:290,50,0,2
BRDA:290,50,1,1
BRDA:290,51,0,3
BRDA:290,51,1,1
BRDA:291,52,0,2
BRDA:291,52,1,0
BRDA:305,53,0,0
BRDA:305,53,1,0
BRDA:306,54,0,0
BRDA:306,54,1,0
BRDA:306,55,0,0
BRDA:306,55,1,0
BRDA:307,56,0,0
BRDA:307,56,1,0
BRDA:322,57,0,2
BRDA:322,57,1,0
BRDA:322,58,0,2
BRDA:322,58,1,2
BRDA:335,59,0,13
BRDA:335,59,1,3
BRDA:335,60,0,16
BRDA:335,60,1,14
BRDA:348,61,0,5
BRDA:348,61,1,0
BRDA:351,62,0,10
BRDA:351,62,1,5
BRDA:352,63,0,10
BRDA:352,63,1,0
BRDA:352,64,0,10
BRDA:352,64,1,0
BRDA:353,65,0,10
BRDA:353,65,1,0
BRDA:369,66,0,1
BRDA:369,66,1,0
BRDA:370,67,0,1
BRDA:370,67,1,0
BRDA:370,68,0,1
BRDA:370,68,1,0
BRDA:383,69,0,1
BRDA:383,69,1,0
BRDA:384,70,0,1
BRDA:384,70,1,0
BRDA:384,71,0,1
BRDA:384,71,1,0
BRDA:394,72,0,71
BRDA:394,72,1,0
BRDA:397,73,0,70
BRDA:397,73,1,0
BRDA:406,74,0,107
BRDA:406,74,1,0
BRDA:409,75,0,185
BRDA:409,75,1,0
BRDA:419,76,0,0
BRDA:419,76,1,4
BRDA:429,77,0,78
BRDA:429,77,1,0
BRDA:435,78,0,10
BRDA:435,78,1,127
BRDA:435,79,0,137
BRDA:435,79,1,137
BRDA:436,80,0,10
BRDA:436,80,1,0
BRDA:439,81,0,0
BRDA:439,81,1,127
BRDA:461,82,0,0
BRDA:461,82,1,0
BRDA:462,83,0,0
BRDA:462,83,1,0
BRDA:472,84,0,1
BRDA:472,84,1,266
BRDA:472,85,0,267
BRDA:472,85,1,109
BRDA:473,86,0,1
BRDA:473,86,1,0
BRDA:476,87,0,158
BRDA:476,87,1,108
BRDA:491,88,0,14
BRDA:491,88,1,80
BRDA:492,89,0,14
BRDA:492,89,1,0
BRDA:501,90,0,7
BRDA:501,90,1,2
BRDA:502,91,0,7
BRDA:502,91,1,0
BRDA:511,92,0,14
BRDA:511,92,1,5
BRDA:512,93,0,14
BRDA:512,93,1,0
BRDA:522,94,0,0
BRDA:522,94,1,0
BRDA:522,95,0,0
BRDA:522,95,1,0
BRDA:524,96,0,0
BRDA:524,96,1,0
BRDA:527,97,0,0
BRDA:527,97,1,0
BRDA:531,98,0,0
BRDA:531,98,1,0
BRDA:533,99,0,0
BRDA:533,99,1,0
BRDA:533,100,0,0
BRDA:533,100,1,0
BRDA:547,101,0,5
BRDA:547,101,1,114
BRDA:549,102,0,114
BRDA:549,102,1,0
BRDA:551,103,0,0
BRDA:551,103,1,0
BRDA:562,104,0,2
BRDA:562,104,1,0
BRDA:564,105,0,0
BRDA:564,105,1,0
BRDA:573,106,0,0
BRDA:573,106,1,0
BRDA:575,107,0,0
BRDA:575,107,1,0
BRDA:584,108,0,0
BRDA:584,108,1,0
BRDA:586,109,0,0
BRDA:586,109,1,0
BRDA:595,110,0,17
BRDA:595,110,1,0
BRDA:620,111,0,0
BRDA:620,111,1,0
BRDA:623,112,0,0
BRDA:623,112,1,0
BRDA:636,113,0,0
BRDA:636,113,1,1
BRDA:652,114,0,0
BRDA:652,114,1,0
BRDA:667,115,0,818
BRDA:667,115,1,4
BRDA:679,116,0,744
BRDA:679,116,1,176
BRDA:688,117,0,990
BRDA:688,117,1,990
BRDA:692,118,0,0
BRDA:692,118,1,6
BRDA:694,119,0,0
BRDA:694,119,1,0
BRDA:694,120,0,0
BRDA:694,120,1,0
BRDA:703,121,0,0
BRDA:703,121,1,990
BRDA:704,122,0,988
BRDA:704,122,1,2
BRDA:714,123,0,0
BRDA:714,123,1,88
BRDA:718,124,0,0
BRDA:718,124,1,0
BRDA:734,125,0,88
BRDA:734,125,1,0
BRDA:739,126,0,0
BRDA:739,126,1,0
BRDA:745,127,0,0
BRDA:745,127,1,0
BRDA:748,128,0,0
BRDA:748,128,1,0
BRDA:750,129,0,0
BRDA:750,129,1,0
BRDA:752,130,0,0
BRDA:752,130,1,0
BRDA:752,131,0,0
BRDA:752,131,1,0
BRDA:767,132,0,1
BRDA:767,132,1,0
BRDA:779,133,0,0
BRDA:779,133,1,1
BRDA:789,134,0,0
BRDA:789,134,1,0
BRDA:798,135,0,1
BRDA:798,135,1,0
BRDA:799,136,0,1
BRDA:799,136,1,0
BRDA:801,137,0,0
BRDA:801,137,1,0
BRDA:806,138,0,1
BRDA:806,138,1,0
BRDA:807,139,0,1
BRDA:807,139,1,0
BRDA:809,140,0,0
BRDA:809,140,1,0
BRDA:814,141,0,0
BRDA:814,141,1,0
BRDA:816,142,0,0
BRDA:816,142,1,0
BRDA:825,143,0,0
BRDA:825,143,1,0
BRDA:827,144,0,0
BRDA:827,144,1,0
BRDA:836,145,0,1
BRDA:836,145,1,1
BRDA:837,146,0,0
BRDA:837,146,1,1
BRDA:839,147,0,1
BRDA:839,147,1,0
BRDA:842,148,0,0
BRDA:842,148,1,1
BRDA:852,149,0,0
BRDA:852,149,1,0
BRDA:853,150,0,0
BRDA:853,150,1,0
BRDA:855,151,0,0
BRDA:855,151,1,0
BRDA:858,152,0,0
BRDA:858,152,1,0
BRDA:869,153,0,0
BRDA:869,153,1,0
BRDA:869,154,0,0
BRDA:869,154,1,0
BRDA:875,155,0,0
BRDA:875,155,1,0
BRDA:885,156,0,0
BRDA:885,156,1,0
BRDA:893,157,0,0
BRDA:893,157,1,0
BRDA:900,158,0,0
BRDA:900,158,1,0
BRDA:911,159,0,1
BRDA:911,159,1,20
BRDA:916,160,0,1
BRDA:916,160,1,0
BRDA:916,161,0,1
BRDA:916,161,1,1
BRDA:921,162,0,20
BRDA:921,162,1,20
BRF:328
BRH:144
end_of_record
TN:
SF:src\modules\date.js
FN:7,(anonymous_0)
FN:13,(anonymous_1)
FN:38,(anonymous_2)
FN:45,(anonymous_3)
FN:51,(anonymous_4)
FN:56,(anonymous_5)
FN:65,(anonymous_6)
FN:74,(anonymous_7)
FN:79,(anonymous_8)
FN:95,(anonymous_9)
FN:123,(anonymous_10)
FN:144,(anonymous_11)
FN:171,(anonymous_12)
FN:218,(anonymous_13)
FN:223,(anonymous_14)
FN:231,(anonymous_15)
FN:255,(anonymous_16)
FN:261,(anonymous_17)
FN:277,(anonymous_18)
FN:292,(anonymous_19)
FN:304,(anonymous_20)
FN:326,(anonymous_21)
FN:337,(anonymous_22)
FN:432,(anonymous_23)
FN:460,(anonymous_24)
FN:487,(anonymous_25)
FN:635,(anonymous_26)
FN:653,(anonymous_27)
FN:667,(anonymous_28)
FN:691,(anonymous_29)
FN:712,(anonymous_30)
FN:722,(anonymous_31)
FN:727,(anonymous_32)
FN:732,(anonymous_33)
FN:742,(anonymous_34)
FN:754,(anonymous_35)
FN:758,(anonymous_36)
FN:762,(anonymous_37)
FN:771,(anonymous_38)
FN:782,(anonymous_39)
FN:791,(anonymous_40)
FN:801,(anonymous_41)
FN:811,(anonymous_42)
FN:823,(anonymous_43)
FN:880,(anonymous_44)
FN:894,(anonymous_45)
FN:909,(anonymous_46)
FN:913,(anonymous_47)
FN:919,(anonymous_48)
FN:933,(anonymous_49)
FN:945,(anonymous_50)
FN:959,(anonymous_51)
FN:965,(anonymous_52)
FN:966,(anonymous_53)
FN:982,(anonymous_54)
FN:998,(anonymous_55)
FN:1053,(anonymous_56)
FNF:57
FNH:21
FNDA:1,(anonymous_0)
FNDA:97,(anonymous_1)
FNDA:1,(anonymous_2)
FNDA:31,(anonymous_3)
FNDA:0,(anonymous_4)
FNDA:43,(anonymous_5)
FNDA:0,(anonymous_6)
FNDA:31,(anonymous_7)
FNDA:0,(anonymous_8)
FNDA:0,(anonymous_9)
FNDA:3,(anonymous_10)
FNDA:31,(anonymous_11)
FNDA:62,(anonymous_12)
FNDA:31,(anonymous_13)
FNDA:0,(anonymous_14)
FNDA:0,(anonymous_15)
FNDA:0,(anonymous_16)
FNDA:1,(anonymous_17)
FNDA:5,(anonymous_18)
FNDA:1,(anonymous_19)
FNDA:1,(anonymous_20)
FNDA:7,(anonymous_21)
FNDA:1,(anonymous_22)
FNDA:3,(anonymous_23)
FNDA:0,(anonymous_24)
FNDA:1,(anonymous_25)
FNDA:0,(anonymous_26)
FNDA:42,(anonymous_27)
FNDA:0,(anonymous_28)
FNDA:0,(anonymous_29)
FNDA:1,(anonymous_30)
FNDA:0,(anonymous_31)
FNDA:0,(anonymous_32)
FNDA:0,(anonymous_33)
FNDA:0,(anonymous_34)
FNDA:0,(anonymous_35)
FNDA:0,(anonymous_36)
FNDA:0,(anonymous_37)
FNDA:0,(anonymous_38)
FNDA:0,(anonymous_39)
FNDA:0,(anonymous_40)
FNDA:0,(anonymous_41)
FNDA:0,(anonymous_42)
FNDA:0,(anonymous_43)
FNDA:0,(anonymous_44)
FNDA:0,(anonymous_45)
FNDA:0,(anonymous_46)
FNDA:0,(anonymous_47)
FNDA:0,(anonymous_48)
FNDA:0,(anonymous_49)
FNDA:0,(anonymous_50)
FNDA:0,(anonymous_51)
FNDA:0,(anonymous_52)
FNDA:0,(anonymous_53)
FNDA:0,(anonymous_54)
FNDA:0,(anonymous_55)
FNDA:615,(anonymous_56)
DA:7,1
DA:10,1
DA:13,97
DA:16,1
DA:19,1
DA:22,1
DA:23,1
DA:24,1
DA:25,1
DA:26,1
DA:29,1
DA:32,1
DA:39,1
DA:40,1
DA:41,1
DA:46,31
DA:47,31
DA:52,0
DA:57,43
DA:58,614
DA:59,614
DA:66,0
DA:67,0
DA:69,0
DA:74,1
DA:75,31
DA:76,31
DA:78,31
DA:79,0
DA:80,0
DA:83,31
DA:84,31
DA:87,31
DA:88,31
DA:90,31
DA:91,31
DA:95,1
DA:96,0
DA:100,1
DA:123,1
DA:124,3
DA:144,1
DA:145,31
DA:146,31
DA:147,31
DA:148,31
DA:151,31
DA:159,31
DA:160,31
DA:163,31
DA:166,31
DA:167,27
DA:171,31
DA:172,62
DA:173,62
DA:174,0
DA:175,0
DA:176,0
DA:177,0
DA:178,0
DA:179,0
DA:181,62
DA:182,62
DA:184,62
DA:194,31
DA:197,31
DA:198,31
DA:199,31
DA:203,31
DA:204,1
DA:208,31
DA:209,5
DA:210,0
DA:212,5
DA:218,1
DA:219,31
DA:220,31
DA:221,31
DA:223,31
DA:224,0
DA:225,0
DA:226,0
DA:231,1
DA:232,0
DA:233,0
DA:235,0
DA:237,0
DA:239,0
DA:241,0
DA:255,0
DA:256,0
DA:261,1
DA:262,1
DA:263,0
DA:265,0
DA:266,0
DA:277,1
DA:278,5
DA:279,5
DA:280,5
DA:282,5
DA:283,5
DA:285,0
DA:288,5
DA:292,1
DA:293,1
DA:294,1
DA:295,1
DA:297,1
DA:298,1
DA:300,0
DA:304,1
DA:305,1
DA:306,1
DA:307,1
DA:309,1
DA:312,1
DA:324,1
DA:325,1
DA:326,1
DA:327,7
DA:329,1
DA:330,1
DA:332,1
DA:333,1
DA:337,1
DA:338,1
DA:339,1
DA:340,1
DA:341,1
DA:342,1
DA:343,1
DA:346,1
DA:349,1
DA:350,0
DA:351,0
DA:356,1
DA:359,1
DA:360,1
DA:370,1
DA:371,0
DA:372,0
DA:373,0
DA:374,0
DA:375,0
DA:377,0
DA:382,0
DA:386,1
DA:389,1
DA:390,1
DA:391,1
DA:395,1
DA:398,1
DA:400,1
DA:402,0
DA:403,0
DA:404,0
DA:405,0
DA:408,1
DA:412,1
DA:413,0
DA:423,1
DA:424,1
DA:425,1
DA:426,0
DA:428,1
DA:429,0
DA:431,1
DA:432,1
DA:433,3
DA:434,3
DA:436,1
DA:439,1
DA:442,1
DA:443,1
DA:445,0
DA:446,0
DA:449,1
DA:450,1
DA:451,1
DA:454,1
DA:455,0
DA:460,1
DA:461,0
DA:462,0
DA:463,0
DA:464,0
DA:465,0
DA:467,0
DA:468,0
DA:469,0
DA:471,0
DA:472,0
DA:475,0
DA:476,0
DA:477,0
DA:478,0
DA:481,0
DA:482,0
DA:483,0
DA:487,1
DA:488,1
DA:489,1
DA:490,1
DA:491,1
DA:492,1
DA:495,1
DA:496,0
DA:497,0
DA:498,0
DA:499,0
DA:502,1
DA:503,1
DA:504,1
DA:506,1
DA:511,1
DA:512,1
DA:515,1
DA:516,0
DA:517,0
DA:518,0
DA:522,1
DA:523,1
DA:524,0
DA:525,0
DA:527,1
DA:528,0
DA:529,0
DA:531,1
DA:532,0
DA:533,0
DA:534,0
DA:539,1
DA:540,1
DA:541,1
DA:543,1
DA:544,1
DA:546,1
DA:547,1
DA:548,1
DA:549,1
DA:551,1
DA:552,6
DA:553,6
DA:554,42
DA:555,42
DA:556,42
DA:557,42
DA:559,42
DA:561,1
DA:562,1
DA:563,1
DA:564,1
DA:565,41
DA:567,10
DA:568,10
DA:569,10
DA:570,10
DA:573,31
DA:576,31
DA:577,31
DA:578,1
DA:582,42
DA:583,42
DA:586,42
DA:587,0
DA:588,0
DA:589,0
DA:591,0
DA:592,0
DA:593,0
DA:594,0
DA:595,0
DA:596,0
DA:598,42
DA:599,0
DA:600,0
DA:605,42
DA:606,42
DA:607,42
DA:608,1
DA:613,42
DA:614,0
DA:618,42
DA:619,42
DA:621,42
DA:626,6
DA:628,6
DA:631,1
DA:635,1
DA:636,0
DA:637,0
DA:638,0
DA:640,0
DA:642,0
DA:643,0
DA:644,0
DA:646,0
DA:647,0
DA:649,0
DA:653,1
DA:654,42
DA:655,42
DA:656,42
DA:657,42
DA:659,42
DA:660,42
DA:661,42
DA:663,42
DA:667,1
DA:668,0
DA:669,0
DA:670,0
DA:672,0
DA:673,0
DA:675,0
DA:676,0
DA:678,0
DA:679,0
DA:680,0
DA:681,0
DA:682,0
DA:684,0
DA:686,0
DA:687,0
DA:691,1
DA:692,0
DA:693,0
DA:694,0
DA:695,0
DA:697,0
DA:698,0
DA:700,0
DA:701,0
DA:702,0
DA:703,0
DA:705,0
DA:707,0
DA:708,0
DA:712,1
DA:713,1
DA:714,1
DA:715,1
DA:716,1
DA:717,1
DA:720,1
DA:722,0
DA:723,0
DA:724,0
DA:725,0
DA:727,0
DA:728,0
DA:729,0
DA:730,0
DA:732,0
DA:733,0
DA:734,0
DA:735,0
DA:737,0
DA:739,0
DA:740,0
DA:742,0
DA:743,0
DA:744,0
DA:745,0
DA:747,0
DA:749,0
DA:750,0
DA:754,0
DA:755,0
DA:756,0
DA:758,0
DA:759,0
DA:760,0
DA:762,0
DA:763,0
DA:764,0
DA:765,0
DA:767,0
DA:769,0
DA:771,0
DA:772,0
DA:773,0
DA:774,0
DA:776,0
DA:778,0
DA:782,1
DA:783,0
DA:784,0
DA:786,0
DA:788,0
DA:791,1
DA:792,0
DA:793,0
DA:795,0
DA:797,0
DA:801,1
DA:802,0
DA:803,0
DA:804,0
DA:806,0
DA:808,0
DA:811,1
DA:812,0
DA:813,0
DA:814,0
DA:816,0
DA:818,0
DA:823,1
DA:824,0
DA:825,0
DA:827,0
DA:828,0
DA:829,0
DA:832,0
DA:833,0
DA:835,0
DA:836,0
DA:839,0
DA:841,0
DA:843,0
DA:845,0
DA:848,0
DA:851,0
DA:852,0
DA:853,0
DA:855,0
DA:859,0
DA:860,0
DA:861,0
DA:863,0
DA:867,0
DA:868,0
DA:872,0
DA:873,0
DA:875,0
DA:880,1
DA:881,0
DA:882,0
DA:884,0
DA:885,0
DA:886,0
DA:888,0
DA:889,0
DA:894,1
DA:895,0
DA:896,0
DA:898,0
DA:899,0
DA:900,0
DA:902,0
DA:903,0
DA:908,1
DA:909,1
DA:910,0
DA:913,1
DA:914,0
DA:919,1
DA:920,0
DA:921,0
DA:923,0
DA:924,0
DA:925,0
DA:926,0
DA:927,0
DA:928,0
DA:933,1
DA:934,0
DA:935,0
DA:936,0
DA:937,0
DA:939,0
DA:940,0
DA:942,0
DA:945,1
DA:946,0
DA:947,0
DA:948,0
DA:956,0
DA:959,1
DA:960,0
DA:964,1
DA:965,0
DA:966,0
DA:967,0
DA:969,0
DA:970,0
DA:971,0
DA:972,0
DA:975,0
DA:976,0
DA:982,1
DA:983,0
DA:984,0
DA:985,0
DA:986,0
DA:987,0
DA:988,0
DA:990,0
DA:998,1
DA:999,0
DA:1000,0
DA:1001,0
DA:1004,0
DA:1005,0
DA:1007,0
DA:1009,0
DA:1010,0
DA:1012,0
DA:1013,0
DA:1016,0
DA:1017,0
DA:1019,0
DA:1023,0
DA:1024,0
DA:1025,0
DA:1026,0
DA:1027,0
DA:1030,0
DA:1039,0
DA:1040,0
DA:1043,0
DA:1044,0
DA:1047,0
DA:1048,0
DA:1053,1
DA:1054,615
DA:1056,615
DA:1057,1
DA:1059,615
DA:1062,615
DA:1063,0
DA:1064,0
DA:1069,1
DA:1072,1
DA:1073,0
LF:536
LH:241
BRDA:47,0,0,31
BRDA:47,0,1,0
BRDA:47,1,0,31
BRDA:47,1,1,31
BRDA:58,2,0,614
BRDA:58,2,1,0
BRDA:58,3,0,614
BRDA:58,3,1,614
BRDA:66,4,0,0
BRDA:66,4,1,0
BRDA:66,5,0,0
BRDA:66,5,1,0
BRDA:78,6,0,0
BRDA:78,6,1,31
BRDA:88,7,0,31
BRDA:88,7,1,31
BRDA:96,8,0,0
BRDA:96,8,1,0
BRDA:96,8,2,0
BRDA:160,9,0,0
BRDA:160,9,1,31
BRDA:163,10,0,2
BRDA:163,10,1,29
BRDA:163,11,0,1
BRDA:163,11,1,1
BRDA:166,12,0,27
BRDA:166,12,1,4
BRDA:167,13,0,27
BRDA:167,13,1,0
BRDA:173,14,0,0
BRDA:173,14,1,62
BRDA:177,15,0,0
BRDA:177,15,1,0
BRDA:177,16,0,0
BRDA:177,16,1,0
BRDA:179,17,0,0
BRDA:179,17,1,0
BRDA:181,18,0,62
BRDA:181,18,1,0
BRDA:182,19,0,62
BRDA:182,19,1,62
BRDA:185,20,0,62
BRDA:185,20,1,0
BRDA:186,21,0,62
BRDA:186,21,1,0
BRDA:187,22,0,62
BRDA:187,22,1,0
BRDA:197,23,0,31
BRDA:197,23,1,0
BRDA:203,24,0,1
BRDA:203,24,1,30
BRDA:203,25,0,31
BRDA:203,25,1,31
BRDA:208,26,0,5
BRDA:208,26,1,26
BRDA:208,27,0,31
BRDA:208,27,1,5
BRDA:209,28,0,0
BRDA:209,28,1,5
BRDA:224,29,0,0
BRDA:224,29,1,0
BRDA:235,30,0,0
BRDA:235,30,1,0
BRDA:237,31,0,0
BRDA:237,31,1,0
BRDA:239,32,0,0
BRDA:239,32,1,0
BRDA:262,33,0,1
BRDA:262,33,1,0
BRDA:263,34,0,0
BRDA:263,34,1,0
BRDA:265,35,0,0
BRDA:265,35,1,0
BRDA:267,36,0,0
BRDA:267,36,1,0
BRDA:268,37,0,0
BRDA:268,37,1,0
BRDA:269,38,0,0
BRDA:269,38,1,0
BRDA:270,39,0,0
BRDA:270,39,1,0
BRDA:271,40,0,0
BRDA:271,40,1,0
BRDA:272,41,0,0
BRDA:272,41,1,0
BRDA:282,42,0,5
BRDA:282,42,1,0
BRDA:282,43,0,5
BRDA:282,43,1,0
BRDA:297,44,0,1
BRDA:297,44,1,0
BRDA:297,45,0,1
BRDA:297,45,1,0
BRDA:349,46,0,0
BRDA:349,46,1,1
BRDA:349,47,0,1
BRDA:349,47,1,0
BRDA:349,47,2,0
BRDA:352,48,0,0
BRDA:352,48,1,0
BRDA:353,49,0,0
BRDA:353,49,1,0
BRDA:370,50,0,0
BRDA:370,50,1,1
BRDA:373,51,0,0
BRDA:373,51,1,0
BRDA:391,52,0,1
BRDA:391,52,1,0
BRDA:392,53,0,0
BRDA:392,53,1,1
BRDA:393,54,0,0
BRDA:393,54,1,1
BRDA:395,55,0,1
BRDA:395,55,1,0
BRDA:400,56,0,0
BRDA:400,56,1,1
BRDA:412,57,0,0
BRDA:412,57,1,1
BRDA:412,58,0,1
BRDA:412,58,1,1
BRDA:423,59,0,1
BRDA:423,59,1,0
BRDA:425,60,0,0
BRDA:425,60,1,1
BRDA:428,61,0,0
BRDA:428,61,1,1
BRDA:433,62,0,0
BRDA:433,62,1,3
BRDA:433,63,0,3
BRDA:433,63,1,0
BRDA:442,64,0,1
BRDA:442,64,1,0
BRDA:454,65,0,0
BRDA:454,65,1,1
BRDA:468,66,0,0
BRDA:468,66,1,0
BRDA:469,67,0,0
BRDA:469,67,1,0
BRDA:477,68,0,0
BRDA:477,68,1,0
BRDA:477,69,0,0
BRDA:477,69,1,0
BRDA:481,70,0,0
BRDA:481,70,1,0
BRDA:495,71,0,0
BRDA:495,71,1,1
BRDA:495,72,0,1
BRDA:495,72,1,0
BRDA:502,73,0,0
BRDA:502,73,1,1
BRDA:506,74,0,0
BRDA:506,74,1,1
BRDA:515,75,0,0
BRDA:515,75,1,1
BRDA:515,76,0,1
BRDA:515,76,1,1
BRDA:515,76,2,1
BRDA:522,77,0,1
BRDA:522,77,1,0
BRDA:523,78,0,0
BRDA:523,78,1,1
BRDA:527,79,0,0
BRDA:527,79,1,1
BRDA:531,80,0,0
BRDA:531,80,1,1
BRDA:559,81,0,1
BRDA:559,81,1,41
BRDA:559,82,0,42
BRDA:559,82,1,7
BRDA:563,83,0,0
BRDA:563,83,1,1
BRDA:564,84,0,0
BRDA:564,84,1,1
BRDA:565,85,0,10
BRDA:565,85,1,31
BRDA:569,86,0,10
BRDA:569,86,1,0
BRDA:570,87,0,10
BRDA:570,87,1,0
BRDA:577,88,0,1
BRDA:577,88,1,30
BRDA:586,89,0,0
BRDA:586,89,1,42
BRDA:586,90,0,42
BRDA:586,90,1,0
BRDA:586,90,2,0
BRDA:591,91,0,0
BRDA:591,91,1,0
BRDA:593,92,0,0
BRDA:593,92,1,0
BRDA:595,93,0,0
BRDA:595,93,1,0
BRDA:595,94,0,0
BRDA:595,94,1,0
BRDA:598,95,0,0
BRDA:598,95,1,42
BRDA:598,96,0,42
BRDA:598,96,1,0
BRDA:599,97,0,0
BRDA:599,97,1,0
BRDA:605,98,0,42
BRDA:605,98,1,0
BRDA:607,99,0,1
BRDA:607,99,1,41
BRDA:607,100,0,42
BRDA:607,100,1,42
BRDA:607,100,2,32
BRDA:607,100,3,31
BRDA:613,101,0,0
BRDA:613,101,1,42
BRDA:623,102,0,0
BRDA:623,102,1,42
BRDA:628,103,0,1
BRDA:628,103,1,5
BRDA:628,104,0,6
BRDA:628,104,1,2
BRDA:640,105,0,0
BRDA:640,105,1,0
BRDA:643,106,0,0
BRDA:643,106,1,0
BRDA:646,107,0,0
BRDA:646,107,1,0
BRDA:663,108,0,42
BRDA:663,108,1,42
BRDA:680,109,0,0
BRDA:680,109,1,0
BRDA:681,110,0,0
BRDA:681,110,1,0
BRDA:681,111,0,0
BRDA:681,111,1,0
BRDA:702,112,0,0
BRDA:702,112,1,0
BRDA:720,113,0,0
BRDA:720,113,1,1
BRDA:733,114,0,0
BRDA:733,114,1,0
BRDA:743,115,0,0
BRDA:743,115,1,0
BRDA:763,116,0,0
BRDA:763,116,1,0
BRDA:772,117,0,0
BRDA:772,117,1,0
BRDA:783,118,0,0
BRDA:783,118,1,0
BRDA:792,119,0,0
BRDA:792,119,1,0
BRDA:802,120,0,0
BRDA:802,120,1,0
BRDA:812,121,0,0
BRDA:812,121,1,0
BRDA:825,122,0,0
BRDA:825,122,1,0
BRDA:832,123,0,0
BRDA:832,123,1,0
BRDA:833,124,0,0
BRDA:833,124,1,0
BRDA:839,125,0,0
BRDA:839,125,1,0
BRDA:851,126,0,0
BRDA:851,126,1,0
BRDA:851,127,0,0
BRDA:851,127,1,0
BRDA:851,127,2,0
BRDA:867,128,0,0
BRDA:867,128,1,0
BRDA:872,129,0,0
BRDA:872,129,1,0
BRDA:884,130,0,0
BRDA:884,130,1,0
BRDA:898,131,0,0
BRDA:898,131,1,0
BRDA:908,132,0,1
BRDA:908,132,1,0
BRDA:921,133,0,0
BRDA:921,133,1,0
BRDA:923,134,0,0
BRDA:923,134,1,0
BRDA:925,135,0,0
BRDA:925,135,1,0
BRDA:927,136,0,0
BRDA:927,136,1,0
BRDA:935,137,0,0
BRDA:935,137,1,0
BRDA:939,138,0,0
BRDA:939,138,1,0
BRDA:940,139,0,0
BRDA:940,139,1,0
BRDA:964,140,0,0
BRDA:964,140,1,1
BRDA:967,141,0,0
BRDA:967,141,1,0
BRDA:967,142,0,0
BRDA:967,142,1,0
BRDA:971,143,0,0
BRDA:971,143,1,0
BRDA:971,144,0,0
BRDA:971,144,1,0
BRDA:986,145,0,0
BRDA:986,145,1,0
BRDA:1004,146,0,0
BRDA:1004,146,1,0
BRDA:1005,147,0,0
BRDA:1005,147,1,0
BRDA:1005,148,0,0
BRDA:1005,148,1,0
BRDA:1012,149,0,0
BRDA:1012,149,1,0
BRDA:1016,150,0,0
BRDA:1016,150,1,0
BRDA:1023,151,0,0
BRDA:1023,151,1,0
BRDA:1023,152,0,0
BRDA:1023,152,1,0
BRDA:1025,153,0,0
BRDA:1025,153,1,0
BRDA:1026,154,0,0
BRDA:1026,154,1,0
BRDA:1027,155,0,0
BRDA:1027,155,1,0
BRDA:1033,156,0,0
BRDA:1033,156,1,0
BRDA:1034,157,0,0
BRDA:1034,157,1,0
BRDA:1035,158,0,0
BRDA:1035,158,1,0
BRDA:1036,159,0,0
BRDA:1036,159,1,0
BRDA:1043,160,0,0
BRDA:1043,160,1,0
BRDA:1047,161,0,0
BRDA:1047,161,1,0
BRDA:1056,162,0,1
BRDA:1056,162,1,614
BRDA:1056,163,0,615
BRDA:1056,163,1,19
BRDA:1062,164,0,0
BRDA:1062,164,1,615
BRDA:1072,165,0,0
BRDA:1072,165,1,1
BRF:339
BRH:109
end_of_record
TN:
SF:src\modules\dropdown.js
FN:7,(anonymous_0)
FN:14,(anonymous_1)
FN:38,(anonymous_2)
FN:45,(anonymous_3)
FN:51,(anonymous_4)
FN:56,(anonymous_5)
FN:70,(anonymous_6)
FN:78,(anonymous_7)
FN:85,(anonymous_8)
FN:90,(anonymous_9)
FN:122,(anonymous_10)
FN:153,(anonymous_11)
FN:163,(anonymous_12)
FN:210,(anonymous_13)
FN:215,(anonymous_14)
FN:280,(anonymous_15)
FN:322,(anonymous_16)
FN:331,(anonymous_17)
FN:334,(anonymous_18)
FN:335,(anonymous_19)
FN:340,(anonymous_20)
FN:350,(anonymous_21)
FN:360,(anonymous_22)
FN:375,(anonymous_23)
FN:397,(anonymous_24)
FN:405,(anonymous_25)
FN:410,(anonymous_26)
FN:412,(anonymous_27)
FN:418,(anonymous_28)
FN:446,(anonymous_29)
FN:448,(anonymous_30)
FN:449,(anonymous_31)
FN:457,(anonymous_32)
FN:471,(anonymous_33)
FN:481,(anonymous_34)
FN:491,(anonymous_35)
FN:507,(anonymous_36)
FN:513,(anonymous_37)
FN:520,(anonymous_38)
FN:535,(anonymous_39)
FN:542,(anonymous_40)
FN:562,(anonymous_41)
FNF:42
FNH:15
FNDA:1,(anonymous_0)
FNDA:350,(anonymous_1)
FNDA:1,(anonymous_2)
FNDA:21,(anonymous_3)
FNDA:0,(anonymous_4)
FNDA:31,(anonymous_5)
FNDA:0,(anonymous_6)
FNDA:0,(anonymous_7)
FNDA:21,(anonymous_8)
FNDA:0,(anonymous_9)
FNDA:21,(anonymous_10)
FNDA:0,(anonymous_11)
FNDA:1,(anonymous_12)
FNDA:1,(anonymous_13)
FNDA:1,(anonymous_14)
FNDA:1,(anonymous_15)
FNDA:21,(anonymous_16)
FNDA:0,(anonymous_17)
FNDA:0,(anonymous_18)
FNDA:0,(anonymous_19)
FNDA:0,(anonymous_20)
FNDA:0,(anonymous_21)
FNDA:0,(anonymous_22)
FNDA:0,(anonymous_23)
FNDA:1,(anonymous_24)
FNDA:1,(anonymous_25)
FNDA:0,(anonymous_26)
FNDA:0,(anonymous_27)
FNDA:0,(anonymous_28)
FNDA:0,(anonymous_29)
FNDA:0,(anonymous_30)
FNDA:0,(anonymous_31)
FNDA:284,(anonymous_32)
FNDA:0,(anonymous_33)
FNDA:0,(anonymous_34)
FNDA:0,(anonymous_35)
FNDA:0,(anonymous_36)
FNDA:0,(anonymous_37)
FNDA:0,(anonymous_38)
FNDA:0,(anonymous_39)
FNDA:0,(anonymous_40)
FNDA:0,(anonymous_41)
DA:7,1
DA:10,1
DA:11,1
DA:14,350
DA:17,1
DA:20,1
DA:23,1
DA:24,1
DA:25,1
DA:26,1
DA:27,1
DA:28,1
DA:29,1
DA:30,1
DA:33,1
DA:39,1
DA:40,1
DA:41,1
DA:46,21
DA:47,21
DA:52,0
DA:57,31
DA:58,1
DA:59,1
DA:61,30
DA:62,283
DA:63,283
DA:71,0
DA:72,0
DA:74,0
DA:79,0
DA:80,0
DA:85,1
DA:86,21
DA:87,21
DA:89,21
DA:90,0
DA:91,0
DA:94,21
DA:95,21
DA:96,21
DA:98,21
DA:99,21
DA:103,1
DA:122,1
DA:123,21
DA:124,21
DA:125,21
DA:126,21
DA:128,21
DA:130,21
DA:133,21
DA:134,0
DA:135,0
DA:136,0
DA:137,0
DA:141,21
DA:144,21
DA:145,1
DA:149,21
DA:153,1
DA:154,0
DA:155,0
DA:157,0
DA:158,0
DA:159,0
DA:163,1
DA:164,1
DA:165,1
DA:166,1
DA:169,1
DA:170,0
DA:171,0
DA:175,1
DA:178,1
DA:179,1
DA:180,1
DA:181,1
DA:182,0
DA:186,1
DA:187,0
DA:188,1
DA:189,1
DA:191,0
DA:194,1
DA:195,1
DA:198,1
DA:201,1
DA:204,1
DA:205,0
DA:210,1
DA:211,1
DA:212,1
DA:213,1
DA:215,1
DA:217,1
DA:218,0
DA:219,0
DA:223,1
DA:226,1
DA:227,1
DA:228,1
DA:230,1
DA:231,0
DA:234,1
DA:237,1
DA:238,1
DA:240,1
DA:241,0
DA:244,1
DA:247,1
DA:250,1
DA:251,0
DA:254,1
DA:258,1
DA:259,0
DA:262,1
DA:266,1
DA:267,0
DA:268,0
DA:269,0
DA:272,1
DA:275,1
DA:276,1
DA:280,1
DA:281,1
DA:282,1
DA:283,1
DA:284,1
DA:286,1
DA:288,1
DA:289,1
DA:290,1
DA:291,1
DA:293,1
DA:294,1
DA:297,1
DA:298,0
DA:299,1
DA:300,0
DA:304,1
DA:305,1
DA:307,1
DA:308,0
DA:310,1
DA:313,1
DA:314,0
DA:317,1
DA:318,1
DA:322,1
DA:323,21
DA:324,21
DA:325,21
DA:326,21
DA:328,21
DA:330,21
DA:331,10
DA:332,0
DA:333,0
DA:335,0
DA:336,0
DA:339,11
DA:340,0
DA:341,0
DA:342,0
DA:343,0
DA:344,0
DA:348,11
DA:349,11
DA:350,11
DA:351,0
DA:352,0
DA:358,21
DA:359,1
DA:360,1
DA:362,0
DA:363,0
DA:364,0
DA:365,0
DA:366,0
DA:375,1
DA:376,0
DA:377,0
DA:379,0
DA:380,0
DA:381,0
DA:384,0
DA:385,0
DA:386,0
DA:388,0
DA:389,0
DA:391,0
DA:392,0
DA:397,1
DA:398,1
DA:399,1
DA:400,1
DA:402,1
DA:405,1
DA:406,1
DA:409,1
DA:410,0
DA:411,0
DA:413,0
DA:418,1
DA:419,0
DA:420,0
DA:422,0
DA:430,0
DA:431,0
DA:435,0
DA:436,0
DA:439,0
DA:444,1
DA:445,1
DA:446,1
DA:447,0
DA:449,0
DA:450,0
DA:457,1
DA:458,284
DA:459,284
DA:461,284
DA:462,1
DA:463,1
DA:471,1
DA:472,0
DA:473,0
DA:474,0
DA:475,0
DA:478,0
DA:479,0
DA:481,0
DA:483,0
DA:484,0
DA:486,0
DA:487,0
DA:488,0
DA:491,0
DA:492,0
DA:493,0
DA:494,0
DA:496,0
DA:499,0
DA:500,0
DA:503,0
DA:504,0
DA:506,0
DA:508,0
DA:509,0
DA:511,0
DA:514,0
DA:518,0
DA:519,0
DA:520,0
DA:521,0
DA:522,0
DA:523,0
DA:525,0
DA:526,0
DA:529,0
DA:531,0
DA:535,0
DA:536,0
DA:540,0
DA:541,0
DA:542,0
DA:543,0
DA:544,0
DA:546,0
DA:553,0
DA:554,0
DA:557,0
DA:562,0
DA:563,0
DA:569,1
DA:572,1
DA:573,0
LF:278
LH:150
BRDA:57,0,0,1
BRDA:57,0,1,30
BRDA:59,1,0,1
BRDA:59,1,1,0
BRDA:62,2,0,283
BRDA:62,2,1,0
BRDA:62,3,0,283
BRDA:62,3,1,283
BRDA:71,4,0,0
BRDA:71,4,1,0
BRDA:71,5,0,0
BRDA:71,5,1,0
BRDA:80,6,0,0
BRDA:80,6,1,0
BRDA:89,7,0,0
BRDA:89,7,1,21
BRDA:96,8,0,21
BRDA:96,8,1,19
BRDA:128,9,0,0
BRDA:128,9,1,21
BRDA:133,10,0,0
BRDA:133,10,1,21
BRDA:135,11,0,0
BRDA:135,11,1,0
BRDA:144,12,0,1
BRDA:144,12,1,20
BRDA:169,13,0,0
BRDA:169,13,1,1
BRDA:179,14,0,1
BRDA:179,14,1,1
BRDA:181,15,0,0
BRDA:181,15,1,1
BRDA:186,16,0,0
BRDA:186,16,1,1
BRDA:188,17,0,1
BRDA:188,17,1,0
BRDA:188,18,0,1
BRDA:188,18,1,1
BRDA:204,19,0,0
BRDA:204,19,1,1
BRDA:217,20,0,0
BRDA:217,20,1,1
BRDA:217,21,0,1
BRDA:217,21,1,1
BRDA:223,22,0,0
BRDA:223,22,1,1
BRDA:226,23,0,1
BRDA:226,23,1,1
BRDA:227,24,0,1
BRDA:227,24,1,0
BRDA:230,25,0,0
BRDA:230,25,1,1
BRDA:237,26,0,1
BRDA:237,26,1,0
BRDA:240,27,0,0
BRDA:240,27,1,1
BRDA:247,28,0,0
BRDA:247,28,1,1
BRDA:250,29,0,0
BRDA:250,29,1,1
BRDA:251,30,0,0
BRDA:251,30,1,0
BRDA:252,31,0,0
BRDA:252,31,1,0
BRDA:255,32,0,1
BRDA:255,32,1,0
BRDA:258,33,0,0
BRDA:258,33,1,1
BRDA:266,34,0,0
BRDA:266,34,1,1
BRDA:286,35,0,0
BRDA:286,35,1,1
BRDA:286,36,0,1
BRDA:286,36,1,1
BRDA:290,37,0,1
BRDA:290,37,1,1
BRDA:291,38,0,1
BRDA:291,38,1,1
BRDA:297,39,0,0
BRDA:297,39,1,1
BRDA:299,40,0,0
BRDA:299,40,1,1
BRDA:307,41,0,0
BRDA:307,41,1,1
BRDA:310,42,0,0
BRDA:310,42,1,1
BRDA:313,43,0,0
BRDA:313,43,1,1
BRDA:313,44,0,1
BRDA:313,44,1,0
BRDA:330,45,0,10
BRDA:330,45,1,11
BRDA:339,46,0,0
BRDA:339,46,1,11
BRDA:348,47,0,11
BRDA:348,47,1,0
BRDA:358,48,0,1
BRDA:358,48,1,20
BRDA:364,49,0,0
BRDA:364,49,1,0
BRDA:364,50,0,0
BRDA:364,50,1,0
BRDA:364,50,2,0
BRDA:365,51,0,0
BRDA:365,51,1,0
BRDA:365,52,0,0
BRDA:365,52,1,0
BRDA:377,53,0,0
BRDA:377,53,1,0
BRDA:377,54,0,0
BRDA:377,54,1,0
BRDA:388,55,0,0
BRDA:388,55,1,0
BRDA:391,56,0,0
BRDA:391,56,1,0
BRDA:402,57,0,0
BRDA:402,57,1,1
BRDA:409,58,0,0
BRDA:409,58,1,1
BRDA:419,59,0,0
BRDA:419,59,1,0
BRDA:420,60,0,0
BRDA:420,60,1,0
BRDA:430,61,0,0
BRDA:430,61,1,0
BRDA:431,62,0,0
BRDA:431,62,1,0
BRDA:435,63,0,0
BRDA:435,63,1,0
BRDA:435,64,0,0
BRDA:435,64,1,0
BRDA:444,65,0,1
BRDA:444,65,1,0
BRDA:461,66,0,1
BRDA:461,66,1,283
BRDA:473,67,0,0
BRDA:473,67,1,0
BRDA:478,68,0,0
BRDA:478,68,1,0
BRDA:483,69,0,0
BRDA:483,69,1,0
BRDA:483,70,0,0
BRDA:483,70,1,0
BRDA:486,71,0,0
BRDA:486,71,1,0
BRDA:488,72,0,0
BRDA:488,72,1,0
BRDA:496,73,0,0
BRDA:496,73,1,0
BRDA:499,74,0,0
BRDA:499,74,1,0
BRDA:499,75,0,0
BRDA:499,75,1,0
BRDA:503,76,0,0
BRDA:503,76,1,0
BRDA:504,77,0,0
BRDA:504,77,1,0
BRDA:508,78,0,0
BRDA:508,78,1,0
BRDA:525,79,0,0
BRDA:525,79,1,0
BRDA:553,80,0,0
BRDA:553,80,1,0
BRDA:553,81,0,0
BRDA:553,81,1,0
BRDA:572,82,0,0
BRDA:572,82,1,1
BRF:167
BRH:62
end_of_record
TN:
SF:src\modules\editor.js
FN:6,(anonymous_0)
FN:13,(anonymous_1)
FN:28,(anonymous_2)
FN:35,(anonymous_3)
FN:41,(anonymous_4)
FN:46,(anonymous_5)
FN:77,(anonymous_6)
FN:82,(anonymous_7)
FN:96,(anonymous_8)
FN:99,(anonymous_9)
FN:100,(anonymous_10)
FN:101,(anonymous_11)
FN:102,(anonymous_12)
FN:103,(anonymous_13)
FN:118,(anonymous_14)
FN:137,(anonymous_15)
FN:183,(anonymous_16)
FN:189,(anonymous_17)
FN:190,(anonymous_18)
FN:198,(anonymous_19)
FN:203,(anonymous_20)
FN:205,(anonymous_21)
FN:212,(anonymous_22)
FN:245,(anonymous_23)
FN:263,(anonymous_24)
FN:279,(anonymous_25)
FN:291,(anonymous_26)
FN:297,(anonymous_27)
FN:304,(anonymous_28)
FN:310,(anonymous_29)
FNF:30
FNH:10
FNDA:1,(anonymous_0)
FNDA:30,(anonymous_1)
FNDA:0,(anonymous_2)
FNDA:10,(anonymous_3)
FNDA:0,(anonymous_4)
FNDA:1,(anonymous_5)
FNDA:10,(anonymous_6)
FNDA:0,(anonymous_7)
FNDA:10,(anonymous_8)
FNDA:0,(anonymous_9)
FNDA:0,(anonymous_10)
FNDA:0,(anonymous_11)
FNDA:0,(anonymous_12)
FNDA:0,(anonymous_13)
FNDA:10,(anonymous_14)
FNDA:158,(anonymous_15)
FNDA:10,(anonymous_16)
FNDA:117,(anonymous_17)
FNDA:0,(anonymous_18)
FNDA:0,(anonymous_19)
FNDA:0,(anonymous_20)
FNDA:0,(anonymous_21)
FNDA:0,(anonymous_22)
FNDA:0,(anonymous_23)
FNDA:0,(anonymous_24)
FNDA:0,(anonymous_25)
FNDA:0,(anonymous_26)
FNDA:0,(anonymous_27)
FNDA:0,(anonymous_28)
FNDA:0,(anonymous_29)
DA:6,1
DA:9,1
DA:10,1
DA:13,30
DA:16,1
DA:19,1
DA:22,1
DA:29,0
DA:30,0
DA:31,0
DA:36,10
DA:37,10
DA:42,0
DA:47,1
DA:48,0
DA:50,1
DA:55,1
DA:77,1
DA:78,10
DA:79,10
DA:81,10
DA:82,0
DA:83,0
DA:86,10
DA:87,10
DA:88,10
DA:89,10
DA:91,10
DA:92,10
DA:96,1
DA:97,10
DA:98,10
DA:99,0
DA:100,0
DA:101,0
DA:102,0
DA:103,0
DA:109,1
DA:118,1
DA:119,10
DA:120,10
DA:121,10
DA:123,10
DA:124,10
DA:127,10
DA:130,10
DA:131,10
DA:132,10
DA:135,10
DA:136,10
DA:137,10
DA:138,158
DA:139,158
DA:141,157
DA:142,40
DA:143,40
DA:144,40
DA:146,117
DA:147,117
DA:148,117
DA:149,117
DA:150,117
DA:151,117
DA:152,117
DA:155,10
DA:158,10
DA:159,10
DA:160,10
DA:161,10
DA:162,10
DA:165,10
DA:166,10
DA:167,0
DA:170,10
DA:171,10
DA:172,10
DA:173,10
DA:176,10
DA:179,10
DA:183,1
DA:184,10
DA:185,10
DA:186,10
DA:189,10
DA:190,117
DA:191,0
DA:192,0
DA:193,0
DA:198,10
DA:199,0
DA:203,10
DA:204,0
DA:206,0
DA:207,0
DA:212,1
DA:213,0
DA:214,0
DA:216,0
DA:218,0
DA:220,0
DA:221,0
DA:222,0
DA:225,0
DA:226,0
DA:227,0
DA:230,0
DA:231,0
DA:234,0
DA:235,0
DA:238,0
DA:241,0
DA:245,1
DA:246,0
DA:247,0
DA:249,0
DA:251,0
DA:252,0
DA:253,0
DA:256,0
DA:257,0
DA:258,0
DA:263,1
DA:264,0
DA:265,0
DA:267,0
DA:268,0
DA:269,0
DA:270,0
DA:272,0
DA:273,0
DA:274,0
DA:279,1
DA:280,0
DA:281,0
DA:283,0
DA:284,0
DA:286,0
DA:291,1
DA:292,0
DA:293,0
DA:297,1
DA:298,0
DA:299,0
DA:300,0
DA:304,1
DA:305,0
DA:306,0
DA:310,1
DA:311,0
DA:312,0
DA:314,0
DA:315,0
DA:316,0
DA:317,0
DA:321,1
DA:324,1
DA:325,0
LF:157
LH:84
BRDA:47,0,0,0
BRDA:47,0,1,1
BRDA:47,1,0,1
BRDA:47,1,1,0
BRDA:81,2,0,0
BRDA:81,2,1,10
BRDA:88,3,0,10
BRDA:88,3,1,9
BRDA:124,4,0,0
BRDA:124,4,1,10
BRDA:139,5,0,1
BRDA:139,5,1,157
BRDA:141,6,0,40
BRDA:141,6,1,117
BRDA:165,7,0,10
BRDA:165,7,1,10
BRDA:166,8,0,0
BRDA:166,8,1,10
BRDA:218,9,0,0
BRDA:218,9,1,0
BRDA:218,9,2,0
BRDA:218,9,3,0
BRDA:218,9,4,0
BRDA:221,10,0,0
BRDA:221,10,1,0
BRDA:226,11,0,0
BRDA:226,11,1,0
BRDA:249,12,0,0
BRDA:249,12,1,0
BRDA:267,13,0,0
BRDA:267,13,1,0
BRDA:281,14,0,0
BRDA:281,14,1,0
BRDA:283,15,0,0
BRDA:283,15,1,0
BRDA:293,16,0,0
BRDA:293,16,1,0
BRDA:306,17,0,0
BRDA:306,17,1,0
BRDA:324,18,0,0
BRDA:324,18,1,1
BRF:41
BRH:14
end_of_record
TN:
SF:src\modules\element.js
FN:7,(anonymous_0)
FN:14,(anonymous_1)
FN:22,(anonymous_2)
FN:27,(anonymous_3)
FN:34,(anonymous_4)
FN:42,(anonymous_5)
FN:64,(anonymous_6)
FN:92,(anonymous_7)
FN:105,(anonymous_8)
FN:107,(anonymous_9)
FN:121,(anonymous_10)
FN:134,(anonymous_11)
FN:140,(anonymous_12)
FN:158,(anonymous_13)
FN:162,(anonymous_14)
FN:167,(anonymous_15)
FN:175,(anonymous_16)
FN:181,(anonymous_17)
FN:215,(anonymous_18)
FN:231,(anonymous_19)
FN:242,(anonymous_20)
FN:245,(anonymous_21)
FN:258,(anonymous_22)
FN:265,(anonymous_23)
FN:271,(anonymous_24)
FN:282,(anonymous_25)
FN:289,(anonymous_26)
FN:301,(anonymous_27)
FN:303,(anonymous_28)
FN:308,(anonymous_29)
FN:318,(anonymous_30)
FN:330,(anonymous_31)
FN:332,(anonymous_32)
FN:337,(anonymous_33)
FN:348,(anonymous_34)
FN:365,(anonymous_35)
FN:368,(anonymous_36)
FN:385,(anonymous_37)
FN:397,(anonymous_38)
FN:404,(anonymous_39)
FN:432,(anonymous_40)
FN:442,(anonymous_41)
FN:445,(anonymous_42)
FN:451,(anonymous_43)
FNF:44
FNH:22
FNDA:1,(anonymous_0)
FNDA:98,(anonymous_1)
FNDA:1,(anonymous_2)
FNDA:1,(anonymous_3)
FNDA:3,(anonymous_4)
FNDA:1,(anonymous_5)
FNDA:1,(anonymous_6)
FNDA:1,(anonymous_7)
FNDA:0,(anonymous_8)
FNDA:0,(anonymous_9)
FNDA:3,(anonymous_10)
FNDA:6,(anonymous_11)
FNDA:0,(anonymous_12)
FNDA:6,(anonymous_13)
FNDA:4,(anonymous_14)
FNDA:12,(anonymous_15)
FNDA:0,(anonymous_16)
FNDA:0,(anonymous_17)
FNDA:4,(anonymous_18)
FNDA:0,(anonymous_19)
FNDA:6,(anonymous_20)
FNDA:5,(anonymous_21)
FNDA:0,(anonymous_22)
FNDA:0,(anonymous_23)
FNDA:9,(anonymous_24)
FNDA:0,(anonymous_25)
FNDA:0,(anonymous_26)
FNDA:0,(anonymous_27)
FNDA:0,(anonymous_28)
FNDA:0,(anonymous_29)
FNDA:2,(anonymous_30)
FNDA:0,(anonymous_31)
FNDA:0,(anonymous_32)
FNDA:0,(anonymous_33)
FNDA:0,(anonymous_34)
FNDA:6,(anonymous_35)
FNDA:0,(anonymous_36)
FNDA:0,(anonymous_37)
FNDA:6,(anonymous_38)
FNDA:0,(anonymous_39)
FNDA:6,(anonymous_40)
FNDA:1,(anonymous_41)
FNDA:0,(anonymous_42)
FNDA:0,(anonymous_43)
DA:7,1
DA:10,1
DA:11,1
DA:14,98
DA:17,1
DA:18,1
DA:19,1
DA:22,1
DA:23,1
DA:27,1
DA:28,1
DA:29,1
DA:30,1
DA:34,1
DA:35,3
DA:36,0
DA:38,3
DA:42,1
DA:43,1
DA:44,1
DA:45,1
DA:48,1
DA:49,1
DA:50,3
DA:51,1
DA:54,1
DA:55,1
DA:58,1
DA:60,1
DA:64,1
DA:65,1
DA:66,1
DA:67,1
DA:68,1
DA:71,1
DA:73,1
DA:76,1
DA:77,0
DA:78,0
DA:79,0
DA:80,0
DA:81,0
DA:85,1
DA:86,1
DA:88,1
DA:92,1
DA:93,1
DA:94,1
DA:95,1
DA:97,1
DA:98,1
DA:101,1
DA:105,1
DA:106,0
DA:107,0
DA:108,0
DA:111,0
DA:114,0
DA:115,0
DA:116,0
DA:121,1
DA:122,3
DA:123,3
DA:124,3
DA:126,3
DA:127,3
DA:128,3
DA:130,3
DA:134,1
DA:135,6
DA:136,6
DA:139,6
DA:140,0
DA:141,0
DA:145,6
DA:148,6
DA:151,6
DA:154,6
DA:158,1
DA:159,6
DA:160,6
DA:162,6
DA:163,4
DA:164,4
DA:165,4
DA:167,4
DA:169,12
DA:170,0
DA:171,0
DA:172,0
DA:173,0
DA:175,0
DA:176,0
DA:177,0
DA:181,12
DA:182,0
DA:185,0
DA:188,0
DA:189,0
DA:192,0
DA:193,0
DA:194,0
DA:204,4
DA:207,4
DA:208,0
DA:209,0
DA:215,1
DA:216,4
DA:217,4
DA:218,4
DA:220,4
DA:223,4
DA:224,0
DA:225,0
DA:226,0
DA:227,0
DA:228,0
DA:229,0
DA:231,0
DA:232,0
DA:236,4
DA:237,4
DA:242,1
DA:243,6
DA:245,6
DA:246,5
DA:247,5
DA:248,5
DA:251,5
DA:252,5
DA:253,5
DA:254,5
DA:258,5
DA:259,0
DA:260,0
DA:262,0
DA:265,5
DA:266,0
DA:267,0
DA:271,5
DA:272,9
DA:273,9
DA:276,9
DA:277,1
DA:281,9
DA:282,8
DA:283,0
DA:284,0
DA:285,0
DA:286,0
DA:287,0
DA:290,0
DA:291,0
DA:292,0
DA:297,9
DA:299,1
DA:301,0
DA:302,0
DA:304,0
DA:308,1
DA:309,0
DA:310,0
DA:311,0
DA:312,0
DA:318,1
DA:319,2
DA:320,2
DA:323,2
DA:324,0
DA:327,2
DA:328,0
DA:330,0
DA:331,0
DA:333,0
DA:337,0
DA:338,0
DA:339,0
DA:340,0
DA:341,0
DA:348,8
DA:349,0
DA:350,0
DA:353,0
DA:354,0
DA:365,1
DA:366,6
DA:368,6
DA:370,0
DA:371,0
DA:372,0
DA:374,0
DA:376,0
DA:377,0
DA:379,0
DA:380,0
DA:381,0
DA:385,0
DA:386,0
DA:387,0
DA:388,0
DA:389,0
DA:392,0
DA:397,1
DA:398,6
DA:401,6
DA:402,1
DA:404,1
DA:405,0
DA:406,0
DA:407,0
DA:409,0
DA:411,0
DA:414,0
DA:415,0
DA:418,0
DA:421,0
DA:422,0
DA:432,1
DA:433,6
DA:434,6
DA:435,6
DA:439,1
DA:442,1
DA:443,1
DA:444,1
DA:445,1
DA:446,0
DA:450,0
DA:451,0
DA:452,0
DA:455,0
DA:459,1
DA:462,1
DA:465,1
DA:466,0
LF:235
LH:131
BRDA:35,0,0,0
BRDA:35,0,1,3
BRDA:35,1,0,3
BRDA:35,1,1,0
BRDA:50,2,0,2
BRDA:50,2,1,1
BRDA:54,3,0,1
BRDA:54,3,1,0
BRDA:58,4,0,1
BRDA:58,4,1,0
BRDA:71,5,0,0
BRDA:71,5,1,1
BRDA:71,6,0,1
BRDA:71,6,1,1
BRDA:76,7,0,0
BRDA:76,7,1,1
BRDA:77,8,0,0
BRDA:77,8,1,0
BRDA:78,9,0,0
BRDA:78,9,1,0
BRDA:97,10,0,1
BRDA:97,10,1,0
BRDA:106,11,0,0
BRDA:106,11,1,0
BRDA:139,12,0,0
BRDA:139,12,1,6
BRDA:160,13,0,0
BRDA:160,13,1,6
BRDA:169,14,0,0
BRDA:169,14,1,12
BRDA:169,15,0,12
BRDA:169,15,1,0
BRDA:182,16,0,0
BRDA:182,16,1,0
BRDA:192,17,0,0
BRDA:192,17,1,0
BRDA:193,18,0,0
BRDA:193,18,1,0
BRDA:193,19,0,0
BRDA:193,19,1,0
BRDA:194,20,0,0
BRDA:194,20,1,0
BRDA:207,21,0,0
BRDA:207,21,1,4
BRDA:216,22,0,0
BRDA:216,22,1,4
BRDA:218,23,0,0
BRDA:218,23,1,4
BRDA:223,24,0,0
BRDA:223,24,1,4
BRDA:224,25,0,0
BRDA:224,25,1,0
BRDA:237,26,0,0
BRDA:237,26,1,4
BRDA:243,27,0,0
BRDA:243,27,1,6
BRDA:248,28,0,5
BRDA:248,28,1,5
BRDA:251,29,0,5
BRDA:251,29,1,0
BRDA:259,30,0,0
BRDA:259,30,1,0
BRDA:276,31,0,1
BRDA:276,31,1,8
BRDA:276,32,0,9
BRDA:276,32,1,1
BRDA:281,33,0,8
BRDA:281,33,1,1
BRDA:284,34,0,0
BRDA:284,34,1,0
BRDA:284,35,0,0
BRDA:284,35,1,0
BRDA:291,36,0,0
BRDA:291,36,1,0
BRDA:297,37,0,1
BRDA:297,37,1,8
BRDA:299,38,0,0
BRDA:299,38,1,1
BRDA:299,39,0,1
BRDA:299,39,1,0
BRDA:309,40,0,0
BRDA:309,40,1,0
BRDA:323,41,0,0
BRDA:323,41,1,2
BRDA:323,42,0,2
BRDA:323,42,1,0
BRDA:327,43,0,0
BRDA:327,43,1,2
BRDA:328,44,0,0
BRDA:328,44,1,0
BRDA:353,45,0,0
BRDA:353,45,1,0
BRDA:353,46,0,0
BRDA:353,46,1,0
BRDA:354,47,0,0
BRDA:354,47,1,0
BRDA:366,48,0,0
BRDA:366,48,1,6
BRDA:370,49,0,0
BRDA:370,49,1,0
BRDA:376,50,0,0
BRDA:376,50,1,0
BRDA:379,51,0,0
BRDA:379,51,1,0
BRDA:379,52,0,0
BRDA:379,52,1,0
BRDA:401,53,0,1
BRDA:401,53,1,5
BRDA:409,54,0,0
BRDA:409,54,1,0
BRDA:409,55,0,0
BRDA:409,55,1,0
BRDA:414,56,0,0
BRDA:414,56,1,0
BRDA:421,57,0,0
BRDA:421,57,1,0
BRDA:421,58,0,0
BRDA:421,58,1,0
BRDA:422,59,0,0
BRDA:422,59,1,0
BRDA:444,60,0,1
BRDA:444,60,1,0
BRDA:450,61,0,0
BRDA:450,61,1,0
BRDA:465,62,0,0
BRDA:465,62,1,1
BRF:126
BRH:42
end_of_record
TN:
SF:src\modules\flow.js
FN:6,(anonymous_0)
FN:13,(anonymous_1)
FN:27,(anonymous_2)
FN:34,(anonymous_3)
FN:40,(anonymous_4)
FN:45,(anonymous_5)
FN:50,(anonymous_6)
FN:59,(anonymous_7)
FN:64,(anonymous_8)
FN:82,(anonymous_9)
FN:85,(anonymous_10)
FN:86,(anonymous_11)
FN:104,(anonymous_12)
FN:151,(anonymous_13)
FN:155,(anonymous_14)
FN:182,(anonymous_15)
FN:194,(anonymous_16)
FN:205,(anonymous_17)
FN:229,(anonymous_18)
FN:244,(anonymous_19)
FN:248,(anonymous_20)
FN:258,(anonymous_21)
FN:263,(anonymous_22)
FNF:23
FNH:10
FNDA:1,(anonymous_0)
FNDA:12,(anonymous_1)
FNDA:0,(anonymous_2)
FNDA:6,(anonymous_3)
FNDA:6,(anonymous_4)
FNDA:0,(anonymous_5)
FNDA:0,(anonymous_6)
FNDA:6,(anonymous_7)
FNDA:0,(anonymous_8)
FNDA:6,(anonymous_9)
FNDA:0,(anonymous_10)
FNDA:0,(anonymous_11)
FNDA:6,(anonymous_12)
FNDA:5,(anonymous_13)
FNDA:0,(anonymous_14)
FNDA:0,(anonymous_15)
FNDA:6,(anonymous_16)
FNDA:6,(anonymous_17)
FNDA:0,(anonymous_18)
FNDA:0,(anonymous_19)
FNDA:0,(anonymous_20)
FNDA:0,(anonymous_21)
FNDA:0,(anonymous_22)
DA:6,1
DA:9,1
DA:10,1
DA:13,12
DA:16,1
DA:19,1
DA:22,1
DA:28,0
DA:29,0
DA:30,0
DA:35,6
DA:36,6
DA:41,6
DA:46,0
DA:51,0
DA:52,0
DA:54,0
DA:59,1
DA:60,6
DA:61,6
DA:63,6
DA:64,0
DA:65,0
DA:68,6
DA:69,6
DA:70,6
DA:71,6
DA:73,6
DA:74,6
DA:75,6
DA:76,6
DA:78,6
DA:82,1
DA:83,6
DA:84,6
DA:85,0
DA:86,0
DA:92,1
DA:104,1
DA:105,6
DA:106,6
DA:107,6
DA:109,6
DA:110,6
DA:113,6
DA:114,2
DA:115,2
DA:117,4
DA:122,6
DA:123,6
DA:126,6
DA:127,6
DA:128,6
DA:129,6
DA:130,6
DA:133,6
DA:134,6
DA:135,6
DA:136,6
DA:137,6
DA:139,6
DA:142,6
DA:143,5
DA:147,6
DA:151,1
DA:152,5
DA:153,5
DA:155,5
DA:156,0
DA:160,0
DA:161,0
DA:162,0
DA:163,0
DA:165,0
DA:166,0
DA:167,0
DA:171,0
DA:172,0
DA:173,0
DA:178,5
DA:179,5
DA:182,5
DA:183,0
DA:184,0
DA:185,0
DA:186,0
DA:187,0
DA:194,1
DA:195,6
DA:196,6
DA:198,6
DA:200,6
DA:201,6
DA:204,6
DA:205,6
DA:206,6
DA:207,6
DA:209,6
DA:211,1
DA:212,1
DA:213,1
DA:214,1
DA:216,1
DA:219,1
DA:220,0
DA:224,6
DA:225,1
DA:226,1
DA:229,5
DA:230,0
DA:231,0
DA:232,0
DA:233,0
DA:234,0
DA:244,1
DA:245,0
DA:246,0
DA:248,0
DA:249,0
DA:250,0
DA:251,0
DA:252,0
DA:258,1
DA:259,0
DA:262,0
DA:263,0
DA:265,0
DA:266,0
DA:267,0
DA:268,0
DA:270,0
DA:274,1
DA:277,1
DA:278,0
LF:134
LH:85
BRDA:51,0,0,0
BRDA:51,0,1,0
BRDA:51,1,0,0
BRDA:51,1,1,0
BRDA:63,2,0,0
BRDA:63,2,1,6
BRDA:70,3,0,6
BRDA:70,3,1,6
BRDA:110,4,0,0
BRDA:110,4,1,6
BRDA:113,5,0,2
BRDA:113,5,1,4
BRDA:115,6,0,2
BRDA:115,6,1,0
BRDA:122,7,0,2
BRDA:122,7,1,4
BRDA:123,8,0,0
BRDA:123,8,1,6
BRDA:142,9,0,5
BRDA:142,9,1,1
BRDA:156,10,0,0
BRDA:156,10,1,0
BRDA:156,11,0,0
BRDA:156,11,1,0
BRDA:160,12,0,0
BRDA:160,12,1,0
BRDA:161,13,0,0
BRDA:161,13,1,0
BRDA:172,14,0,0
BRDA:172,14,1,0
BRDA:183,15,0,0
BRDA:183,15,1,0
BRDA:183,16,0,0
BRDA:183,16,1,0
BRDA:186,17,0,0
BRDA:186,17,1,0
BRDA:198,18,0,0
BRDA:198,18,1,6
BRDA:198,19,0,6
BRDA:198,19,1,6
BRDA:204,20,0,6
BRDA:204,20,1,0
BRDA:209,21,0,1
BRDA:209,21,1,5
BRDA:219,22,0,0
BRDA:219,22,1,1
BRDA:224,23,0,1
BRDA:224,23,1,5
BRDA:230,24,0,0
BRDA:230,24,1,0
BRDA:230,25,0,0
BRDA:230,25,1,0
BRDA:233,26,0,0
BRDA:233,26,1,0
BRDA:250,27,0,0
BRDA:250,27,1,0
BRDA:277,28,0,0
BRDA:277,28,1,1
BRF:58
BRH:22
end_of_record
TN:
SF:src\modules\form.js
FN:7,(anonymous_0)
FN:14,(anonymous_1)
FN:24,(anonymous_2)
FN:43,(anonymous_3)
FN:60,(anonymous_4)
FN:67,(anonymous_5)
FN:74,(anonymous_6)
FN:82,(anonymous_7)
FN:99,(anonymous_8)
FN:115,(anonymous_9)
FN:121,(anonymous_10)
FN:135,(anonymous_11)
FN:141,(anonymous_12)
FN:164,(anonymous_13)
FN:165,(anonymous_14)
FN:190,(anonymous_15)
FN:210,(anonymous_16)
FN:211,(anonymous_17)
FN:257,(anonymous_18)
FN:280,(anonymous_19)
FN:281,(anonymous_20)
FN:315,(anonymous_21)
FN:323,(anonymous_22)
FN:345,(anonymous_23)
FN:346,(anonymous_24)
FN:353,(anonymous_25)
FN:365,(anonymous_26)
FN:366,(anonymous_27)
FN:380,(anonymous_28)
FN:393,(anonymous_29)
FN:394,(anonymous_30)
FN:408,(anonymous_31)
FN:413,(anonymous_32)
FN:423,(anonymous_33)
FN:424,(anonymous_34)
FN:430,(anonymous_35)
FN:433,(anonymous_36)
FN:442,triggerEvent
FN:455,(anonymous_38)
FN:464,(anonymous_39)
FN:475,(anonymous_40)
FN:491,(anonymous_41)
FN:500,(anonymous_42)
FN:521,(anonymous_43)
FN:526,(anonymous_44)
FN:527,(anonymous_45)
FN:536,(anonymous_46)
FN:579,(anonymous_47)
FN:585,(anonymous_48)
FN:598,(anonymous_49)
FN:602,(anonymous_50)
FN:610,(anonymous_51)
FN:613,(anonymous_52)
FN:621,(anonymous_53)
FN:661,(anonymous_54)
FN:664,(anonymous_55)
FN:670,(anonymous_56)
FN:682,bindFormSubmit
FN:684,(anonymous_58)
FNF:59
FNH:24
FNDA:1,(anonymous_0)
FNDA:26,(anonymous_1)
FNDA:1,(anonymous_2)
FNDA:0,(anonymous_3)
FNDA:1,(anonymous_4)
FNDA:2,(anonymous_5)
FNDA:4,(anonymous_6)
FNDA:10,(anonymous_7)
FNDA:2,(anonymous_8)
FNDA:10,(anonymous_9)
FNDA:36,(anonymous_10)
FNDA:11,(anonymous_11)
FNDA:0,(anonymous_12)
FNDA:9,(anonymous_13)
FNDA:1,(anonymous_14)
FNDA:0,(anonymous_15)
FNDA:9,(anonymous_16)
FNDA:7,(anonymous_17)
FNDA:0,(anonymous_18)
FNDA:9,(anonymous_19)
FNDA:10,(anonymous_20)
FNDA:0,(anonymous_21)
FNDA:0,(anonymous_22)
FNDA:11,(anonymous_23)
FNDA:5,(anonymous_24)
FNDA:0,(anonymous_25)
FNDA:9,(anonymous_26)
FNDA:0,(anonymous_27)
FNDA:0,(anonymous_28)
FNDA:9,(anonymous_29)
FNDA:0,(anonymous_30)
FNDA:0,(anonymous_31)
FNDA:0,(anonymous_32)
FNDA:9,(anonymous_33)
FNDA:0,(anonymous_34)
FNDA:0,(anonymous_35)
FNDA:0,(anonymous_36)
FNDA:0,triggerEvent
FNDA:63,(anonymous_38)
FNDA:0,(anonymous_39)
FNDA:0,(anonymous_40)
FNDA:0,(anonymous_41)
FNDA:0,(anonymous_42)
FNDA:0,(anonymous_43)
FNDA:0,(anonymous_44)
FNDA:0,(anonymous_45)
FNDA:0,(anonymous_46)
FNDA:0,(anonymous_47)
FNDA:0,(anonymous_48)
FNDA:0,(anonymous_49)
FNDA:0,(anonymous_50)
FNDA:0,(anonymous_51)
FNDA:0,(anonymous_52)
FNDA:0,(anonymous_53)
FNDA:1,(anonymous_54)
FNDA:0,(anonymous_55)
FNDA:0,(anonymous_56)
FNDA:0,bindFormSubmit
FNDA:0,(anonymous_58)
DA:7,1
DA:10,1
DA:11,1
DA:14,26
DA:17,1
DA:18,1
DA:19,1
DA:20,1
DA:21,1
DA:24,1
DA:25,1
DA:44,0
DA:60,1
DA:61,1
DA:62,1
DA:63,1
DA:67,1
DA:68,2
DA:69,2
DA:70,2
DA:74,1
DA:75,4
DA:76,0
DA:78,4
DA:82,1
DA:83,10
DA:84,10
DA:86,10
DA:89,9
DA:90,4
DA:91,5
DA:92,5
DA:94,5
DA:96,5
DA:97,1
DA:98,4
DA:99,1
DA:100,2
DA:101,1
DA:105,3
DA:108,4
DA:111,9
DA:115,1
DA:116,10
DA:118,10
DA:119,10
DA:121,10
DA:122,36
DA:125,36
DA:127,30
DA:130,10
DA:135,1
DA:136,11
DA:137,11
DA:140,11
DA:141,0
DA:142,0
DA:146,11
DA:148,0
DA:149,11
DA:151,5
DA:154,6
DA:158,11
DA:159,0
DA:162,11
DA:165,9
DA:166,1
DA:167,1
DA:169,1
DA:170,1
DA:171,1
DA:174,1
DA:175,1
DA:176,0
DA:180,1
DA:182,1
DA:183,1
DA:186,1
DA:188,1
DA:190,1
DA:191,0
DA:192,0
DA:193,0
DA:195,0
DA:196,0
DA:197,0
DA:200,0
DA:211,9
DA:213,7
DA:214,6
DA:215,6
DA:217,6
DA:218,6
DA:219,0
DA:222,6
DA:224,6
DA:225,6
DA:226,6
DA:229,6
DA:230,6
DA:231,6
DA:232,6
DA:233,6
DA:237,6
DA:238,6
DA:243,6
DA:245,0
DA:249,6
DA:254,6
DA:257,6
DA:258,0
DA:260,0
DA:261,0
DA:263,0
DA:264,0
DA:265,0
DA:267,0
DA:270,0
DA:281,9
DA:282,10
DA:283,10
DA:285,10
DA:286,10
DA:287,0
DA:290,10
DA:292,10
DA:295,10
DA:296,10
DA:297,10
DA:298,10
DA:299,10
DA:303,10
DA:304,10
DA:308,10
DA:312,10
DA:315,10
DA:316,0
DA:319,0
DA:320,0
DA:321,0
DA:323,0
DA:324,0
DA:325,0
DA:326,0
DA:327,0
DA:328,0
DA:332,0
DA:333,0
DA:334,0
DA:336,0
DA:346,11
DA:347,5
DA:348,5
DA:350,5
DA:351,5
DA:353,5
DA:354,0
DA:355,0
DA:366,9
DA:367,0
DA:368,0
DA:370,0
DA:371,0
DA:372,0
DA:373,0
DA:375,0
DA:376,0
DA:377,0
DA:378,0
DA:380,0
DA:381,0
DA:382,0
DA:383,0
DA:385,0
DA:386,0
DA:394,9
DA:395,0
DA:396,0
DA:398,0
DA:400,0
DA:402,0
DA:403,0
DA:404,0
DA:405,0
DA:406,0
DA:408,0
DA:409,0
DA:413,0
DA:414,0
DA:424,9
DA:425,0
DA:426,0
DA:428,0
DA:429,0
DA:430,0
DA:431,0
DA:433,0
DA:434,0
DA:443,0
DA:444,0
DA:449,11
DA:452,11
DA:453,2
DA:455,9
DA:456,63
DA:460,11
DA:464,1
DA:465,0
DA:466,0
DA:467,0
DA:469,0
DA:472,0
DA:475,0
DA:476,0
DA:477,0
DA:479,0
DA:480,0
DA:482,0
DA:483,0
DA:484,0
DA:486,0
DA:491,0
DA:492,0
DA:493,0
DA:495,0
DA:496,0
DA:500,0
DA:501,0
DA:502,0
DA:504,0
DA:505,0
DA:507,0
DA:508,0
DA:509,0
DA:514,0
DA:515,0
DA:517,0
DA:521,1
DA:522,0
DA:523,0
DA:524,0
DA:526,0
DA:527,0
DA:528,0
DA:532,0
DA:536,1
DA:537,0
DA:538,0
DA:539,0
DA:541,0
DA:543,0
DA:544,0
DA:545,0
DA:548,0
DA:549,0
DA:550,0
DA:552,0
DA:553,0
DA:554,0
DA:556,0
DA:557,0
DA:558,0
DA:559,0
DA:560,0
DA:563,0
DA:564,0
DA:565,0
DA:566,0
DA:567,0
DA:568,0
DA:569,0
DA:574,0
DA:575,0
DA:579,1
DA:580,0
DA:581,0
DA:582,0
DA:583,0
DA:585,0
DA:586,0
DA:587,0
DA:588,0
DA:590,0
DA:594,0
DA:598,1
DA:599,0
DA:600,0
DA:602,0
DA:603,0
DA:606,0
DA:610,1
DA:611,0
DA:613,0
DA:614,0
DA:616,0
DA:617,0
DA:620,0
DA:621,0
DA:622,0
DA:623,0
DA:625,0
DA:626,0
DA:627,0
DA:629,0
DA:630,0
DA:631,0
DA:632,0
DA:633,0
DA:636,0
DA:637,0
DA:638,0
DA:639,0
DA:641,0
DA:643,0
DA:644,0
DA:649,0
DA:650,0
DA:654,0
DA:658,1
DA:661,1
DA:662,1
DA:663,1
DA:664,1
DA:665,0
DA:666,0
DA:669,0
DA:670,0
DA:671,0
DA:672,0
DA:675,0
DA:676,0
DA:683,0
DA:684,0
DA:685,0
DA:687,0
DA:688,0
DA:692,0
DA:698,0
DA:702,1
DA:705,1
DA:708,1
DA:709,0
LF:342
LH:140
BRDA:44,0,0,0
BRDA:44,0,1,0
BRDA:44,1,0,0
BRDA:44,1,1,0
BRDA:75,2,0,0
BRDA:75,2,1,4
BRDA:75,3,0,4
BRDA:75,3,1,0
BRDA:86,4,0,1
BRDA:86,4,1,9
BRDA:89,5,0,4
BRDA:89,5,1,5
BRDA:92,6,0,0
BRDA:92,6,1,5
BRDA:96,7,0,1
BRDA:96,7,1,4
BRDA:98,8,0,1
BRDA:98,8,1,3
BRDA:100,9,0,1
BRDA:100,9,1,1
BRDA:116,10,0,10
BRDA:116,10,1,1
BRDA:122,11,0,0
BRDA:122,11,1,36
BRDA:125,12,0,6
BRDA:125,12,1,30
BRDA:125,13,0,36
BRDA:125,13,1,18
BRDA:140,14,0,0
BRDA:140,14,1,11
BRDA:146,15,0,0
BRDA:146,15,1,11
BRDA:146,16,0,11
BRDA:146,16,1,5
BRDA:146,16,2,0
BRDA:149,17,0,5
BRDA:149,17,1,6
BRDA:149,18,0,11
BRDA:149,18,1,5
BRDA:158,19,0,0
BRDA:158,19,1,11
BRDA:158,20,0,11
BRDA:158,20,1,0
BRDA:158,20,2,0
BRDA:166,21,0,0
BRDA:166,21,1,1
BRDA:169,22,0,0
BRDA:169,22,1,1
BRDA:170,23,0,1
BRDA:170,23,1,1
BRDA:175,24,0,0
BRDA:175,24,1,1
BRDA:175,25,0,1
BRDA:175,25,1,0
BRDA:183,26,0,0
BRDA:183,26,1,1
BRDA:186,27,0,1
BRDA:186,27,1,1
BRDA:186,28,0,0
BRDA:186,28,1,1
BRDA:191,29,0,0
BRDA:191,29,1,0
BRDA:196,30,0,0
BRDA:196,30,1,0
BRDA:197,31,0,0
BRDA:197,31,1,0
BRDA:197,32,0,0
BRDA:197,32,1,0
BRDA:200,33,0,0
BRDA:200,33,1,0
BRDA:213,34,0,1
BRDA:213,34,1,6
BRDA:214,35,0,0
BRDA:214,35,1,6
BRDA:215,36,0,0
BRDA:215,36,1,6
BRDA:218,37,0,0
BRDA:218,37,1,6
BRDA:218,38,0,6
BRDA:218,38,1,4
BRDA:224,39,0,6
BRDA:224,39,1,6
BRDA:225,40,0,6
BRDA:225,40,1,6
BRDA:226,41,0,0
BRDA:226,41,1,6
BRDA:231,42,0,6
BRDA:231,42,1,0
BRDA:231,43,0,6
BRDA:231,43,1,6
BRDA:231,43,2,6
BRDA:239,44,0,5
BRDA:239,44,1,1
BRDA:241,45,0,0
BRDA:241,45,1,6
BRDA:243,46,0,0
BRDA:243,46,1,6
BRDA:245,47,0,0
BRDA:245,47,1,0
BRDA:246,48,0,0
BRDA:246,48,1,0
BRDA:249,49,0,5
BRDA:249,49,1,1
BRDA:250,50,0,0
BRDA:250,50,1,6
BRDA:258,51,0,0
BRDA:258,51,1,0
BRDA:264,52,0,0
BRDA:264,52,1,0
BRDA:265,53,0,0
BRDA:265,53,1,0
BRDA:267,54,0,0
BRDA:267,54,1,0
BRDA:270,55,0,0
BRDA:270,55,1,0
BRDA:282,56,0,0
BRDA:282,56,1,10
BRDA:283,57,0,0
BRDA:283,57,1,10
BRDA:286,58,0,0
BRDA:286,58,1,10
BRDA:286,59,0,10
BRDA:286,59,1,8
BRDA:292,60,0,0
BRDA:292,60,1,10
BRDA:296,61,0,10
BRDA:296,61,1,10
BRDA:297,62,0,10
BRDA:297,62,1,0
BRDA:297,63,0,10
BRDA:297,63,1,10
BRDA:297,63,2,10
BRDA:305,64,0,5
BRDA:305,64,1,5
BRDA:308,65,0,5
BRDA:308,65,1,5
BRDA:316,66,0,0
BRDA:316,66,1,0
BRDA:320,67,0,0
BRDA:320,67,1,0
BRDA:325,68,0,0
BRDA:325,68,1,0
BRDA:325,69,0,0
BRDA:325,69,1,0
BRDA:336,70,0,0
BRDA:336,70,1,0
BRDA:347,71,0,0
BRDA:347,71,1,5
BRDA:348,72,0,0
BRDA:348,72,1,5
BRDA:354,73,0,0
BRDA:354,73,1,0
BRDA:367,74,0,0
BRDA:367,74,1,0
BRDA:381,75,0,0
BRDA:381,75,1,0
BRDA:395,76,0,0
BRDA:395,76,1,0
BRDA:402,77,0,0
BRDA:402,77,1,0
BRDA:425,78,0,0
BRDA:425,78,1,0
BRDA:429,79,0,0
BRDA:429,79,1,0
BRDA:443,80,0,0
BRDA:443,80,1,0
BRDA:443,81,0,0
BRDA:443,81,1,0
BRDA:452,82,0,2
BRDA:452,82,1,9
BRDA:453,83,0,2
BRDA:453,83,1,2
BRDA:456,84,0,63
BRDA:456,84,1,63
BRDA:467,85,0,0
BRDA:467,85,1,0
BRDA:469,86,0,0
BRDA:469,86,1,0
BRDA:477,87,0,0
BRDA:477,87,1,0
BRDA:477,88,0,0
BRDA:477,88,1,0
BRDA:479,89,0,0
BRDA:479,89,1,0
BRDA:483,90,0,0
BRDA:483,90,1,0
BRDA:484,91,0,0
BRDA:484,91,1,0
BRDA:486,92,0,0
BRDA:486,92,1,0
BRDA:493,93,0,0
BRDA:493,93,1,0
BRDA:493,94,0,0
BRDA:493,94,1,0
BRDA:496,95,0,0
BRDA:496,95,1,0
BRDA:502,96,0,0
BRDA:502,96,1,0
BRDA:502,97,0,0
BRDA:502,97,1,0
BRDA:504,98,0,0
BRDA:504,98,1,0
BRDA:508,99,0,0
BRDA:508,99,1,0
BRDA:509,100,0,0
BRDA:509,100,1,0
BRDA:509,101,0,0
BRDA:509,101,1,0
BRDA:524,102,0,0
BRDA:524,102,1,0
BRDA:541,103,0,0
BRDA:541,103,1,0
BRDA:545,104,0,0
BRDA:545,104,1,0
BRDA:550,105,0,0
BRDA:550,105,1,0
BRDA:554,106,0,0
BRDA:554,106,1,0
BRDA:557,107,0,0
BRDA:557,107,1,0
BRDA:559,108,0,0
BRDA:559,108,1,0
BRDA:559,109,0,0
BRDA:559,109,1,0
BRDA:563,110,0,0
BRDA:563,110,1,0
BRDA:582,111,0,0
BRDA:582,111,1,0
BRDA:586,112,0,0
BRDA:586,112,1,0
BRDA:587,113,0,0
BRDA:587,113,1,0
BRDA:600,114,0,0
BRDA:600,114,1,0
BRDA:627,115,0,0
BRDA:627,115,1,0
BRDA:630,116,0,0
BRDA:630,116,1,0
BRDA:632,117,0,0
BRDA:632,117,1,0
BRDA:632,118,0,0
BRDA:632,118,1,0
BRDA:636,119,0,0
BRDA:636,119,1,0
BRDA:638,120,0,0
BRDA:638,120,1,0
BRDA:649,121,0,0
BRDA:649,121,1,0
BRDA:649,122,0,0
BRDA:649,122,1,0
BRDA:663,123,0,1
BRDA:663,123,1,0
BRDA:669,124,0,0
BRDA:669,124,1,0
BRDA:683,125,0,0
BRDA:683,125,1,0
BRDA:685,126,0,0
BRDA:685,126,1,0
BRDA:687,127,0,0
BRDA:687,127,1,0
BRDA:687,128,0,0
BRDA:687,128,1,0
BRDA:692,129,0,0
BRDA:692,129,1,0
BRDA:708,130,0,0
BRDA:708,130,1,1
BRF:266
BRH:89
end_of_record
TN:
SF:src\modules\page.js
FN:7,(anonymous_0)
FN:18,(anonymous_1)
FN:33,(anonymous_2)
FN:41,(anonymous_3)
FN:93,(anonymous_4)
FN:100,(anonymous_5)
FN:107,(anonymous_6)
FN:122,(anonymous_7)
FN:160,(anonymous_8)
FN:167,(anonymous_9)
FN:180,(anonymous_10)
FN:187,(anonymous_11)
FN:189,(anonymous_12)
FN:203,(anonymous_13)
FN:214,(anonymous_14)
FN:216,(anonymous_15)
FN:227,(anonymous_16)
FN:235,(anonymous_17)
FN:248,(anonymous_18)
FN:259,(anonymous_19)
FN:271,(anonymous_20)
FN:278,(anonymous_21)
FN:284,(anonymous_22)
FN:298,(anonymous_23)
FN:330,(anonymous_24)
FN:336,(anonymous_25)
FN:341,(anonymous_26)
FN:354,(anonymous_27)
FN:360,(anonymous_28)
FN:372,(anonymous_29)
FNF:30
FNH:20
FNDA:1,(anonymous_0)
FNDA:16,(anonymous_1)
FNDA:16,(anonymous_2)
FNDA:16,(anonymous_3)
FNDA:16,(anonymous_4)
FNDA:16,(anonymous_5)
FNDA:16,(anonymous_6)
FNDA:0,(anonymous_7)
FNDA:16,(anonymous_8)
FNDA:16,(anonymous_9)
FNDA:16,(anonymous_10)
FNDA:16,(anonymous_11)
FNDA:79,(anonymous_12)
FNDA:16,(anonymous_13)
FNDA:16,(anonymous_14)
FNDA:49,(anonymous_15)
FNDA:16,(anonymous_16)
FNDA:0,(anonymous_17)
FNDA:0,(anonymous_18)
FNDA:0,(anonymous_19)
FNDA:0,(anonymous_20)
FNDA:16,(anonymous_21)
FNDA:0,(anonymous_22)
FNDA:16,(anonymous_23)
FNDA:16,(anonymous_24)
FNDA:0,(anonymous_25)
FNDA:0,(anonymous_26)
FNDA:0,(anonymous_27)
FNDA:0,(anonymous_28)
FNDA:1,(anonymous_29)
DA:7,1
DA:10,1
DA:11,1
DA:12,1
DA:15,1
DA:18,1
DA:19,16
DA:20,16
DA:21,16
DA:24,16
DA:25,16
DA:26,0
DA:29,16
DA:33,1
DA:34,16
DA:35,16
DA:36,0
DA:41,1
DA:42,16
DA:43,16
DA:44,16
DA:47,16
DA:51,16
DA:52,16
DA:55,16
DA:58,16
DA:61,16
DA:64,16
DA:65,0
DA:69,16
DA:70,0
DA:71,16
DA:72,1
DA:76,16
DA:79,16
DA:80,16
DA:83,16
DA:86,16
DA:91,16
DA:94,16
DA:95,16
DA:96,16
DA:101,16
DA:108,16
DA:110,16
DA:111,1
DA:115,15
DA:116,0
DA:120,15
DA:121,15
DA:122,15
DA:123,0
DA:124,0
DA:128,15
DA:129,0
DA:133,15
DA:134,0
DA:138,15
DA:139,80
DA:140,15
DA:142,65
DA:147,15
DA:148,13
DA:149,13
DA:151,13
DA:152,13
DA:156,15
DA:161,16
DA:168,16
DA:169,16
DA:170,16
DA:181,16
DA:182,16
DA:183,16
DA:188,16
DA:189,16
DA:190,79
DA:196,16
DA:204,16
DA:209,16
DA:211,16
DA:213,16
DA:215,16
DA:216,16
DA:217,49
DA:218,48
DA:221,16
DA:227,1
DA:228,16
DA:229,0
DA:230,0
DA:231,0
DA:232,0
DA:233,0
DA:234,0
DA:235,0
DA:236,0
DA:237,0
DA:238,0
DA:239,0
DA:243,0
DA:246,0
DA:247,0
DA:248,0
DA:249,0
DA:250,0
DA:251,0
DA:252,0
DA:258,0
DA:259,0
DA:260,0
DA:261,0
DA:262,0
DA:264,0
DA:265,0
DA:270,0
DA:271,0
DA:272,0
DA:278,1
DA:279,16
DA:280,0
DA:281,0
DA:282,0
DA:284,0
DA:285,0
DA:286,0
DA:287,0
DA:288,0
DA:289,0
DA:291,0
DA:292,0
DA:298,1
DA:299,16
DA:300,16
[...]
FN:379,(anonymous_26)
FN:380,(anonymous_27)
FN:386,(anonymous_28)
FN:414,(anonymous_29)
FN:415,(anonymous_30)
FN:443,(anonymous_31)
FN:462,(anonymous_32)
FN:478,(anonymous_33)
FN:497,(anonymous_34)
FN:502,(anonymous_35)
FN:512,(anonymous_36)
FN:518,(anonymous_37)
FNF:38
FNH:25
FNDA:1,(anonymous_0)
FNDA:44,(anonymous_1)
FNDA:1,(anonymous_2)
FNDA:12,(anonymous_3)
FNDA:0,(anonymous_4)
FNDA:2,(anonymous_5)
FNDA:1,(anonymous_6)
FNDA:1,(anonymous_7)
FNDA:3,(anonymous_8)
FNDA:1,(anonymous_9)
FNDA:12,(anonymous_10)
FNDA:0,(anonymous_11)
FNDA:12,(anonymous_12)
FNDA:0,(anonymous_13)
FNDA:0,(anonymous_14)
FNDA:0,(anonymous_15)
FNDA:1,(anonymous_16)
FNDA:13,(anonymous_17)
FNDA:15,(anonymous_18)
FNDA:21,(anonymous_19)
FNDA:3,(anonymous_20)
FNDA:13,(anonymous_21)
FNDA:21,(anonymous_22)
FNDA:0,(anonymous_23)
FNDA:21,(anonymous_24)
FNDA:0,(anonymous_25)
FNDA:6,(anonymous_26)
FNDA:0,(anonymous_27)
FNDA:0,(anonymous_28)
FNDA:3,(anonymous_29)
FNDA:0,(anonymous_30)
FNDA:1,(anonymous_31)
FNDA:0,(anonymous_32)
FNDA:0,(anonymous_33)
FNDA:1,(anonymous_34)
FNDA:0,(anonymous_35)
FNDA:1,(anonymous_36)
FNDA:1,(anonymous_37)
DA:7,1
DA:10,1
DA:11,1
DA:14,44
DA:17,1
DA:20,1
DA:21,1
DA:22,1
DA:23,1
DA:24,1
DA:25,1
DA:26,1
DA:27,1
DA:28,1
DA:29,1
DA:32,1
DA:39,1
DA:40,1
DA:41,1
DA:46,12
DA:47,12
DA:52,0
DA:57,2
DA:58,2
DA:63,1
DA:64,1
DA:69,1
DA:70,1
DA:75,3
DA:76,0
DA:78,3
DA:83,1
DA:84,1
DA:87,1
DA:88,1
DA:89,1
DA:90,1
DA:94,1
DA:99,1
DA:100,12
DA:101,12
DA:103,12
DA:104,0
DA:105,0
DA:108,12
DA:109,12
DA:110,12
DA:112,12
DA:113,12
DA:114,12
DA:118,1
DA:119,12
DA:120,12
DA:123,0
DA:126,0
DA:129,0
DA:135,1
DA:156,1
DA:157,1
DA:158,1
DA:160,1
DA:161,1
DA:165,1
DA:166,13
DA:167,13
DA:168,13
DA:170,13
DA:171,13
DA:173,13
DA:176,13
DA:180,13
DA:181,13
DA:182,13
DA:185,13
DA:188,13
DA:189,13
DA:190,13
DA:193,13
DA:194,0
DA:198,13
DA:202,1
DA:203,15
DA:204,15
DA:206,15
DA:207,21
DA:208,21
DA:211,21
DA:212,21
DA:213,21
DA:216,21
DA:217,21
DA:220,21
DA:221,21
DA:224,21
DA:225,2
DA:226,2
DA:227,2
DA:228,2
DA:230,19
DA:231,19
DA:232,19
DA:233,19
DA:237,21
DA:238,6
DA:239,6
DA:240,6
DA:241,6
DA:242,6
DA:243,0
DA:244,0
DA:246,6
DA:247,0
DA:249,6
DA:253,21
DA:254,21
DA:256,21
DA:257,0
DA:258,0
DA:259,0
DA:260,0
DA:261,0
DA:263,21
DA:265,21
DA:268,21
DA:269,1
DA:270,1
DA:272,1
DA:274,1
DA:275,3
DA:276,3
DA:277,3
DA:279,3
DA:280,3
DA:281,3
DA:284,1
DA:287,21
DA:288,21
DA:291,21
DA:292,2
DA:293,2
DA:295,2
DA:296,2
DA:299,21
DA:304,1
DA:305,13
DA:306,13
DA:307,13
DA:310,13
DA:311,21
DA:312,21
DA:314,2
DA:315,0
DA:317,0
DA:318,0
DA:319,0
DA:321,0
DA:323,0
DA:324,0
DA:325,0
DA:328,0
DA:330,0
DA:332,0
DA:335,0
DA:336,0
DA:337,0
DA:343,13
DA:344,21
DA:345,0
DA:347,0
DA:348,0
DA:349,0
DA:353,0
DA:354,0
DA:357,0
DA:358,0
DA:360,0
DA:366,0
DA:367,0
DA:371,0
DA:372,0
DA:378,13
DA:379,3
DA:380,6
DA:381,0
DA:382,0
DA:383,0
DA:386,0
DA:387,0
DA:391,0
DA:393,0
DA:400,0
DA:401,0
DA:405,0
DA:406,0
DA:413,13
DA:414,1
DA:415,3
DA:416,0
DA:418,0
DA:419,0
DA:420,0
DA:421,0
DA:423,0
DA:429,0
DA:430,0
DA:434,0
DA:435,0
DA:443,1
DA:444,1
DA:445,1
DA:447,1
DA:448,1
DA:450,1
DA:452,0
DA:453,0
DA:455,0
DA:458,0
DA:459,0
DA:460,0
DA:462,0
DA:463,0
DA:464,0
DA:465,0
DA:466,0
DA:470,0
DA:471,0
DA:474,0
DA:478,1
DA:479,0
DA:480,0
DA:482,0
DA:484,0
DA:485,0
DA:486,0
DA:488,0
DA:489,0
DA:490,0
DA:493,0
DA:497,1
DA:498,1
DA:499,1
DA:500,1
DA:502,1
DA:503,0
DA:504,0
DA:505,0
DA:508,1
DA:512,1
DA:513,1
DA:514,1
DA:516,1
DA:518,1
DA:519,1
DA:520,1
DA:521,1
DA:523,1
DA:529,1
DA:532,1
DA:533,0
LF:259
LH:167
BRDA:58,0,0,1
BRDA:58,0,1,1
BRDA:64,1,0,1
BRDA:64,1,1,0
BRDA:70,2,0,1
BRDA:70,2,1,0
BRDA:75,3,0,0
BRDA:75,3,1,3
BRDA:75,4,0,3
BRDA:75,4,1,0
BRDA:84,5,0,0
BRDA:84,5,1,1
BRDA:88,6,0,1
BRDA:88,6,1,0
BRDA:90,7,0,1
BRDA:90,7,1,0
BRDA:103,8,0,0
BRDA:103,8,1,12
BRDA:110,9,0,12
BRDA:110,9,1,0
BRDA:171,10,0,0
BRDA:171,10,1,13
BRDA:177,11,0,3
BRDA:177,11,1,10
BRDA:178,12,0,13
BRDA:178,12,1,0
BRDA:193,13,0,0
BRDA:193,13,1,13
BRDA:207,14,0,21
BRDA:207,14,1,2
BRDA:212,15,0,2
BRDA:212,15,1,19
BRDA:212,16,0,21
BRDA:212,16,1,2
BRDA:213,17,0,21
BRDA:213,17,1,0
BRDA:224,18,0,2
BRDA:224,18,1,19
BRDA:227,19,0,2
BRDA:227,19,1,0
BRDA:237,20,0,6
BRDA:237,20,1,15
BRDA:241,21,0,6
BRDA:241,21,1,0
BRDA:242,22,0,0
BRDA:242,22,1,6
BRDA:246,23,0,0
BRDA:246,23,1,6
BRDA:256,24,0,0
BRDA:256,24,1,21
BRDA:256,25,0,21
BRDA:256,25,1,0
BRDA:259,26,0,0
BRDA:259,26,1,0
BRDA:260,27,0,0
BRDA:260,27,1,0
BRDA:263,28,0,21
BRDA:263,28,1,0
BRDA:268,29,0,1
BRDA:268,29,1,20
BRDA:272,30,0,0
BRDA:272,30,1,1
BRDA:280,31,0,3
BRDA:280,31,1,0
BRDA:291,32,0,2
BRDA:291,32,1,19
BRDA:293,33,0,2
BRDA:293,33,1,0
BRDA:312,34,0,19
BRDA:312,34,1,2
BRDA:321,35,0,0
BRDA:321,35,1,0
BRDA:328,36,0,0
BRDA:328,36,1,0
BRDA:345,37,0,0
BRDA:345,37,1,0
BRDA:348,38,0,0
BRDA:348,38,1,0
BRDA:366,39,0,0
BRDA:366,39,1,0
BRDA:371,40,0,0
BRDA:371,40,1,0
BRDA:371,41,0,0
BRDA:371,41,1,0
BRDA:378,42,0,3
BRDA:378,42,1,10
BRDA:400,43,0,0
BRDA:400,43,1,0
BRDA:405,44,0,0
BRDA:405,44,1,0
BRDA:405,45,0,0
BRDA:405,45,1,0
BRDA:413,46,0,1
BRDA:413,46,1,12
BRDA:429,47,0,0
BRDA:429,47,1,0
BRDA:434,48,0,0
BRDA:434,48,1,0
BRDA:434,49,0,0
BRDA:434,49,1,0
BRDA:450,50,0,1
BRDA:450,50,1,0
BRDA:455,51,0,0
BRDA:455,51,1,0
BRDA:464,52,0,0
BRDA:464,52,1,0
BRDA:466,53,0,0
BRDA:466,53,1,0
BRDA:470,54,0,0
BRDA:470,54,1,0
BRDA:471,55,0,0
BRDA:471,55,1,0
BRDA:482,56,0,0
BRDA:482,56,1,0
BRDA:485,57,0,0
BRDA:485,57,1,0
BRDA:488,58,0,0
BRDA:488,58,1,0
BRDA:490,59,0,0
BRDA:490,59,1,0
BRDA:505,60,0,0
BRDA:505,60,1,0
BRDA:516,61,0,0
BRDA:516,61,1,1
BRDA:520,62,0,1
BRDA:520,62,1,0
BRDA:532,63,0,0
BRDA:532,63,1,1
BRF:128
BRH:51
end_of_record
TN:
SF:src\modules\upload.js
FN:7,(anonymous_0)
FN:14,(anonymous_1)
FN:37,(anonymous_2)
FN:46,(anonymous_3)
FN:72,(anonymous_4)
FN:79,(anonymous_5)
FN:82,(anonymous_6)
FN:85,(anonymous_7)
FN:93,(anonymous_8)
FN:98,(anonymous_9)
FN:107,(anonymous_10)
FN:112,(anonymous_11)
FN:152,(anonymous_12)
FN:168,(anonymous_13)
FN:177,(anonymous_14)
FN:205,(anonymous_15)
FN:223,(anonymous_16)
FN:226,(anonymous_17)
FN:229,(anonymous_18)
FN:232,(anonymous_19)
FN:245,(anonymous_20)
FN:255,(anonymous_21)
FN:264,(anonymous_22)
FN:276,(anonymous_23)
FN:286,(anonymous_24)
FN:292,(anonymous_25)
FN:298,(anonymous_26)
FN:308,(anonymous_27)
FN:314,(anonymous_28)
FN:317,(anonymous_29)
FN:327,(anonymous_30)
FN:348,(anonymous_31)
FN:410,(anonymous_32)
FN:447,(anonymous_33)
FN:475,(anonymous_34)
FN:509,(anonymous_35)
FN:516,(anonymous_36)
FN:525,(anonymous_37)
FN:534,(anonymous_38)
FN:556,checkAllDone
FNF:40
FNH:10
FNDA:1,(anonymous_0)
FNDA:137,(anonymous_1)
FNDA:0,(anonymous_2)
FNDA:0,(anonymous_3)
FNDA:1,(anonymous_4)
FNDA:34,(anonymous_5)
FNDA:0,(anonymous_6)
FNDA:0,(anonymous_7)
FNDA:2,(anonymous_8)
FNDA:1,(anonymous_9)
FNDA:34,(anonymous_10)
FNDA:0,(anonymous_11)
FNDA:34,(anonymous_12)
FNDA:0,(anonymous_13)
FNDA:34,(anonymous_14)
FNDA:0,(anonymous_15)
FNDA:0,(anonymous_16)
FNDA:0,(anonymous_17)
FNDA:0,(anonymous_18)
FNDA:0,(anonymous_19)
FNDA:34,(anonymous_20)
FNDA:0,(anonymous_21)
FNDA:0,(anonymous_22)
FNDA:0,(anonymous_23)
FNDA:0,(anonymous_24)
FNDA:0,(anonymous_25)
FNDA:0,(anonymous_26)
FNDA:0,(anonymous_27)
FNDA:0,(anonymous_28)
FNDA:0,(anonymous_29)
FNDA:0,(anonymous_30)
FNDA:0,(anonymous_31)
FNDA:0,(anonymous_32)
FNDA:0,(anonymous_33)
FNDA:0,(anonymous_34)
FNDA:0,(anonymous_35)
FNDA:0,(anonymous_36)
FNDA:0,(anonymous_37)
FNDA:0,(anonymous_38)
FNDA:0,checkAllDone
DA:7,1
DA:10,1
DA:11,1
DA:14,137
DA:17,1
DA:20,1
DA:23,1
DA:24,1
DA:25,1
DA:26,1
DA:29,1
DA:37,1
DA:38,0
DA:39,0
DA:40,0
DA:41,0
DA:42,0
DA:46,1
DA:47,0
DA:48,0
DA:50,0
DA:51,0
DA:53,0
DA:54,0
DA:56,0
DA:63,0
DA:67,1
DA:73,1
DA:74,1
DA:75,1
DA:80,34
DA:81,34
DA:83,0
DA:86,0
DA:94,2
DA:99,1
DA:100,0
DA:102,1
DA:107,1
DA:108,34
DA:109,34
DA:111,34
DA:112,0
DA:113,0
DA:116,34
DA:117,34
DA:118,34
DA:120,34
DA:121,34
DA:125,1
DA:152,1
DA:153,34
DA:154,34
DA:155,34
DA:157,34
DA:158,34
DA:161,34
DA:164,34
DA:168,1
DA:169,0
DA:170,0
DA:172,0
DA:173,0
DA:177,1
DA:178,34
DA:179,34
DA:182,34
DA:183,0
DA:187,34
DA:190,34
DA:191,34
DA:192,34
DA:193,34
DA:194,34
DA:195,34
DA:196,3
DA:198,34
DA:200,34
DA:201,34
DA:205,1
DA:206,0
DA:207,0
DA:209,0
DA:211,0
DA:212,0
DA:214,0
DA:215,0
DA:216,0
DA:220,0
DA:221,0
DA:224,0
DA:227,0
DA:230,0
DA:233,0
DA:239,0
DA:240,0
DA:245,1
DA:246,34
DA:247,34
DA:248,34
DA:249,34
DA:250,34
DA:253,34
DA:254,34
DA:255,34
DA:256,0
DA:257,0
DA:262,34
DA:263,34
DA:264,34
DA:265,0
DA:267,0
DA:272,34
DA:273,1
DA:274,1
DA:275,1
DA:276,1
DA:277,0
DA:283,34
DA:284,34
DA:286,34
DA:287,0
DA:288,0
DA:289,0
DA:292,34
DA:293,0
DA:294,0
DA:295,0
DA:298,34
DA:299,0
DA:300,0
DA:301,0
DA:302,0
DA:308,1
DA:309,0
DA:311,0
DA:313,0
DA:314,0
DA:315,0
DA:316,0
DA:317,0
DA:318,0
DA:319,0
DA:327,1
DA:328,0
DA:329,0
DA:332,0
DA:333,0
DA:334,0
DA:335,0
DA:336,0
DA:342,0
DA:347,0
DA:348,0
DA:349,0
DA:350,0
DA:352,0
DA:353,0
DA:354,0
DA:356,0
DA:357,0
DA:358,0
DA:359,0
DA:361,0
DA:362,0
DA:363,0
DA:367,0
DA:368,0
DA:374,0
DA:379,0
DA:380,0
DA:381,0
DA:382,0
DA:388,0
DA:393,0
DA:394,0
DA:395,0
DA:396,0
DA:402,0
DA:406,0
DA:410,1
DA:411,0
DA:412,0
DA:415,0
DA:417,0
DA:418,0
DA:419,0
DA:423,0
DA:424,0
DA:425,0
DA:427,0
DA:428,0
DA:431,0
DA:432,0
DA:434,0
DA:438,0
DA:439,0
DA:441,0
DA:447,1
DA:448,0
DA:449,0
DA:450,0
DA:452,0
DA:453,0
DA:454,0
DA:458,0
DA:459,0
DA:460,0
DA:463,0
DA:464,0
DA:465,0
DA:468,0
DA:469,0
DA:470,0
DA:474,0
DA:475,0
DA:477,0
DA:478,0
DA:479,0
DA:480,0
DA:484,0
DA:485,0
DA:486,0
DA:487,0
DA:488,0
DA:493,0
DA:494,0
DA:497,0
DA:498,0
DA:499,0
DA:500,0
DA:502,0
DA:506,0
DA:509,0
DA:510,0
DA:511,0
DA:512,0
DA:516,0
DA:517,0
DA:518,0
DA:519,0
DA:520,0
DA:521,0
DA:524,0
DA:525,0
DA:527,0
DA:531,0
DA:533,0
DA:534,0
DA:535,0
DA:539,0
DA:543,0
DA:546,0
DA:547,0
DA:550,0
DA:557,0
DA:558,0
DA:559,0
DA:570,1
DA:573,1
DA:574,0
LF:261
LH:85
BRDA:38,0,0,0
BRDA:38,0,1,0
BRDA:47,1,0,0
BRDA:47,1,1,0
BRDA:48,2,0,0
BRDA:48,2,1,0
BRDA:51,3,0,0
BRDA:51,3,1,0
BRDA:54,4,0,0
BRDA:54,4,1,0
BRDA:63,5,0,0
BRDA:63,5,1,0
BRDA:99,6,0,0
BRDA:99,6,1,1
BRDA:99,7,0,1
BRDA:99,7,1,0
BRDA:111,8,0,0
BRDA:111,8,1,34
BRDA:118,9,0,34
BRDA:118,9,1,32
BRDA:158,10,0,0
BRDA:158,10,1,34
BRDA:182,11,0,0
BRDA:182,11,1,34
BRDA:187,12,0,34
BRDA:187,12,1,33
BRDA:187,12,2,0
BRDA:195,13,0,3
BRDA:195,13,1,31
BRDA:209,14,0,0
BRDA:209,14,1,0
BRDA:209,15,0,0
BRDA:209,15,1,0
BRDA:220,16,0,0
BRDA:220,16,1,0
BRDA:239,17,0,0
BRDA:239,17,1,0
BRDA:253,18,0,34
BRDA:253,18,1,0
BRDA:262,19,0,34
BRDA:262,19,1,0
BRDA:272,20,0,1
BRDA:272,20,1,33
BRDA:274,21,0,1
BRDA:274,21,1,0
BRDA:274,22,0,1
BRDA:274,22,1,1
BRDA:283,23,0,34
BRDA:283,23,1,0
BRDA:283,24,0,34
BRDA:283,24,1,34
BRDA:283,24,2,34
BRDA:311,25,0,0
BRDA:311,25,1,0
BRDA:318,26,0,0
BRDA:318,26,1,0
BRDA:332,27,0,0
BRDA:332,27,1,0
BRDA:335,28,0,0
BRDA:335,28,1,0
BRDA:347,29,0,0
BRDA:347,29,1,0
BRDA:347,30,0,0
BRDA:347,30,1,0
BRDA:349,31,0,0
BRDA:349,31,1,0
BRDA:354,32,0,0
BRDA:354,32,1,0
BRDA:357,33,0,0
BRDA:357,33,1,0
BRDA:361,34,0,0
BRDA:361,34,1,0
BRDA:367,35,0,0
BRDA:367,35,1,0
BRDA:379,36,0,0
BRDA:379,36,1,0
BRDA:381,37,0,0
BRDA:381,37,1,0
BRDA:393,38,0,0
BRDA:393,38,1,0
BRDA:395,39,0,0
BRDA:395,39,1,0
BRDA:415,40,0,0
BRDA:415,40,1,0
BRDA:417,41,0,0
BRDA:417,41,1,0
BRDA:424,42,0,0
BRDA:424,42,1,0
BRDA:427,43,0,0
BRDA:427,43,1,0
BRDA:431,44,0,0
BRDA:431,44,1,0
BRDA:438,45,0,0
BRDA:438,45,1,0
BRDA:450,46,0,0
BRDA:450,46,1,0
BRDA:452,47,0,0
BRDA:452,47,1,0
BRDA:458,48,0,0
BRDA:458,48,1,0
BRDA:458,49,0,0
BRDA:458,49,1,0
BRDA:468,50,0,0
BRDA:468,50,1,0
BRDA:468,51,0,0
BRDA:468,51,1,0
BRDA:477,52,0,0
BRDA:477,52,1,0
BRDA:484,53,0,0
BRDA:484,53,1,0
BRDA:485,54,0,0
BRDA:485,54,1,0
BRDA:499,55,0,0
BRDA:499,55,1,0
BRDA:510,56,0,0
BRDA:510,56,1,0
BRDA:510,57,0,0
BRDA:510,57,1,0
BRDA:517,58,0,0
BRDA:517,58,1,0
BRDA:518,59,0,0
BRDA:518,59,1,0
BRDA:518,60,0,0
BRDA:518,60,1,0
BRDA:524,61,0,0
BRDA:524,61,1,0
BRDA:527,62,0,0
BRDA:527,62,1,0
BRDA:533,63,0,0
BRDA:533,63,1,0
BRDA:535,64,0,0
BRDA:535,64,1,0
BRDA:557,65,0,0
BRDA:557,65,1,0
BRDA:558,66,0,0
BRDA:558,66,1,0
BRDA:573,67,0,0
BRDA:573,67,1,1
BRF:138
BRH:23
end_of_record
TN:
SF:src\modules\util.js
FN:7,(anonymous_0)
FN:14,(anonymous_1)
FN:20,(anonymous_2)
FN:58,(anonymous_3)
FN:73,(anonymous_4)
FN:86,(anonymous_5)
FN:97,(anonymous_6)
FN:109,(anonymous_7)
FN:126,(anonymous_8)
FN:147,(anonymous_9)
FN:182,(anonymous_10)
FN:192,(anonymous_11)
FN:198,(anonymous_12)
FN:204,(anonymous_13)
FN:225,(anonymous_14)
FN:228,(anonymous_15)
FN:242,(anonymous_16)
FN:244,(anonymous_17)
FN:248,(anonymous_18)
FN:255,(anonymous_19)
FN:257,(anonymous_20)
FN:267,(anonymous_21)
FN:271,(anonymous_22)
FN:284,(anonymous_23)
FN:290,(anonymous_24)
FN:300,(anonymous_25)
FN:311,(anonymous_26)
FN:322,(anonymous_27)
FN:335,(anonymous_28)
FN:340,(anonymous_29)
FN:341,(anonymous_30)
FN:349,(anonymous_31)
FN:360,(anonymous_32)
FN:369,(anonymous_33)
FN:374,(anonymous_34)
FN:379,(anonymous_35)
FN:384,(anonymous_36)
FN:395,(anonymous_37)
FN:406,(anonymous_38)
FN:437,(anonymous_39)
FN:480,(anonymous_40)
FN:484,(anonymous_41)
FN:501,(anonymous_42)
FN:513,(anonymous_43)
FN:519,(anonymous_44)
FN:529,(anonymous_45)
FN:532,(anonymous_46)
FN:538,(anonymous_47)
FN:545,(anonymous_48)
FN:564,(anonymous_49)
FN:570,(anonymous_50)
FN:597,(anonymous_51)
FN:607,(anonymous_52)
FN:611,(anonymous_53)
FNF:54
FNH:48
FNDA:1,(anonymous_0)
FNDA:13,(anonymous_1)
FNDA:9,(anonymous_2)
FNDA:1,(anonymous_3)
FNDA:1,(anonymous_4)
FNDA:0,(anonymous_5)
FNDA:9,(anonymous_6)
FNDA:3,(anonymous_7)
FNDA:0,(anonymous_8)
FNDA:11,(anonymous_9)
FNDA:6,(anonymous_10)
FNDA:4,(anonymous_11)
FNDA:2,(anonymous_12)
FNDA:2,(anonymous_13)
FNDA:14,(anonymous_14)
FNDA:5,(anonymous_15)
FNDA:2,(anonymous_16)
FNDA:3,(anonymous_17)
FNDA:1,(anonymous_18)
FNDA:2,(anonymous_19)
FNDA:2,(anonymous_20)
FNDA:1,(anonymous_21)
FNDA:1,(anonymous_22)
FNDA:5,(anonymous_23)
FNDA:8,(anonymous_24)
FNDA:3,(anonymous_25)
FNDA:3,(anonymous_26)
FNDA:0,(anonymous_27)
FNDA:1,(anonymous_28)
FNDA:3,(anonymous_29)
FNDA:93,(anonymous_30)
FNDA:2,(anonymous_31)
FNDA:9,(anonymous_32)
FNDA:3,(anonymous_33)
FNDA:3,(anonymous_34)
FNDA:4,(anonymous_35)
FNDA:3,(anonymous_36)
FNDA:2,(anonymous_37)
FNDA:6,(anonymous_38)
FNDA:5,(anonymous_39)
FNDA:14,(anonymous_40)
FNDA:2,(anonymous_41)
FNDA:4,(anonymous_42)
FNDA:3,(anonymous_43)
FNDA:4,(anonymous_44)
FNDA:3,(anonymous_45)
FNDA:2,(anonymous_46)
FNDA:12,(anonymous_47)
FNDA:60,(anonymous_48)
FNDA:30,(anonymous_49)
FNDA:3,(anonymous_50)
FNDA:0,(anonymous_51)
FNDA:0,(anonymous_52)
FNDA:0,(anonymous_53)
DA:7,1
DA:10,1
DA:11,1
DA:14,13
DA:17,1
DA:21,9
DA:22,9
DA:24,9
DA:33,9
DA:36,9
DA:37,9
DA:40,9
DA:41,9
DA:44,9
DA:45,1
DA:47,9
DA:48,2
DA:52,9
DA:53,8
DA:54,8
DA:55,8
DA:58,8
DA:59,1
DA:60,1
DA:63,8
DA:67,9
DA:68,2
DA:69,2
DA:70,2
DA:73,2
DA:74,1
DA:75,1
DA:78,2
DA:82,9
DA:83,9
DA:84,9
DA:85,9
DA:86,9
DA:87,0
DA:88,0
DA:89,0
DA:92,9
DA:94,9
DA:97,9
DA:98,9
DA:99,9
DA:102,9
DA:103,9
DA:105,9
DA:110,3
DA:112,3
DA:113,2
DA:114,2
DA:117,3
DA:118,3
DA:119,3
DA:121,3
DA:122,1
DA:123,1
DA:126,2
DA:127,0
DA:129,0
DA:130,0
DA:131,0
DA:132,0
DA:135,0
DA:136,0
DA:137,0
DA:138,0
DA:140,0
DA:143,2
DA:148,11
DA:149,11
DA:150,11
DA:151,11
DA:153,11
DA:155,10
DA:156,10
DA:157,10
DA:159,10
DA:160,1
DA:161,9
DA:162,2
DA:163,7
DA:164,1
DA:165,6
DA:166,1
DA:168,5
DA:169,5
DA:170,5
DA:171,5
DA:172,5
DA:173,5
DA:175,5
DA:183,6
DA:184,6
DA:185,6
DA:186,9
DA:188,6
DA:193,4
DA:194,2
DA:199,2
DA:200,2
DA:201,2
DA:202,2
DA:204,2
DA:205,2
DA:206,2
DA:209,2
DA:213,2
DA:214,2
DA:216,2
DA:217,2
DA:221,2
DA:226,14
DA:227,5
DA:228,2
DA:229,5
DA:232,3
DA:233,3
DA:234,4
DA:235,4
DA:238,3
DA:243,2
DA:244,2
DA:245,3
DA:246,3
DA:247,3
DA:248,3
DA:249,1
DA:256,2
DA:257,2
DA:258,2
DA:259,2
DA:260,1
DA:261,1
DA:268,1
DA:269,1
DA:271,1
DA:272,1
DA:273,1
DA:274,1
DA:275,1
DA:276,1
DA:278,0
DA:285,5
DA:286,5
DA:288,5
DA:289,5
DA:290,5
DA:291,8
DA:292,8
DA:293,7
DA:296,5
DA:301,3
DA:302,3
DA:303,6
DA:304,5
DA:307,3
DA:312,3
DA:313,3
DA:314,3
DA:315,3
DA:316,3
DA:318,3
DA:323,0
DA:324,0
DA:325,0
DA:326,0
DA:327,0
DA:328,0
DA:331,0
DA:336,1
DA:341,3
DA:342,93
DA:343,93
DA:344,93
DA:350,2
DA:351,2
DA:352,2
DA:353,2
DA:354,20
DA:356,2
DA:361,9
DA:362,7
DA:363,4
DA:364,2
DA:365,0
DA:370,3
DA:375,3
DA:380,4
DA:385,3
DA:386,3
DA:396,2
DA:397,2
DA:407,6
DA:410,4
DA:411,4
DA:414,4
DA:415,4
DA:416,3
DA:417,3
DA:418,2
DA:419,2
DA:420,2
DA:423,1
DA:424,1
DA:426,2
DA:430,4
DA:431,4
DA:433,4
DA:438,5
DA:440,4
DA:441,4
DA:442,4
DA:445,4
DA:448,4
DA:449,4
DA:450,1
DA:451,1
DA:452,1
DA:453,1
DA:454,1
DA:456,0
DA:457,0
DA:459,1
DA:463,4
DA:464,4
DA:467,4
DA:470,4
DA:473,4
DA:476,4
DA:479,4
DA:480,4
DA:481,14
DA:482,14
DA:484,10
DA:485,2
DA:487,2
DA:488,2
DA:489,2
DA:491,0
DA:494,4
DA:497,4
DA:502,4
DA:503,3
DA:514,3
DA:515,2
DA:520,4
DA:521,3
DA:522,3
DA:524,2
DA:530,3
DA:531,2
DA:533,2
DA:539,12
DA:540,11
DA:541,11
DA:543,10
DA:545,60
DA:547,10
DA:564,10
DA:565,30
DA:571,3
DA:572,3
DA:574,3
DA:587,3
DA:588,3
DA:590,2
DA:591,2
DA:592,2
DA:593,2
DA:594,2
DA:597,2
DA:598,0
DA:599,0
DA:600,0
DA:601,0
DA:603,0
DA:607,2
DA:608,0
DA:611,2
DA:612,0
DA:613,0
DA:614,0
DA:616,0
DA:617,0
DA:619,0
DA:621,0
DA:622,0
DA:624,0
DA:625,0
DA:626,0
DA:631,2
DA:636,1
DA:639,1
DA:640,0
LF:297
LH:254
BRDA:22,0,0,0
BRDA:22,0,1,9
BRDA:37,1,0,1
BRDA:37,1,1,8
BRDA:44,2,0,1
BRDA:44,2,1,8
BRDA:52,3,0,8
BRDA:52,3,1,1
BRDA:55,4,0,7
BRDA:55,4,1,1
BRDA:59,5,0,1
BRDA:59,5,1,0
BRDA:67,6,0,2
BRDA:67,6,1,7
BRDA:70,7,0,2
BRDA:70,7,1,0
BRDA:74,8,0,1
BRDA:74,8,1,0
BRDA:88,9,0,0
BRDA:88,9,1,0
BRDA:98,10,0,9
BRDA:98,10,1,9
BRDA:99,11,0,0
BRDA:99,11,1,9
BRDA:112,12,0,2
BRDA:112,12,1,1
BRDA:118,13,0,1
BRDA:118,13,1,2
BRDA:121,14,0,1
BRDA:121,14,1,2
BRDA:122,15,0,1
BRDA:122,15,1,1
BRDA:129,16,0,0
BRDA:129,16,1,0
BRDA:131,17,0,0
BRDA:131,17,1,0
BRDA:140,18,0,0
BRDA:140,18,1,0
BRDA:153,19,0,1
BRDA:153,19,1,10
BRDA:159,20,0,1
BRDA:159,20,1,9
BRDA:161,21,0,2
BRDA:161,21,1,7
BRDA:163,22,0,1
BRDA:163,22,1,6
BRDA:165,23,0,1
BRDA:165,23,1,5
BRDA:175,24,0,1
BRDA:175,24,1,4
BRDA:184,25,0,6
BRDA:184,25,1,3
BRDA:193,26,0,2
BRDA:193,26,1,2
BRDA:193,27,0,4
BRDA:193,27,1,3
BRDA:199,28,0,2
BRDA:199,28,1,1
BRDA:200,29,0,2
BRDA:200,29,1,2
BRDA:209,30,0,2
BRDA:209,30,1,0
BRDA:216,31,0,2
BRDA:216,31,1,0
BRDA:226,32,0,9
BRDA:226,32,1,5
BRDA:226,33,0,14
BRDA:226,33,1,13
BRDA:227,34,0,2
BRDA:227,34,1,3
BRDA:234,35,0,4
BRDA:234,35,1,0
BRDA:250,36,0,3
BRDA:250,36,1,0
BRDA:259,37,0,1
BRDA:259,37,1,1
BRDA:259,38,0,2
BRDA:259,38,1,0
BRDA:269,39,0,0
BRDA:269,39,1,1
BRDA:273,40,0,1
BRDA:273,40,1,1
BRDA:274,41,0,1
BRDA:274,41,1,0
BRDA:274,42,0,1
BRDA:274,42,1,1
BRDA:285,43,0,5
BRDA:285,43,1,1
BRDA:286,44,0,3
BRDA:286,44,1,2
BRDA:292,45,0,7
BRDA:292,45,1,1
BRDA:293,46,0,7
BRDA:293,46,1,1
BRDA:303,47,0,5
BRDA:303,47,1,1
BRDA:303,48,0,6
BRDA:303,48,1,6
BRDA:313,49,0,3
BRDA:313,49,1,0
BRDA:327,50,0,0
BRDA:327,50,1,0
BRDA:343,51,0,90
BRDA:343,51,1,3
BRDA:350,52,0,2
BRDA:350,52,1,1
BRDA:361,53,0,2
BRDA:361,53,1,7
BRDA:361,54,0,9
BRDA:361,54,1,8
BRDA:362,55,0,3
BRDA:362,55,1,4
BRDA:363,56,0,2
BRDA:363,56,1,2
BRDA:364,57,0,2
BRDA:364,57,1,0
BRDA:385,58,0,0
BRDA:385,58,1,3
BRDA:396,59,0,0
BRDA:396,59,1,2
BRDA:407,60,0,2
BRDA:407,60,1,4
BRDA:417,61,0,2
BRDA:417,61,1,1
BRDA:438,62,0,1
BRDA:438,62,1,4
BRDA:440,63,0,4
BRDA:440,63,1,3
BRDA:441,64,0,4
BRDA:441,64,1,3
BRDA:442,65,0,4
BRDA:442,65,1,4
BRDA:451,66,0,1
BRDA:451,66,1,0
BRDA:482,67,0,10
BRDA:482,67,1,4
BRDA:487,68,0,0
BRDA:487,68,1,2
BRDA:488,69,0,2
BRDA:488,69,1,0
BRDA:502,70,0,1
BRDA:502,70,1,3
BRDA:514,71,0,1
BRDA:514,71,1,2
BRDA:520,72,0,1
BRDA:520,72,1,3
BRDA:520,73,0,1
BRDA:520,73,1,0
BRDA:524,74,0,1
BRDA:524,74,1,1
BRDA:530,75,0,1
BRDA:530,75,1,2
BRDA:539,76,0,1
BRDA:539,76,1,11
BRDA:540,77,0,9
BRDA:540,77,1,2
BRDA:541,78,0,1
BRDA:541,78,1,10
BRDA:543,79,0,10
BRDA:543,79,1,1
BRDA:545,80,0,44
BRDA:545,80,1,16
BRDA:556,81,0,10
BRDA:556,81,1,0
BRDA:557,82,0,10
BRDA:557,82,1,0
BRDA:572,83,0,0
BRDA:572,83,1,3
BRDA:588,84,0,1
BRDA:588,84,1,2
BRDA:590,85,0,2
BRDA:590,85,1,2
BRDA:591,86,0,2
BRDA:591,86,1,0
BRDA:600,87,0,0
BRDA:600,87,1,0
BRDA:608,88,0,0
BRDA:608,88,1,0
BRDA:612,89,0,0
BRDA:612,89,1,0
BRDA:616,90,0,0
BRDA:616,90,1,0
BRDA:621,91,0,0
BRDA:621,91,1,0
BRDA:625,92,0,0
BRDA:625,92,1,0
BRDA:639,93,0,0
BRDA:639,93,1,1
BRF:188
BRH:141
end_of_record
