TN:
SF:src\catui.js
FN:6,(anonymous_0)
FN:49,(anonymous_1)
FN:55,(anonymous_2)
FN:60,(anonymous_3)
FN:65,(anonymous_4)
FN:80,(anonymous_5)
FN:89,(anonymous_6)
FN:92,(anonymous_7)
FN:105,(anonymous_8)
FN:107,(anonymous_9)
FN:119,(anonymous_10)
FN:128,(anonymous_11)
FN:132,(anonymous_12)
FN:156,(anonymous_13)
FN:170,(anonymous_14)
FN:179,(anonymous_15)
FN:201,(anonymous_16)
FN:203,(anonymous_17)
FN:215,(anonymous_18)
FN:236,(anonymous_19)
FN:244,(anonymous_20)
FN:252,(anonymous_21)
FN:275,(anonymous_22)
FN:288,(anonymous_23)
FN:311,(anonymous_24)
FN:332,(anonymous_25)
FN:337,(anonymous_26)
FN:352,(anonymous_27)
FN:379,(anonymous_28)
FNF:29
FNH:0
FNDA:0,(anonymous_0)
FNDA:0,(anonymous_1)
FNDA:0,(anonymous_2)
FNDA:0,(anonymous_3)
FNDA:0,(anonymous_4)
FNDA:0,(anonymous_5)
FNDA:0,(anonymous_6)
FNDA:0,(anonymous_7)
FNDA:0,(anonymous_8)
FNDA:0,(anonymous_9)
FNDA:0,(anonymous_10)
FNDA:0,(anonymous_11)
FNDA:0,(anonymous_12)
FNDA:0,(anonymous_13)
FNDA:0,(anonymous_14)
FNDA:0,(anonymous_15)
FNDA:0,(anonymous_16)
FNDA:0,(anonymous_17)
FNDA:0,(anonymous_18)
FNDA:0,(anonymous_19)
FNDA:0,(anonymous_20)
FNDA:0,(anonymous_21)
FNDA:0,(anonymous_22)
FNDA:0,(anonymous_23)
FNDA:0,(anonymous_24)
FNDA:0,(anonymous_25)
FNDA:0,(anonymous_26)
FNDA:0,(anonymous_27)
FNDA:0,(anonymous_28)
DA:6,0
DA:9,0
DA:10,0
DA:13,0
DA:16,0
DA:24,0
DA:49,0
DA:50,0
DA:51,0
DA:55,0
DA:56,0
DA:60,0
DA:61,0
DA:65,0
DA:67,0
DA:68,0
DA:69,0
DA:70,0
DA:71,0
DA:72,0
DA:73,0
DA:76,0
DA:80,0
DA:81,0
DA:82,0
DA:83,0
DA:85,0
DA:89,0
DA:90,0
DA:91,0
DA:92,0
DA:93,0
DA:100,0
DA:101,0
DA:105,0
DA:106,0
DA:107,0
DA:109,0
DA:110,0
DA:112,0
DA:115,0
DA:119,0
DA:120,0
DA:121,0
DA:122,0
DA:123,0
DA:124,0
DA:127,0
DA:128,0
DA:132,0
DA:134,0
DA:135,0
DA:136,0
DA:137,0
DA:138,0
DA:142,0
DA:144,0
DA:145,0
DA:148,0
DA:149,0
DA:150,0
DA:152,0
DA:156,0
DA:158,0
DA:159,0
DA:160,0
DA:161,0
DA:162,0
DA:164,0
DA:166,0
DA:170,0
DA:171,0
DA:174,0
DA:177,0
DA:179,0
DA:180,0
DA:181,0
DA:182,0
DA:183,0
DA:185,0
DA:186,0
DA:189,0
DA:190,0
DA:194,0
DA:197,0
DA:198,0
DA:199,0
DA:201,0
DA:203,0
DA:204,0
DA:205,0
DA:207,0
DA:208,0
DA:209,0
DA:210,0
DA:215,0
DA:216,0
DA:217,0
DA:218,0
DA:219,0
DA:220,0
DA:224,0
DA:228,0
DA:229,0
DA:232,0
DA:236,0
DA:237,0
DA:238,0
DA:240,0
DA:244,0
DA:245,0
DA:246,0
DA:248,0
DA:252,0
DA:253,0
DA:254,0
DA:255,0
DA:256,0
DA:257,0
DA:260,0
DA:261,0
DA:262,0
DA:263,0
DA:264,0
DA:268,0
DA:269,0
DA:270,0
DA:275,0
DA:276,0
DA:277,0
DA:278,0
DA:279,0
DA:281,0
DA:282,0
DA:284,0
DA:288,0
DA:290,0
DA:292,0
DA:293,0
DA:294,0
DA:295,0
DA:299,0
DA:300,0
DA:301,0
DA:302,0
DA:307,0
DA:311,0
DA:312,0
DA:313,0
DA:315,0
DA:318,0
DA:319,0
DA:321,0
DA:322,0
DA:324,0
DA:325,0
DA:326,0
DA:328,0
DA:332,0
DA:333,0
DA:337,0
DA:338,0
DA:339,0
DA:345,0
DA:349,0
DA:352,0
DA:353,0
DA:354,0
DA:356,0
DA:358,0
DA:359,0
DA:360,0
DA:362,0
DA:364,0
DA:365,0
DA:368,0
DA:372,0
DA:373,0
DA:379,0
DA:380,0
LF:180
LH:0
BRDA:50,0,0,0
BRDA:50,0,1,0
BRDA:51,1,0,0
BRDA:51,1,1,0
BRDA:51,1,2,0
BRDA:71,2,0,0
BRDA:71,2,1,0
BRDA:71,3,0,0
BRDA:71,3,1,0
BRDA:76,4,0,0
BRDA:76,4,1,0
BRDA:81,5,0,0
BRDA:81,5,1,0
BRDA:93,6,0,0
BRDA:93,6,1,0
BRDA:100,7,0,0
BRDA:100,7,1,0
BRDA:122,8,0,0
BRDA:122,8,1,0
BRDA:123,9,0,0
BRDA:123,9,1,0
BRDA:127,10,0,0
BRDA:127,10,1,0
BRDA:136,11,0,0
BRDA:136,11,1,0
BRDA:136,12,0,0
BRDA:136,12,1,0
BRDA:142,13,0,0
BRDA:142,13,1,0
BRDA:150,14,0,0
BRDA:150,14,1,0
BRDA:158,15,0,0
BRDA:158,15,1,0
BRDA:158,16,0,0
BRDA:158,16,1,0
BRDA:158,16,2,0
BRDA:161,17,0,0
BRDA:161,17,1,0
BRDA:171,18,0,0
BRDA:171,18,1,0
BRDA:174,19,0,0
BRDA:174,19,1,0
BRDA:177,20,0,0
BRDA:177,20,1,0
BRDA:180,21,0,0
BRDA:180,21,1,0
BRDA:182,22,0,0
BRDA:182,22,1,0
BRDA:185,23,0,0
BRDA:185,23,1,0
BRDA:204,24,0,0
BRDA:204,24,1,0
BRDA:209,25,0,0
BRDA:209,25,1,0
BRDA:219,26,0,0
BRDA:219,26,1,0
BRDA:237,27,0,0
BRDA:237,27,1,0
BRDA:237,28,0,0
BRDA:237,28,1,0
BRDA:245,29,0,0
BRDA:245,29,1,0
BRDA:245,30,0,0
BRDA:245,30,1,0
BRDA:254,31,0,0
BRDA:254,31,1,0
BRDA:255,32,0,0
BRDA:255,32,1,0
BRDA:255,33,0,0
BRDA:255,33,1,0
BRDA:256,34,0,0
BRDA:256,34,1,0
BRDA:256,35,0,0
BRDA:256,35,1,0
BRDA:257,36,0,0
BRDA:257,36,1,0
BRDA:260,37,0,0
BRDA:260,37,1,0
BRDA:261,38,0,0
BRDA:261,38,1,0
BRDA:268,39,0,0
BRDA:268,39,1,0
BRDA:269,40,0,0
BRDA:269,40,1,0
BRDA:276,41,0,0
BRDA:276,41,1,0
BRDA:277,42,0,0
BRDA:277,42,1,0
BRDA:277,43,0,0
BRDA:277,43,1,0
BRDA:278,44,0,0
BRDA:278,44,1,0
BRDA:278,45,0,0
BRDA:278,45,1,0
BRDA:279,46,0,0
BRDA:279,46,1,0
BRDA:281,47,0,0
BRDA:281,47,1,0
BRDA:290,48,0,0
BRDA:290,48,1,0
BRDA:292,49,0,0
BRDA:292,49,1,0
BRDA:294,50,0,0
BRDA:294,50,1,0
BRDA:300,51,0,0
BRDA:300,51,1,0
BRDA:301,52,0,0
BRDA:301,52,1,0
BRDA:312,53,0,0
BRDA:312,53,1,0
BRDA:313,54,0,0
BRDA:313,54,1,0
BRDA:315,55,0,0
BRDA:315,55,1,0
BRDA:315,56,0,0
BRDA:315,56,1,0
BRDA:318,57,0,0
BRDA:318,57,1,0
BRDA:321,58,0,0
BRDA:321,58,1,0
BRDA:324,59,0,0
BRDA:324,59,1,0
BRDA:325,60,0,0
BRDA:325,60,1,0
BRDA:328,61,0,0
BRDA:328,61,1,0
BRDA:345,62,0,0
BRDA:345,62,1,0
BRDA:353,63,0,0
BRDA:353,63,1,0
BRDA:356,64,0,0
BRDA:356,64,1,0
BRDA:360,65,0,0
BRDA:360,65,1,0
BRDA:364,66,0,0
BRDA:364,66,1,0
BRF:136
BRH:0
end_of_record
TN:
SF:src\modules\carousel.js
FN:7,(anonymous_0)
FN:13,(anonymous_1)
FN:36,(anonymous_2)
FN:43,(anonymous_3)
FN:49,(anonymous_4)
FN:57,(anonymous_5)
FN:63,(anonymous_6)
FN:68,(anonymous_7)
FN:83,(anonymous_8)
FN:86,(anonymous_9)
FN:89,(anonymous_10)
FN:92,(anonymous_11)
FN:95,(anonymous_12)
FN:98,(anonymous_13)
FN:101,(anonymous_14)
FN:104,(anonymous_15)
FN:114,(anonymous_16)
FN:157,(anonymous_17)
FN:167,(anonymous_18)
FN:237,(anonymous_19)
FN:262,(anonymous_20)
FN:269,(anonymous_21)
FN:276,(anonymous_22)
FN:298,(anonymous_23)
FN:305,(anonymous_24)
FN:313,(anonymous_25)
FN:316,(anonymous_26)
FN:324,(anonymous_27)
FN:330,(anonymous_28)
FN:350,(anonymous_29)
FN:357,(anonymous_30)
FN:363,(anonymous_31)
FN:372,(anonymous_32)
FN:399,(anonymous_33)
FN:406,(anonymous_34)
FN:413,(anonymous_35)
FN:446,(anonymous_36)
FN:465,(anonymous_37)
FN:471,(anonymous_38)
FN:478,(anonymous_39)
FNF:40
FNH:19
FNDA:1,(anonymous_0)
FNDA:50,(anonymous_1)
FNDA:0,(anonymous_2)
FNDA:10,(anonymous_3)
FNDA:0,(anonymous_4)
FNDA:2,(anonymous_5)
FNDA:10,(anonymous_6)
FNDA:0,(anonymous_7)
FNDA:10,(anonymous_8)
FNDA:1,(anonymous_9)
FNDA:0,(anonymous_10)
FNDA:0,(anonymous_11)
FNDA:0,(anonymous_12)
FNDA:1,(anonymous_13)
FNDA:1,(anonymous_14)
FNDA:1,(anonymous_15)
FNDA:1,(anonymous_16)
FNDA:0,(anonymous_17)
FNDA:10,(anonymous_18)
FNDA:10,(anonymous_19)
FNDA:0,(anonymous_20)
FNDA:10,(anonymous_21)
FNDA:30,(anonymous_22)
FNDA:0,(anonymous_23)
FNDA:10,(anonymous_24)
FNDA:0,(anonymous_25)
FNDA:0,(anonymous_26)
FNDA:0,(anonymous_27)
FNDA:0,(anonymous_28)
FNDA:11,(anonymous_29)
FNDA:0,(anonymous_30)
FNDA:1,(anonymous_31)
FNDA:0,(anonymous_32)
FNDA:0,(anonymous_33)
FNDA:0,(anonymous_34)
FNDA:0,(anonymous_35)
FNDA:1,(anonymous_36)
FNDA:0,(anonymous_37)
FNDA:0,(anonymous_38)
FNDA:0,(anonymous_39)
DA:7,1
DA:10,1
DA:13,50
DA:16,1
DA:19,1
DA:20,1
DA:21,1
DA:22,1
DA:23,1
DA:24,1
DA:25,1
DA:26,1
DA:27,1
DA:30,1
DA:37,0
DA:38,0
DA:39,0
DA:44,10
DA:45,10
DA:50,0
DA:51,0
DA:53,0
DA:58,2
DA:63,1
DA:64,10
DA:65,10
DA:67,10
DA:68,0
DA:69,0
DA:72,10
DA:73,10
DA:74,10
DA:75,10
DA:78,10
DA:79,10
DA:83,1
DA:84,10
DA:85,10
DA:87,1
DA:90,0
DA:93,0
DA:96,0
DA:99,1
DA:102,1
DA:105,1
DA:114,1
DA:115,1
DA:116,1
DA:119,1
DA:120,0
DA:121,0
DA:125,1
DA:126,1
DA:127,1
DA:131,1
DA:132,1
DA:133,1
DA:137,1
DA:141,1
DA:157,1
DA:158,0
DA:159,0
DA:161,0
DA:162,0
DA:163,0
DA:167,1
DA:168,10
DA:169,10
DA:170,10
DA:173,10
DA:174,10
DA:177,10
DA:178,0
DA:182,10
DA:185,10
DA:186,10
DA:187,0
DA:191,10
DA:194,10
DA:195,0
DA:202,10
DA:209,10
DA:210,10
DA:211,10
DA:214,10
DA:215,10
DA:218,10
DA:221,10
DA:224,10
DA:227,10
DA:230,10
DA:233,10
DA:237,1
DA:238,10
DA:239,10
DA:240,10
DA:243,10
DA:244,10
DA:246,10
DA:252,10
DA:253,0
DA:256,10
DA:257,10
DA:258,10
DA:262,10
DA:263,0
DA:264,0
DA:269,1
DA:270,10
DA:271,10
DA:272,10
DA:275,10
DA:276,10
DA:277,30
DA:280,10
DA:283,10
DA:284,0
DA:287,10
DA:288,10
DA:292,10
DA:293,0
DA:297,10
DA:298,10
DA:299,0
DA:300,0
DA:305,1
DA:306,10
DA:307,10
DA:308,10
DA:310,10
DA:313,10
DA:314,0
DA:315,0
DA:317,0
DA:318,0
DA:322,10
DA:324,10
DA:325,0
DA:326,0
DA:327,0
DA:330,10
DA:331,0
DA:332,0
DA:333,0
DA:334,0
DA:335,0
DA:336,0
DA:337,0
DA:340,0
DA:341,0
DA:342,0
DA:346,10
DA:350,1
DA:351,11
DA:352,11
DA:354,11
DA:355,0
DA:357,0
DA:358,0
DA:363,1
DA:364,1
DA:365,1
DA:366,1
DA:372,1
DA:373,0
DA:374,0
DA:375,0
DA:378,0
DA:380,0
DA:381,0
DA:384,0
DA:385,0
DA:386,0
DA:388,0
DA:389,0
DA:393,0
DA:396,0
DA:398,0
DA:399,0
DA:400,0
DA:401,0
DA:405,0
DA:406,0
DA:407,0
DA:408,0
DA:413,0
DA:414,0
DA:415,0
DA:416,0
DA:420,0
DA:421,0
DA:426,0
DA:434,0
DA:435,0
DA:439,0
DA:440,0
DA:441,0
DA:446,1
DA:447,1
DA:448,1
DA:449,1
DA:451,1
DA:452,1
DA:455,1
DA:458,1
DA:459,1
DA:460,1
DA:463,1
DA:464,0
DA:465,0
DA:466,0
DA:467,0
DA:470,1
DA:471,1
DA:472,0
DA:473,0
DA:478,1
DA:479,0
DA:480,0
DA:481,0
DA:485,1
DA:486,1
DA:491,1
DA:498,1
DA:499,0
DA:502,1
DA:503,1
DA:504,0
DA:509,1
DA:512,1
DA:513,0
LF:231
LH:138
BRDA:50,0,0,0
BRDA:50,0,1,0
BRDA:50,1,0,0
BRDA:50,1,1,0
BRDA:67,2,0,0
BRDA:67,2,1,10
BRDA:74,3,0,10
BRDA:74,3,1,0
BRDA:119,4,0,0
BRDA:119,4,1,1
BRDA:125,5,0,1
BRDA:125,5,1,0
BRDA:127,6,0,1
BRDA:127,6,1,0
BRDA:131,7,0,1
BRDA:131,7,1,0
BRDA:131,8,0,1
BRDA:131,8,1,1
BRDA:161,9,0,0
BRDA:161,9,1,0
BRDA:174,10,0,0
BRDA:174,10,1,10
BRDA:177,11,0,0
BRDA:177,11,1,10
BRDA:185,12,0,0
BRDA:185,12,1,10
BRDA:186,13,0,0
BRDA:186,13,1,10
BRDA:186,14,0,10
BRDA:186,14,1,10
BRDA:191,15,0,1
BRDA:191,15,1,9
BRDA:194,16,0,0
BRDA:194,16,1,10
BRDA:221,17,0,0
BRDA:221,17,1,10
BRDA:243,18,0,0
BRDA:243,18,1,10
BRDA:244,19,0,0
BRDA:244,19,1,10
BRDA:252,20,0,0
BRDA:252,20,1,10
BRDA:256,21,0,10
BRDA:256,21,1,0
BRDA:277,22,0,10
BRDA:277,22,1,20
BRDA:283,23,0,0
BRDA:283,23,1,10
BRDA:287,24,0,10
BRDA:287,24,1,0
BRDA:292,25,0,0
BRDA:292,25,1,10
BRDA:297,26,0,0
BRDA:297,26,1,10
BRDA:310,27,0,0
BRDA:310,27,1,10
BRDA:314,28,0,0
BRDA:314,28,1,0
BRDA:317,29,0,0
BRDA:317,29,1,0
BRDA:335,30,0,0
BRDA:335,30,1,0
BRDA:337,31,0,0
BRDA:337,31,1,0
BRDA:340,32,0,0
BRDA:340,32,1,0
BRDA:341,33,0,0
BRDA:341,33,1,0
BRDA:342,34,0,0
BRDA:342,34,1,0
BRDA:354,35,0,11
BRDA:354,35,1,0
BRDA:355,36,0,0
BRDA:355,36,1,0
BRDA:365,37,0,0
BRDA:365,37,1,1
BRDA:378,38,0,0
BRDA:378,38,1,0
BRDA:378,39,0,0
BRDA:378,39,1,0
BRDA:380,40,0,0
BRDA:380,40,1,0
BRDA:384,41,0,0
BRDA:384,41,1,0
BRDA:386,42,0,0
BRDA:386,42,1,0
BRDA:389,43,0,0
BRDA:389,43,1,0
BRDA:396,44,0,0
BRDA:396,44,1,0
BRDA:420,45,0,0
BRDA:420,45,1,0
BRDA:434,46,0,0
BRDA:434,46,1,0
BRDA:439,47,0,0
BRDA:439,47,1,0
BRDA:440,48,0,0
BRDA:440,48,1,0
BRDA:440,49,0,0
BRDA:440,49,1,0
BRDA:451,50,0,0
BRDA:451,50,1,1
BRDA:451,51,0,1
BRDA:451,51,1,1
BRDA:452,52,0,0
BRDA:452,52,1,1
BRDA:452,53,0,1
BRDA:452,53,1,1
BRDA:455,54,0,1
BRDA:455,54,1,0
BRDA:463,55,0,0
BRDA:463,55,1,1
BRDA:485,56,0,1
BRDA:485,56,1,0
BRDA:498,57,0,0
BRDA:498,57,1,1
BRDA:502,58,0,1
BRDA:502,58,1,1
BRDA:503,59,0,0
BRDA:503,59,1,1
BRDA:503,60,0,1
BRDA:503,60,1,0
BRDA:512,61,0,0
BRDA:512,61,1,1
BRF:124
BRH:46
end_of_record
TN:
SF:src\modules\code.js
FN:6,(anonymous_0)
FN:13,(anonymous_1)
FN:27,(anonymous_2)
FN:34,(anonymous_3)
FN:39,(anonymous_4)
FN:45,(anonymous_5)
FN:67,(anonymous_6)
FN:89,(anonymous_7)
FN:110,(anonymous_8)
FN:120,(anonymous_9)
FN:135,(anonymous_10)
FN:152,(anonymous_11)
FN:172,(anonymous_12)
FN:189,(anonymous_13)
FN:199,(anonymous_14)
FN:201,(anonymous_15)
FN:208,(anonymous_16)
FN:224,(anonymous_17)
FN:226,(anonymous_18)
FN:228,(anonymous_19)
FN:238,(anonymous_20)
FNF:21
FNH:0
FNDA:0,(anonymous_0)
FNDA:0,(anonymous_1)
FNDA:0,(anonymous_2)
FNDA:0,(anonymous_3)
FNDA:0,(anonymous_4)
FNDA:0,(anonymous_5)
FNDA:0,(anonymous_6)
FNDA:0,(anonymous_7)
FNDA:0,(anonymous_8)
FNDA:0,(anonymous_9)
FNDA:0,(anonymous_10)
FNDA:0,(anonymous_11)
FNDA:0,(anonymous_12)
FNDA:0,(anonymous_13)
FNDA:0,(anonymous_14)
FNDA:0,(anonymous_15)
FNDA:0,(anonymous_16)
FNDA:0,(anonymous_17)
FNDA:0,(anonymous_18)
FNDA:0,(anonymous_19)
FNDA:0,(anonymous_20)
DA:6,0
DA:9,0
DA:10,0
DA:13,0
DA:16,0
DA:23,0
DA:28,0
DA:29,0
DA:30,0
DA:35,0
DA:36,0
DA:38,0
DA:39,0
DA:40,0
DA:46,0
DA:47,0
DA:49,0
DA:50,0
DA:52,0
DA:53,0
DA:54,0
DA:56,0
DA:57,0
DA:58,0
DA:61,0
DA:62,0
DA:68,0
DA:69,0
DA:70,0
DA:73,0
DA:77,0
DA:80,0
DA:81,0
DA:82,0
DA:83,0
DA:85,0
DA:91,0
DA:93,0
DA:96,0
DA:99,0
DA:101,0
DA:103,0
DA:105,0
DA:112,0
DA:115,0
DA:116,0
DA:119,0
DA:120,0
DA:121,0
DA:122,0
DA:126,0
DA:129,0
DA:131,0
DA:137,0
DA:140,0
DA:143,0
DA:146,0
DA:148,0
DA:154,0
DA:157,0
DA:160,0
DA:163,0
DA:166,0
DA:168,0
DA:174,0
DA:177,0
DA:180,0
DA:183,0
DA:185,0
DA:190,0
DA:200,0
DA:201,0
DA:202,0
DA:204,0
DA:209,0
DA:210,0
DA:212,0
DA:213,0
DA:215,0
DA:216,0
DA:218,0
DA:219,0
DA:220,0
DA:221,0
DA:222,0
DA:224,0
DA:225,0
DA:226,0
DA:227,0
DA:228,0
DA:229,0
DA:234,0
DA:239,0
DA:240,0
DA:242,0
DA:247,0
DA:250,0
DA:251,0
LF:98
LH:0
BRDA:36,0,0,0
BRDA:36,0,1,0
BRDA:38,1,0,0
BRDA:38,1,1,0
BRDA:47,2,0,0
BRDA:47,2,1,0
BRDA:50,3,0,0
BRDA:50,3,1,0
BRDA:50,4,0,0
BRDA:50,4,1,0
BRDA:53,5,0,0
BRDA:53,5,1,0
BRDA:61,6,0,0
BRDA:61,6,1,0
BRDA:61,7,0,0
BRDA:61,7,1,0
BRDA:68,8,0,0
BRDA:68,8,1,0
BRDA:70,9,0,0
BRDA:70,9,1,0
BRDA:70,10,0,0
BRDA:70,10,1,0
BRDA:73,11,0,0
BRDA:73,11,1,0
BRDA:73,11,2,0
BRDA:77,12,0,0
BRDA:77,12,1,0
BRDA:80,13,0,0
BRDA:80,13,1,0
BRDA:81,14,0,0
BRDA:81,14,1,0
BRDA:82,15,0,0
BRDA:82,15,1,0
BRDA:83,16,0,0
BRDA:83,16,1,0
BRDA:83,17,0,0
BRDA:83,17,1,0
BRDA:93,18,0,0
BRDA:93,18,1,0
BRDA:93,18,2,0
BRDA:93,18,3,0
BRDA:93,18,4,0
BRDA:93,18,5,0
BRDA:93,18,6,0
BRDA:210,19,0,0
BRDA:210,19,1,0
BRDA:225,20,0,0
BRDA:225,20,1,0
BRDA:239,21,0,0
BRDA:239,21,1,0
BRDA:239,22,0,0
BRDA:239,22,1,0
BRDA:250,23,0,0
BRDA:250,23,1,0
BRF:54
BRH:0
end_of_record
TN:
SF:src\modules\colorpicker.js
FN:7,(anonymous_0)
FN:14,(anonymous_1)
FN:31,(anonymous_2)
FN:38,(anonymous_3)
FN:41,(anonymous_4)
FN:44,(anonymous_5)
FN:52,(anonymous_6)
FN:57,(anonymous_7)
FN:66,(anonymous_8)
FN:71,(anonymous_9)
FN:105,(anonymous_10)
FN:142,(anonymous_11)
FN:192,(anonymous_12)
FN:231,(anonymous_13)
FN:250,(anonymous_14)
FN:281,(anonymous_15)
FN:286,(anonymous_16)
FN:297,(anonymous_17)
FN:305,(anonymous_18)
FN:315,(anonymous_19)
FN:321,(anonymous_20)
FN:328,(anonymous_21)
FN:335,(anonymous_22)
FN:341,(anonymous_23)
FN:352,(anonymous_24)
FN:362,(anonymous_25)
FN:367,(anonymous_26)
FN:372,(anonymous_27)
FN:381,(anonymous_28)
FN:397,(anonymous_29)
FN:411,(anonymous_30)
FN:424,(anonymous_31)
FN:430,(anonymous_32)
FN:438,(anonymous_33)
FN:450,(anonymous_34)
FN:458,(anonymous_35)
FN:473,(anonymous_36)
FN:489,(anonymous_37)
FN:492,(anonymous_38)
FN:503,(anonymous_39)
FN:504,(anonymous_40)
FN:511,(anonymous_41)
FN:534,(anonymous_42)
FNF:43
FNH:0
FNDA:0,(anonymous_0)
FNDA:0,(anonymous_1)
FNDA:0,(anonymous_2)
FNDA:0,(anonymous_3)
FNDA:0,(anonymous_4)
FNDA:0,(anonymous_5)
FNDA:0,(anonymous_6)
FNDA:0,(anonymous_7)
FNDA:0,(anonymous_8)
FNDA:0,(anonymous_9)
FNDA:0,(anonymous_10)
FNDA:0,(anonymous_11)
FNDA:0,(anonymous_12)
FNDA:0,(anonymous_13)
FNDA:0,(anonymous_14)
FNDA:0,(anonymous_15)
FNDA:0,(anonymous_16)
FNDA:0,(anonymous_17)
FNDA:0,(anonymous_18)
FNDA:0,(anonymous_19)
FNDA:0,(anonymous_20)
FNDA:0,(anonymous_21)
FNDA:0,(anonymous_22)
FNDA:0,(anonymous_23)
FNDA:0,(anonymous_24)
FNDA:0,(anonymous_25)
FNDA:0,(anonymous_26)
FNDA:0,(anonymous_27)
FNDA:0,(anonymous_28)
FNDA:0,(anonymous_29)
FNDA:0,(anonymous_30)
FNDA:0,(anonymous_31)
FNDA:0,(anonymous_32)
FNDA:0,(anonymous_33)
FNDA:0,(anonymous_34)
FNDA:0,(anonymous_35)
FNDA:0,(anonymous_36)
FNDA:0,(anonymous_37)
FNDA:0,(anonymous_38)
FNDA:0,(anonymous_39)
FNDA:0,(anonymous_40)
FNDA:0,(anonymous_41)
FNDA:0,(anonymous_42)
DA:7,0
DA:10,0
DA:11,0
DA:14,0
DA:17,0
DA:20,0
DA:23,0
DA:26,0
DA:32,0
DA:33,0
DA:34,0
DA:39,0
DA:40,0
DA:42,0
DA:45,0
DA:53,0
DA:58,0
DA:59,0
DA:61,0
DA:66,0
DA:67,0
DA:68,0
DA:70,0
DA:71,0
DA:72,0
DA:75,0
DA:76,0
DA:77,0
DA:79,0
DA:80,0
DA:84,0
DA:96,0
DA:105,0
DA:106,0
DA:107,0
DA:108,0
DA:110,0
DA:111,0
DA:114,0
DA:115,0
DA:116,0
DA:119,0
DA:120,0
DA:121,0
DA:124,0
DA:125,0
DA:126,0
DA:128,0
DA:130,0
DA:131,0
DA:133,0
DA:134,0
DA:135,0
DA:138,0
DA:142,0
DA:143,0
DA:144,0
DA:145,0
DA:148,0
DA:149,0
DA:152,0
DA:153,0
DA:154,0
DA:157,0
DA:158,0
DA:159,0
DA:162,0
DA:163,0
DA:166,0
DA:167,0
DA:168,0
DA:169,0
DA:170,0
DA:171,0
DA:174,0
DA:175,0
DA:176,0
DA:177,0
DA:179,0
DA:180,0
DA:181,0
DA:184,0
DA:187,0
DA:188,0
DA:189,0
DA:190,0
DA:192,0
DA:193,0
DA:194,0
DA:195,0
DA:196,0
DA:197,0
DA:200,0
DA:201,0
DA:205,0
DA:206,0
DA:207,0
DA:212,0
DA:213,0
DA:215,0
DA:216,0
DA:219,0
DA:222,0
DA:225,0
DA:227,0
DA:231,0
DA:232,0
DA:233,0
DA:234,0
DA:236,0
DA:237,0
DA:240,0
DA:241,0
DA:242,0
DA:245,0
DA:246,0
DA:250,0
DA:251,0
DA:252,0
DA:253,0
DA:254,0
DA:257,0
DA:258,0
DA:261,0
DA:262,0
DA:265,0
DA:268,0
DA:269,0
DA:271,0
DA:275,0
DA:276,0
DA:281,0
DA:282,0
DA:283,0
DA:286,0
DA:287,0
DA:289,0
DA:290,0
DA:292,0
DA:297,0
DA:298,0
DA:299,0
DA:305,0
DA:306,0
DA:307,0
DA:310,0
DA:311,0
DA:312,0
DA:315,0
DA:316,0
DA:317,0
DA:321,0
DA:322,0
DA:323,0
DA:327,0
DA:328,0
DA:329,0
DA:330,0
DA:335,0
DA:336,0
DA:337,0
DA:338,0
DA:341,0
DA:342,0
DA:343,0
DA:344,0
DA:347,0
DA:348,0
DA:351,0
DA:352,0
DA:353,0
DA:354,0
DA:355,0
DA:356,0
DA:362,0
DA:363,0
DA:367,0
DA:368,0
DA:372,0
DA:373,0
DA:374,0
DA:375,0
DA:381,0
DA:382,0
DA:383,0
DA:384,0
DA:385,0
DA:387,0
DA:388,0
DA:389,0
DA:391,0
DA:392,0
DA:393,0
DA:397,0
DA:398,0
DA:399,0
DA:400,0
DA:402,0
DA:403,0
DA:405,0
DA:406,0
DA:407,0
DA:411,0
DA:412,0
DA:413,0
DA:414,0
DA:416,0
DA:418,0
DA:419,0
DA:420,0
DA:424,0
DA:425,0
DA:426,0
DA:430,0
DA:431,0
DA:432,0
DA:433,0
DA:438,0
DA:439,0
DA:441,0
DA:442,0
DA:445,0
DA:446,0
DA:450,0
DA:451,0
DA:452,0
DA:453,0
DA:458,0
DA:459,0
DA:461,0
DA:463,0
DA:464,0
DA:466,0
DA:467,0
DA:468,0
DA:473,0
DA:474,0
DA:475,0
DA:477,0
DA:478,0
DA:479,0
DA:480,0
DA:482,0
DA:485,0
DA:489,0
DA:490,0
DA:491,0
DA:492,0
DA:494,0
DA:495,0
DA:503,0
DA:504,0
DA:505,0
DA:506,0
DA:511,0
DA:512,0
DA:513,0
DA:514,0
DA:515,0
DA:516,0
DA:517,0
DA:519,0
DA:520,0
DA:522,0
DA:523,0
DA:524,0
DA:525,0
DA:527,0
DA:530,0
DA:534,0
DA:535,0
DA:537,0
DA:538,0
DA:539,0
DA:540,0
DA:541,0
DA:543,0
DA:544,0
DA:545,0
DA:546,0
DA:547,0
DA:548,0
DA:549,0
DA:552,0
DA:556,0
DA:559,0
DA:560,0
LF:287
LH:0
BRDA:58,0,0,0
BRDA:58,0,1,0
BRDA:58,1,0,0
BRDA:58,1,1,0
BRDA:70,2,0,0
BRDA:70,2,1,0
BRDA:77,3,0,0
BRDA:77,3,1,0
BRDA:111,4,0,0
BRDA:111,4,1,0
BRDA:114,5,0,0
BRDA:114,5,1,0
BRDA:119,6,0,0
BRDA:119,6,1,0
BRDA:174,7,0,0
BRDA:174,7,1,0
BRDA:187,8,0,0
BRDA:187,8,1,0
BRDA:188,9,0,0
BRDA:188,9,1,0
BRDA:241,10,0,0
BRDA:241,10,1,0
BRDA:268,11,0,0
BRDA:268,11,1,0
BRDA:268,12,0,0
BRDA:268,12,1,0
BRDA:275,13,0,0
BRDA:275,13,1,0
BRDA:289,14,0,0
BRDA:289,14,1,0
BRDA:289,15,0,0
BRDA:289,15,1,0
BRDA:298,16,0,0
BRDA:298,16,1,0
BRDA:298,17,0,0
BRDA:298,17,1,0
BRDA:298,17,2,0
BRDA:327,18,0,0
BRDA:327,18,1,0
BRDA:327,19,0,0
BRDA:327,19,1,0
BRDA:336,20,0,0
BRDA:336,20,1,0
BRDA:337,21,0,0
BRDA:337,21,1,0
BRDA:338,22,0,0
BRDA:338,22,1,0
BRDA:351,23,0,0
BRDA:351,23,1,0
BRDA:354,24,0,0
BRDA:354,24,1,0
BRDA:368,25,0,0
BRDA:368,25,1,0
BRDA:374,26,0,0
BRDA:374,26,1,0
BRDA:432,27,0,0
BRDA:432,27,1,0
BRDA:441,28,0,0
BRDA:441,28,1,0
BRDA:452,29,0,0
BRDA:452,29,1,0
BRDA:461,30,0,0
BRDA:461,30,1,0
BRDA:467,31,0,0
BRDA:467,31,1,0
BRDA:477,32,0,0
BRDA:477,32,1,0
BRDA:477,33,0,0
BRDA:477,33,1,0
BRDA:479,34,0,0
BRDA:479,34,1,0
BRDA:491,35,0,0
BRDA:491,35,1,0
BRDA:506,36,0,0
BRDA:506,36,1,0
BRDA:517,37,0,0
BRDA:517,37,1,0
BRDA:519,38,0,0
BRDA:519,38,1,0
BRDA:522,39,0,0
BRDA:522,39,1,0
BRDA:522,39,2,0
BRDA:523,40,0,0
BRDA:523,40,1,0
BRDA:543,41,0,0
BRDA:543,41,1,0
BRDA:543,41,2,0
BRDA:543,41,3,0
BRDA:543,41,4,0
BRDA:543,41,5,0
BRDA:559,42,0,0
BRDA:559,42,1,0
BRF:92
BRH:0
end_of_record
TN:
SF:src\modules\cui.js
FN:7,(anonymous_0)
FN:20,(anonymous_1)
FN:25,(anonymous_2)
FN:86,(anonymous_3)
FN:133,isPlainObject
FN:140,(anonymous_5)
FN:158,(anonymous_6)
FN:166,(anonymous_7)
FN:167,(anonymous_8)
FN:168,(anonymous_9)
FN:185,(anonymous_10)
FN:222,(anonymous_11)
FN:233,(anonymous_12)
FN:242,(anonymous_13)
FN:243,(anonymous_14)
FN:251,(anonymous_15)
FN:257,(anonymous_16)
FN:259,(anonymous_17)
FN:271,(anonymous_18)
FN:276,(anonymous_19)
FN:281,(anonymous_20)
FN:286,(anonymous_21)
FN:288,(anonymous_22)
FN:302,(anonymous_23)
FN:304,(anonymous_24)
FN:319,(anonymous_25)
FN:321,(anonymous_26)
FN:331,(anonymous_27)
FN:333,(anonymous_28)
FN:345,(anonymous_29)
FN:347,(anonymous_30)
FN:366,(anonymous_31)
FN:368,(anonymous_32)
FN:380,(anonymous_33)
FN:382,(anonymous_34)
FN:394,(anonymous_35)
FN:396,(anonymous_36)
FN:406,(anonymous_37)
FN:408,(anonymous_38)
FN:418,(anonymous_39)
FN:419,(anonymous_40)
FN:429,(anonymous_41)
FN:434,(anonymous_42)
FN:441,(anonymous_43)
FN:448,(anonymous_44)
FN:454,(anonymous_45)
FN:455,(anonymous_46)
FN:461,(anonymous_47)
FN:465,(anonymous_48)
FN:471,(anonymous_49)
FN:478,(anonymous_50)
FN:485,(anonymous_51)
FN:491,(anonymous_52)
FN:495,(anonymous_53)
FN:501,(anonymous_54)
FN:505,(anonymous_55)
FN:511,(anonymous_56)
FN:515,(anonymous_57)
FN:521,(anonymous_58)
FN:546,(anonymous_59)
FN:547,(anonymous_60)
FN:561,(anonymous_61)
FN:562,(anonymous_62)
FN:572,(anonymous_63)
FN:573,(anonymous_64)
FN:583,(anonymous_65)
FN:584,(anonymous_66)
FN:594,(anonymous_67)
FN:595,(anonymous_68)
FN:603,(anonymous_69)
FN:604,(anonymous_70)
FN:610,(anonymous_71)
FN:612,(anonymous_72)
FN:619,(anonymous_73)
FN:620,(anonymous_74)
FN:634,(anonymous_75)
FN:635,(anonymous_76)
FN:644,(anonymous_77)
FN:645,(anonymous_78)
FN:651,(anonymous_79)
FN:652,(anonymous_80)
FN:665,(anonymous_81)
FN:678,(anonymous_82)
FN:685,(anonymous_83)
FN:692,(anonymous_84)
FN:714,(anonymous_85)
FN:717,(anonymous_86)
FN:723,(anonymous_87)
FN:733,(anonymous_88)
FN:737,(anonymous_89)
FN:754,(anonymous_90)
FN:765,(anonymous_91)
FN:766,(anonymous_92)
FN:779,(anonymous_93)
FN:789,(anonymous_94)
FN:798,(anonymous_95)
FN:806,(anonymous_96)
FN:814,(anonymous_97)
FN:825,(anonymous_98)
FN:836,(anonymous_99)
FN:842,(anonymous_100)
FN:852,(anonymous_101)
FN:858,(anonymous_102)
FN:868,(anonymous_103)
FN:875,(anonymous_104)
FN:877,(anonymous_105)
FN:882,(anonymous_106)
FN:893,(anonymous_107)
FN:895,(anonymous_108)
FN:899,(anonymous_109)
FNF:110
FNH:43
FNDA:4,(anonymous_0)
FNDA:185,(anonymous_1)
FNDA:185,(anonymous_2)
FNDA:29,(anonymous_3)
FNDA:22,isPlainObject
FNDA:282,(anonymous_5)
FNDA:0,(anonymous_6)
FNDA:0,(anonymous_7)
FNDA:0,(anonymous_8)
FNDA:0,(anonymous_9)
FNDA:0,(anonymous_10)
FNDA:0,(anonymous_11)
FNDA:0,(anonymous_12)
FNDA:0,(anonymous_13)
FNDA:0,(anonymous_14)
FNDA:280,(anonymous_15)
FNDA:60,(anonymous_16)
FNDA:60,(anonymous_17)
FNDA:19,(anonymous_18)
FNDA:0,(anonymous_19)
FNDA:0,(anonymous_20)
FNDA:1,(anonymous_21)
FNDA:1,(anonymous_22)
FNDA:0,(anonymous_23)
FNDA:0,(anonymous_24)
FNDA:0,(anonymous_25)
FNDA:0,(anonymous_26)
FNDA:0,(anonymous_27)
FNDA:0,(anonymous_28)
FNDA:1,(anonymous_29)
FNDA:1,(anonymous_30)
FNDA:0,(anonymous_31)
FNDA:0,(anonymous_32)
FNDA:0,(anonymous_33)
FNDA:0,(anonymous_34)
FNDA:14,(anonymous_35)
FNDA:14,(anonymous_36)
FNDA:12,(anonymous_37)
FNDA:33,(anonymous_38)
FNDA:2,(anonymous_39)
FNDA:2,(anonymous_40)
FNDA:27,(anonymous_41)
FNDA:34,(anonymous_42)
FNDA:0,(anonymous_43)
FNDA:31,(anonymous_44)
FNDA:0,(anonymous_45)
FNDA:0,(anonymous_46)
FNDA:0,(anonymous_47)
FNDA:0,(anonymous_48)
FNDA:10,(anonymous_49)
FNDA:10,(anonymous_50)
FNDA:0,(anonymous_51)
FNDA:10,(anonymous_52)
FNDA:9,(anonymous_53)
FNDA:4,(anonymous_54)
FNDA:1,(anonymous_55)
FNDA:3,(anonymous_56)
FNDA:1,(anonymous_57)
FNDA:0,(anonymous_58)
FNDA:31,(anonymous_59)
FNDA:31,(anonymous_60)
FNDA:1,(anonymous_61)
FNDA:1,(anonymous_62)
FNDA:0,(anonymous_63)
FNDA:0,(anonymous_64)
FNDA:0,(anonymous_65)
FNDA:0,(anonymous_66)
FNDA:2,(anonymous_67)
FNDA:2,(anonymous_68)
FNDA:0,(anonymous_69)
FNDA:0,(anonymous_70)
FNDA:0,(anonymous_71)
FNDA:0,(anonymous_72)
FNDA:0,(anonymous_73)
FNDA:0,(anonymous_74)
FNDA:0,(anonymous_75)
FNDA:0,(anonymous_76)
FNDA:0,(anonymous_77)
FNDA:0,(anonymous_78)
FNDA:0,(anonymous_79)
FNDA:0,(anonymous_80)
FNDA:59,(anonymous_81)
FNDA:89,(anonymous_82)
FNDA:109,(anonymous_83)
FNDA:1,(anonymous_84)
FNDA:18,(anonymous_85)
FNDA:0,(anonymous_86)
FNDA:0,(anonymous_87)
FNDA:18,(anonymous_88)
FNDA:0,(anonymous_89)
FNDA:0,(anonymous_90)
FNDA:0,(anonymous_91)
FNDA:0,(anonymous_92)
FNDA:0,(anonymous_93)
FNDA:0,(anonymous_94)
FNDA:0,(anonymous_95)
FNDA:0,(anonymous_96)
FNDA:0,(anonymous_97)
FNDA:0,(anonymous_98)
FNDA:0,(anonymous_99)
FNDA:0,(anonymous_100)
FNDA:0,(anonymous_101)
FNDA:0,(anonymous_102)
FNDA:0,(anonymous_103)
FNDA:0,(anonymous_104)
FNDA:0,(anonymous_105)
FNDA:0,(anonymous_106)
FNDA:0,(anonymous_107)
FNDA:0,(anonymous_108)
FNDA:0,(anonymous_109)
DA:7,4
DA:11,4
DA:13,4
DA:14,4
DA:17,4
DA:20,4
DA:21,185
DA:25,4
DA:26,185
DA:27,185
DA:29,185
DA:32,185
DA:35,185
DA:36,67
DA:39,67
DA:40,21
DA:41,21
DA:42,21
DA:45,46
DA:49,118
DA:50,56
DA:53,62
DA:54,0
DA:57,62
DA:58,62
DA:61,0
DA:62,0
DA:63,0
DA:65,0
DA:67,0
DA:71,185
DA:72,237
DA:74,185
DA:76,185
DA:80,4
DA:81,4
DA:86,4
DA:87,29
DA:88,29
DA:89,29
DA:90,29
DA:93,29
DA:94,7
DA:95,7
DA:96,7
DA:100,29
DA:101,0
DA:104,29
DA:105,73
DA:106,73
DA:108,73
DA:109,467
DA:110,467
DA:111,467
DA:114,467
DA:117,467
DA:118,6
DA:121,6
DA:122,461
DA:123,461
DA:129,29
DA:134,22
DA:135,7
DA:136,7
DA:140,4
DA:141,282
DA:143,282
DA:144,281
DA:145,367
DA:148,1
DA:149,2
DA:150,2
DA:154,282
DA:158,4
DA:159,0
DA:171,0
DA:173,0
DA:176,0
DA:177,0
DA:181,0
DA:182,0
DA:185,0
DA:186,0
DA:187,0
DA:188,0
DA:189,0
DA:190,0
DA:191,0
DA:193,0
DA:195,0
DA:201,0
DA:202,0
DA:203,0
DA:204,0
DA:205,0
DA:207,0
DA:208,0
DA:210,0
DA:213,0
DA:217,0
DA:218,0
DA:222,4
DA:223,0
DA:224,0
DA:225,0
DA:226,0
DA:229,0
DA:233,4
DA:234,0
DA:235,0
DA:237,0
DA:242,4
DA:243,0
DA:244,0
DA:251,4
DA:252,280
DA:253,280
DA:257,4
DA:258,60
DA:259,60
DA:260,60
DA:261,60
DA:262,96
DA:263,96
DA:267,60
DA:271,4
DA:272,19
DA:276,4
DA:277,0
DA:281,4
DA:282,0
DA:286,4
DA:287,1
DA:288,1
DA:289,1
DA:290,1
DA:291,1
DA:292,1
DA:293,1
DA:298,1
DA:302,4
DA:303,0
DA:304,0
DA:305,0
DA:306,0
DA:307,0
DA:308,0
DA:309,0
DA:312,0
DA:315,0
DA:319,4
DA:320,0
DA:321,0
DA:322,0
DA:323,0
DA:324,0
DA:327,0
DA:331,4
DA:332,0
DA:333,0
DA:334,0
DA:335,0
DA:336,0
DA:337,0
DA:341,0
DA:345,4
DA:346,1
DA:347,1
DA:348,1
DA:349,1
DA:350,1
DA:351,1
DA:352,3
DA:353,2
DA:354,2
DA:355,2
DA:362,1
DA:366,4
DA:367,0
DA:368,0
DA:369,0
DA:370,0
DA:371,0
DA:372,0
DA:376,0
DA:380,4
DA:381,0
DA:382,0
DA:383,0
DA:384,0
DA:385,0
DA:386,0
DA:390,0
DA:394,4
DA:395,14
DA:396,14
DA:397,14
DA:398,14
DA:399,14
DA:406,4
DA:407,12
DA:408,12
DA:409,33
DA:410,33
DA:411,33
DA:418,4
DA:419,2
DA:420,2
DA:421,0
DA:423,2
DA:429,4
DA:430,27
DA:434,4
DA:436,34
DA:437,3
DA:440,31
DA:441,0
DA:442,0
DA:443,0
DA:448,31
DA:449,31
DA:454,4
DA:455,0
DA:456,0
DA:461,4
DA:462,0
DA:463,0
DA:465,0
DA:466,0
DA:471,4
DA:473,10
DA:474,0
DA:477,10
DA:478,10
DA:479,10
DA:480,20
DA:485,0
DA:486,0
DA:491,4
DA:492,10
DA:493,1
DA:495,9
DA:496,9
DA:501,4
DA:502,4
DA:503,3
DA:505,1
DA:506,1
DA:511,4
DA:512,3
DA:513,2
DA:515,1
DA:516,1
DA:521,4
DA:522,0
DA:523,0
DA:525,0
DA:528,0
DA:529,0
DA:532,0
DA:534,0
DA:535,0
DA:537,0
DA:540,0
DA:541,0
DA:542,0
DA:546,4
DA:547,31
DA:548,31
DA:549,1
DA:550,30
DA:551,30
DA:552,0
DA:553,0
DA:554,0
DA:561,4
DA:562,1
DA:563,1
DA:564,1
DA:565,0
DA:566,0
DA:572,4
DA:573,0
DA:574,0
DA:575,0
DA:576,0
DA:577,0
DA:583,4
DA:584,0
DA:585,0
DA:586,0
DA:587,0
DA:588,0
DA:594,4
DA:595,2
DA:596,2
DA:597,2
DA:603,4
DA:604,0
DA:605,0
DA:610,4
DA:611,0
DA:612,0
DA:613,0
DA:615,0
DA:619,4
DA:620,0
DA:621,0
DA:624,0
DA:625,0
DA:626,0
DA:628,0
DA:629,0
DA:634,4
DA:635,0
DA:636,0
DA:637,0
DA:638,0
DA:644,4
DA:645,0
DA:646,0
DA:651,4
DA:652,0
DA:653,0
DA:654,0
DA:656,0
DA:662,4
DA:665,4
DA:668,59
DA:669,59
DA:670,59
DA:672,0
DA:673,0
DA:676,59
DA:678,59
DA:680,89
DA:681,79
DA:683,89
DA:685,89
DA:687,109
DA:688,109
DA:689,109
DA:692,109
DA:693,1
DA:694,0
DA:695,0
DA:696,0
DA:699,1
DA:704,109
DA:705,109
DA:706,109
DA:708,109
DA:714,4
DA:715,18
DA:717,0
DA:718,0
DA:719,0
DA:721,0
DA:722,0
DA:723,0
DA:724,0
DA:727,0
DA:731,18
DA:733,18
DA:734,18
DA:735,18
DA:737,0
DA:738,0
DA:739,0
DA:740,0
DA:743,0
DA:744,0
DA:745,0
DA:746,0
DA:749,0
DA:751,0
DA:753,0
DA:754,0
DA:755,0
DA:757,0
DA:765,4
DA:766,0
DA:768,0
DA:769,0
DA:771,0
DA:772,0
DA:774,0
DA:779,4
DA:780,0
DA:781,0
DA:782,0
DA:789,4
DA:790,0
DA:791,0
DA:798,4
DA:799,0
DA:800,0
DA:802,0
DA:806,4
DA:807,0
DA:808,0
DA:810,0
DA:814,4
DA:815,0
DA:816,0
DA:817,0
DA:818,0
DA:819,0
DA:821,0
DA:825,4
DA:826,0
DA:827,0
DA:828,0
DA:829,0
DA:830,0
DA:832,0
DA:836,4
DA:837,0
DA:838,0
DA:842,0
DA:843,0
DA:844,0
DA:846,0
DA:852,4
DA:853,0
DA:854,0
DA:858,0
DA:859,0
DA:860,0
DA:862,0
DA:868,4
DA:869,0
DA:870,0
DA:871,0
DA:875,4
DA:876,0
DA:877,0
DA:878,0
DA:879,0
DA:880,0
DA:882,0
DA:883,0
DA:886,0
DA:887,0
DA:893,4
DA:894,0
DA:895,0
DA:896,0
DA:897,0
DA:899,0
DA:900,0
DA:901,0
DA:902,0
DA:909,4
DA:912,4
DA:913,0
DA:914,0
DA:917,0
DA:922,4
DA:923,4
DA:927,4
LF:461
LH:225
BRDA:11,0,0,0
BRDA:11,0,1,4
BRDA:11,1,0,4
BRDA:11,1,1,0
BRDA:32,2,0,0
BRDA:32,2,1,185
BRDA:35,3,0,67
BRDA:35,3,1,118
BRDA:39,4,0,21
BRDA:39,4,1,46
BRDA:49,5,0,56
BRDA:49,5,1,62
BRDA:53,6,0,0
BRDA:53,6,1,62
BRDA:57,7,0,62
BRDA:57,7,1,0
BRDA:61,8,0,0
BRDA:61,8,1,0
BRDA:62,9,0,0
BRDA:62,9,1,0
BRDA:62,10,0,0
BRDA:62,10,1,0
BRDA:88,11,0,29
BRDA:88,11,1,0
BRDA:93,12,0,7
BRDA:93,12,1,22
BRDA:95,13,0,7
BRDA:95,13,1,0
BRDA:100,14,0,0
BRDA:100,14,1,29
BRDA:100,15,0,29
BRDA:100,15,1,0
BRDA:106,16,0,0
BRDA:106,16,1,73
BRDA:109,17,0,467
BRDA:109,17,1,0
BRDA:114,18,0,0
BRDA:114,18,1,467
BRDA:117,19,0,6
BRDA:117,19,1,461
BRDA:117,20,0,467
BRDA:117,20,1,26
BRDA:117,20,2,18
BRDA:117,20,3,14
BRDA:118,21,0,2
BRDA:118,21,1,4
BRDA:119,22,0,1
BRDA:119,22,1,1
BRDA:120,23,0,1
BRDA:120,23,1,3
BRDA:122,24,0,461
BRDA:122,24,1,0
BRDA:134,25,0,15
BRDA:134,25,1,7
BRDA:134,26,0,22
BRDA:134,26,1,7
BRDA:136,27,0,7
BRDA:136,27,1,7
BRDA:141,28,0,0
BRDA:141,28,1,282
BRDA:141,29,0,282
BRDA:141,29,1,282
BRDA:143,30,0,281
BRDA:143,30,1,1
BRDA:145,31,0,0
BRDA:145,31,1,367
BRDA:149,32,0,2
BRDA:149,32,1,0
BRDA:150,33,0,0
BRDA:150,33,1,2
BRDA:181,34,0,0
BRDA:181,34,1,0
BRDA:181,35,0,0
BRDA:181,35,1,0
BRDA:186,36,0,0
BRDA:186,36,1,0
BRDA:188,37,0,0
BRDA:188,37,1,0
BRDA:188,38,0,0
BRDA:188,38,1,0
BRDA:190,39,0,0
BRDA:190,39,1,0
BRDA:202,40,0,0
BRDA:202,40,1,0
BRDA:203,41,0,0
BRDA:203,41,1,0
BRDA:205,42,0,0
BRDA:205,42,1,0
BRDA:207,43,0,0
BRDA:207,43,1,0
BRDA:207,44,0,0
BRDA:207,44,1,0
BRDA:225,45,0,0
BRDA:225,45,1,0
BRDA:262,46,0,96
BRDA:262,46,1,0
BRDA:272,47,0,0
BRDA:272,47,1,19
BRDA:290,48,0,1
BRDA:290,48,1,0
BRDA:290,49,0,1
BRDA:290,49,1,1
BRDA:291,50,0,1
BRDA:291,50,1,0
BRDA:291,51,0,1
BRDA:291,51,1,0
BRDA:292,52,0,1
BRDA:292,52,1,0
BRDA:306,53,0,0
BRDA:306,53,1,0
BRDA:307,54,0,0
BRDA:307,54,1,0
BRDA:307,55,0,0
BRDA:307,55,1,0
BRDA:308,56,0,0
BRDA:308,56,1,0
BRDA:323,57,0,0
BRDA:323,57,1,0
BRDA:323,58,0,0
BRDA:323,58,1,0
BRDA:336,59,0,0
BRDA:336,59,1,0
BRDA:336,60,0,0
BRDA:336,60,1,0
BRDA:349,61,0,1
BRDA:349,61,1,0
BRDA:352,62,0,2
BRDA:352,62,1,1
BRDA:353,63,0,2
BRDA:353,63,1,0
BRDA:353,64,0,2
BRDA:353,64,1,0
BRDA:354,65,0,2
BRDA:354,65,1,0
BRDA:370,66,0,0
BRDA:370,66,1,0
BRDA:371,67,0,0
BRDA:371,67,1,0
BRDA:371,68,0,0
BRDA:371,68,1,0
BRDA:384,69,0,0
BRDA:384,69,1,0
BRDA:385,70,0,0
BRDA:385,70,1,0
BRDA:385,71,0,0
BRDA:385,71,1,0
BRDA:395,72,0,14
BRDA:395,72,1,0
BRDA:398,73,0,14
BRDA:398,73,1,0
BRDA:407,74,0,12
BRDA:407,74,1,0
BRDA:410,75,0,33
BRDA:410,75,1,0
BRDA:420,76,0,0
BRDA:420,76,1,2
BRDA:430,77,0,27
BRDA:430,77,1,0
BRDA:436,78,0,3
BRDA:436,78,1,31
BRDA:436,79,0,34
BRDA:436,79,1,34
BRDA:437,80,0,3
BRDA:437,80,1,0
BRDA:440,81,0,0
BRDA:440,81,1,31
BRDA:462,82,0,0
BRDA:462,82,1,0
BRDA:463,83,0,0
BRDA:463,83,1,0
BRDA:473,84,0,0
BRDA:473,84,1,10
BRDA:473,85,0,10
BRDA:473,85,1,0
BRDA:474,86,0,0
BRDA:474,86,1,0
BRDA:477,87,0,10
BRDA:477,87,1,0
BRDA:492,88,0,1
BRDA:492,88,1,9
BRDA:493,89,0,1
BRDA:493,89,1,0
BRDA:502,90,0,3
BRDA:502,90,1,1
BRDA:503,91,0,3
BRDA:503,91,1,0
BRDA:512,92,0,2
BRDA:512,92,1,1
BRDA:513,93,0,2
BRDA:513,93,1,0
BRDA:523,94,0,0
BRDA:523,94,1,0
BRDA:523,95,0,0
BRDA:523,95,1,0
BRDA:525,96,0,0
BRDA:525,96,1,0
BRDA:528,97,0,0
BRDA:528,97,1,0
BRDA:532,98,0,0
BRDA:532,98,1,0
BRDA:534,99,0,0
BRDA:534,99,1,0
BRDA:534,100,0,0
BRDA:534,100,1,0
BRDA:548,101,0,1
BRDA:548,101,1,30
BRDA:550,102,0,30
BRDA:550,102,1,0
BRDA:552,103,0,0
BRDA:552,103,1,0
BRDA:563,104,0,1
BRDA:563,104,1,0
BRDA:565,105,0,0
BRDA:565,105,1,0
BRDA:574,106,0,0
BRDA:574,106,1,0
BRDA:576,107,0,0
BRDA:576,107,1,0
BRDA:585,108,0,0
BRDA:585,108,1,0
BRDA:587,109,0,0
BRDA:587,109,1,0
BRDA:596,110,0,2
BRDA:596,110,1,0
BRDA:621,111,0,0
BRDA:621,111,1,0
BRDA:624,112,0,0
BRDA:624,112,1,0
BRDA:637,113,0,0
BRDA:637,113,1,0
BRDA:653,114,0,0
BRDA:653,114,1,0
BRDA:668,115,0,59
BRDA:668,115,1,0
BRDA:680,116,0,79
BRDA:680,116,1,10
BRDA:689,117,0,109
BRDA:689,117,1,109
BRDA:693,118,0,0
BRDA:693,118,1,1
BRDA:695,119,0,0
BRDA:695,119,1,0
BRDA:695,120,0,0
BRDA:695,120,1,0
BRDA:704,121,0,0
BRDA:704,121,1,109
BRDA:705,122,0,109
BRDA:705,122,1,0
BRDA:715,123,0,0
BRDA:715,123,1,18
BRDA:719,124,0,0
BRDA:719,124,1,0
BRDA:735,125,0,18
BRDA:735,125,1,0
BRDA:740,126,0,0
BRDA:740,126,1,0
BRDA:746,127,0,0
BRDA:746,127,1,0
BRDA:749,128,0,0
BRDA:749,128,1,0
BRDA:751,129,0,0
BRDA:751,129,1,0
BRDA:753,130,0,0
BRDA:753,130,1,0
BRDA:753,131,0,0
BRDA:753,131,1,0
BRDA:768,132,0,0
BRDA:768,132,1,0
BRDA:780,133,0,0
BRDA:780,133,1,0
BRDA:790,134,0,0
BRDA:790,134,1,0
BRDA:799,135,0,0
BRDA:799,135,1,0
BRDA:800,136,0,0
BRDA:800,136,1,0
BRDA:802,137,0,0
BRDA:802,137,1,0
BRDA:807,138,0,0
BRDA:807,138,1,0
BRDA:808,139,0,0
BRDA:808,139,1,0
BRDA:810,140,0,0
BRDA:810,140,1,0
BRDA:815,141,0,0
BRDA:815,141,1,0
BRDA:817,142,0,0
BRDA:817,142,1,0
BRDA:826,143,0,0
BRDA:826,143,1,0
BRDA:828,144,0,0
BRDA:828,144,1,0
BRDA:837,145,0,0
BRDA:837,145,1,0
BRDA:838,146,0,0
BRDA:838,146,1,0
BRDA:840,147,0,0
BRDA:840,147,1,0
BRDA:843,148,0,0
BRDA:843,148,1,0
BRDA:853,149,0,0
BRDA:853,149,1,0
BRDA:854,150,0,0
BRDA:854,150,1,0
BRDA:856,151,0,0
BRDA:856,151,1,0
BRDA:859,152,0,0
BRDA:859,152,1,0
BRDA:870,153,0,0
BRDA:870,153,1,0
BRDA:870,154,0,0
BRDA:870,154,1,0
BRDA:876,155,0,0
BRDA:876,155,1,0
BRDA:886,156,0,0
BRDA:886,156,1,0
BRDA:894,157,0,0
BRDA:894,157,1,0
BRDA:901,158,0,0
BRDA:901,158,1,0
BRDA:912,159,0,0
BRDA:912,159,1,4
BRDA:917,160,0,0
BRDA:917,160,1,0
BRDA:917,161,0,0
BRDA:917,161,1,0
BRDA:922,162,0,4
BRDA:922,162,1,4
BRF:328
BRH:103
end_of_record
TN:
SF:src\modules\date.js
FN:7,(anonymous_0)
FN:13,(anonymous_1)
FN:38,(anonymous_2)
FN:45,(anonymous_3)
FN:51,(anonymous_4)
FN:56,(anonymous_5)
FN:65,(anonymous_6)
FN:74,(anonymous_7)
FN:79,(anonymous_8)
FN:95,(anonymous_9)
FN:123,(anonymous_10)
FN:144,(anonymous_11)
FN:171,(anonymous_12)
FN:218,(anonymous_13)
FN:223,(anonymous_14)
FN:231,(anonymous_15)
FN:255,(anonymous_16)
FN:261,(anonymous_17)
FN:277,(anonymous_18)
FN:292,(anonymous_19)
FN:304,(anonymous_20)
FN:326,(anonymous_21)
FN:337,(anonymous_22)
FN:432,(anonymous_23)
FN:460,(anonymous_24)
FN:487,(anonymous_25)
FN:635,(anonymous_26)
FN:653,(anonymous_27)
FN:667,(anonymous_28)
FN:691,(anonymous_29)
FN:712,(anonymous_30)
FN:722,(anonymous_31)
FN:727,(anonymous_32)
FN:732,(anonymous_33)
FN:742,(anonymous_34)
FN:754,(anonymous_35)
FN:758,(anonymous_36)
FN:762,(anonymous_37)
FN:771,(anonymous_38)
FN:782,(anonymous_39)
FN:791,(anonymous_40)
FN:801,(anonymous_41)
FN:811,(anonymous_42)
FN:823,(anonymous_43)
FN:880,(anonymous_44)
FN:894,(anonymous_45)
FN:909,(anonymous_46)
FN:913,(anonymous_47)
FN:919,(anonymous_48)
FN:933,(anonymous_49)
FN:945,(anonymous_50)
FN:959,(anonymous_51)
FN:965,(anonymous_52)
FN:966,(anonymous_53)
FN:982,(anonymous_54)
FN:998,(anonymous_55)
FN:1053,(anonymous_56)
FNF:57
FNH:0
FNDA:0,(anonymous_0)
FNDA:0,(anonymous_1)
FNDA:0,(anonymous_2)
FNDA:0,(anonymous_3)
FNDA:0,(anonymous_4)
FNDA:0,(anonymous_5)
FNDA:0,(anonymous_6)
FNDA:0,(anonymous_7)
FNDA:0,(anonymous_8)
FNDA:0,(anonymous_9)
FNDA:0,(anonymous_10)
FNDA:0,(anonymous_11)
FNDA:0,(anonymous_12)
FNDA:0,(anonymous_13)
FNDA:0,(anonymous_14)
FNDA:0,(anonymous_15)
FNDA:0,(anonymous_16)
FNDA:0,(anonymous_17)
FNDA:0,(anonymous_18)
FNDA:0,(anonymous_19)
FNDA:0,(anonymous_20)
FNDA:0,(anonymous_21)
FNDA:0,(anonymous_22)
FNDA:0,(anonymous_23)
FNDA:0,(anonymous_24)
FNDA:0,(anonymous_25)
FNDA:0,(anonymous_26)
FNDA:0,(anonymous_27)
FNDA:0,(anonymous_28)
FNDA:0,(anonymous_29)
FNDA:0,(anonymous_30)
FNDA:0,(anonymous_31)
FNDA:0,(anonymous_32)
FNDA:0,(anonymous_33)
FNDA:0,(anonymous_34)
FNDA:0,(anonymous_35)
FNDA:0,(anonymous_36)
FNDA:0,(anonymous_37)
FNDA:0,(anonymous_38)
FNDA:0,(anonymous_39)
FNDA:0,(anonymous_40)
FNDA:0,(anonymous_41)
FNDA:0,(anonymous_42)
FNDA:0,(anonymous_43)
FNDA:0,(anonymous_44)
FNDA:0,(anonymous_45)
FNDA:0,(anonymous_46)
FNDA:0,(anonymous_47)
FNDA:0,(anonymous_48)
FNDA:0,(anonymous_49)
FNDA:0,(anonymous_50)
FNDA:0,(anonymous_51)
FNDA:0,(anonymous_52)
FNDA:0,(anonymous_53)
FNDA:0,(anonymous_54)
FNDA:0,(anonymous_55)
FNDA:0,(anonymous_56)
DA:7,0
DA:10,0
DA:13,0
DA:16,0
DA:19,0
DA:22,0
DA:23,0
DA:24,0
DA:25,0
DA:26,0
DA:29,0
DA:32,0
DA:39,0
DA:40,0
DA:41,0
DA:46,0
DA:47,0
DA:52,0
DA:57,0
DA:58,0
DA:59,0
DA:66,0
DA:67,0
DA:69,0
DA:74,0
DA:75,0
DA:76,0
DA:78,0
DA:79,0
DA:80,0
DA:83,0
DA:84,0
DA:87,0
DA:88,0
DA:90,0
DA:91,0
DA:95,0
DA:96,0
DA:100,0
DA:123,0
DA:124,0
DA:144,0
DA:145,0
DA:146,0
DA:147,0
DA:148,0
DA:151,0
DA:159,0
DA:160,0
DA:163,0
DA:166,0
DA:167,0
DA:171,0
DA:172,0
DA:173,0
DA:174,0
DA:175,0
DA:176,0
DA:177,0
DA:178,0
DA:179,0
DA:181,0
DA:182,0
DA:184,0
DA:194,0
DA:197,0
DA:198,0
DA:199,0
DA:203,0
DA:204,0
DA:208,0
DA:209,0
DA:210,0
DA:212,0
DA:218,0
DA:219,0
DA:220,0
DA:221,0
DA:223,0
DA:224,0
DA:225,0
DA:226,0
DA:231,0
DA:232,0
DA:233,0
DA:235,0
DA:237,0
DA:239,0
DA:241,0
DA:255,0
DA:256,0
DA:261,0
DA:262,0
DA:263,0
DA:265,0
DA:266,0
DA:277,0
DA:278,0
DA:279,0
DA:280,0
DA:282,0
DA:283,0
DA:285,0
DA:288,0
DA:292,0
DA:293,0
DA:294,0
DA:295,0
DA:297,0
DA:298,0
DA:300,0
DA:304,0
DA:305,0
DA:306,0
DA:307,0
DA:309,0
DA:312,0
DA:324,0
DA:325,0
DA:326,0
DA:327,0
DA:329,0
DA:330,0
DA:332,0
DA:333,0
DA:337,0
DA:338,0
DA:339,0
DA:340,0
DA:341,0
DA:342,0
DA:343,0
DA:346,0
DA:349,0
DA:350,0
DA:351,0
DA:356,0
DA:359,0
DA:360,0
DA:370,0
DA:371,0
DA:372,0
DA:373,0
DA:374,0
DA:375,0
DA:377,0
DA:382,0
DA:386,0
DA:389,0
DA:390,0
DA:391,0
DA:395,0
DA:398,0
DA:400,0
DA:402,0
DA:403,0
DA:404,0
DA:405,0
DA:408,0
DA:412,0
DA:413,0
DA:423,0
DA:424,0
DA:425,0
DA:426,0
DA:428,0
DA:429,0
DA:431,0
DA:432,0
DA:433,0
DA:434,0
DA:436,0
DA:439,0
DA:442,0
DA:443,0
DA:445,0
DA:446,0
DA:449,0
DA:450,0
DA:451,0
DA:454,0
DA:455,0
DA:460,0
DA:461,0
DA:462,0
DA:463,0
DA:464,0
DA:465,0
DA:467,0
DA:468,0
DA:469,0
DA:471,0
DA:472,0
DA:475,0
DA:476,0
DA:477,0
DA:478,0
DA:481,0
DA:482,0
DA:483,0
DA:487,0
DA:488,0
DA:489,0
DA:490,0
DA:491,0
DA:492,0
DA:495,0
DA:496,0
DA:497,0
DA:498,0
DA:499,0
DA:502,0
DA:503,0
DA:504,0
DA:506,0
DA:511,0
DA:512,0
DA:515,0
DA:516,0
DA:517,0
DA:518,0
DA:522,0
DA:523,0
DA:524,0
DA:525,0
DA:527,0
DA:528,0
DA:529,0
DA:531,0
DA:532,0
DA:533,0
DA:534,0
DA:539,0
DA:540,0
DA:541,0
DA:543,0
DA:544,0
DA:546,0
DA:547,0
DA:548,0
DA:549,0
DA:551,0
DA:552,0
DA:553,0
DA:554,0
DA:555,0
DA:556,0
DA:557,0
DA:559,0
DA:561,0
DA:562,0
DA:563,0
DA:564,0
DA:565,0
DA:567,0
DA:568,0
DA:569,0
DA:570,0
DA:573,0
DA:576,0
DA:577,0
DA:578,0
DA:582,0
DA:583,0
DA:586,0
DA:587,0
DA:588,0
DA:589,0
DA:591,0
DA:592,0
DA:593,0
DA:594,0
DA:595,0
DA:596,0
DA:598,0
DA:599,0
DA:600,0
DA:605,0
DA:606,0
DA:607,0
DA:608,0
DA:613,0
DA:614,0
DA:618,0
DA:619,0
DA:621,0
DA:626,0
DA:628,0
DA:631,0
DA:635,0
DA:636,0
DA:637,0
DA:638,0
DA:640,0
DA:642,0
DA:643,0
DA:644,0
DA:646,0
DA:647,0
DA:649,0
DA:653,0
DA:654,0
DA:655,0
DA:656,0
DA:657,0
DA:659,0
DA:660,0
DA:661,0
DA:663,0
DA:667,0
DA:668,0
DA:669,0
DA:670,0
DA:672,0
DA:673,0
DA:675,0
DA:676,0
DA:678,0
DA:679,0
DA:680,0
DA:681,0
DA:682,0
DA:684,0
DA:686,0
DA:687,0
DA:691,0
DA:692,0
DA:693,0
DA:694,0
DA:695,0
DA:697,0
DA:698,0
DA:700,0
DA:701,0
DA:702,0
DA:703,0
DA:705,0
DA:707,0
DA:708,0
DA:712,0
DA:713,0
DA:714,0
DA:715,0
DA:716,0
DA:717,0
DA:720,0
DA:722,0
DA:723,0
DA:724,0
DA:725,0
DA:727,0
DA:728,0
DA:729,0
DA:730,0
DA:732,0
DA:733,0
DA:734,0
DA:735,0
DA:737,0
DA:739,0
DA:740,0
DA:742,0
DA:743,0
DA:744,0
DA:745,0
DA:747,0
DA:749,0
DA:750,0
DA:754,0
DA:755,0
DA:756,0
DA:758,0
DA:759,0
DA:760,0
DA:762,0
DA:763,0
DA:764,0
DA:765,0
DA:767,0
DA:769,0
DA:771,0
DA:772,0
DA:773,0
DA:774,0
DA:776,0
DA:778,0
DA:782,0
DA:783,0
DA:784,0
DA:786,0
DA:788,0
DA:791,0
DA:792,0
DA:793,0
DA:795,0
DA:797,0
DA:801,0
DA:802,0
DA:803,0
DA:804,0
DA:806,0
DA:808,0
DA:811,0
DA:812,0
DA:813,0
DA:814,0
DA:816,0
DA:818,0
DA:823,0
DA:824,0
DA:825,0
DA:827,0
DA:828,0
DA:829,0
DA:832,0
DA:833,0
DA:835,0
DA:836,0
DA:839,0
DA:841,0
DA:843,0
DA:845,0
DA:848,0
DA:851,0
DA:852,0
DA:853,0
DA:855,0
DA:859,0
DA:860,0
DA:861,0
DA:863,0
DA:867,0
DA:868,0
DA:872,0
DA:873,0
DA:875,0
DA:880,0
DA:881,0
DA:882,0
DA:884,0
DA:885,0
DA:886,0
DA:888,0
DA:889,0
DA:894,0
DA:895,0
DA:896,0
DA:898,0
DA:899,0
DA:900,0
DA:902,0
DA:903,0
DA:908,0
DA:909,0
DA:910,0
DA:913,0
DA:914,0
DA:919,0
DA:920,0
DA:921,0
DA:923,0
DA:924,0
DA:925,0
DA:926,0
DA:927,0
DA:928,0
DA:933,0
DA:934,0
DA:935,0
DA:936,0
DA:937,0
DA:939,0
DA:940,0
DA:942,0
DA:945,0
DA:946,0
DA:947,0
DA:948,0
DA:956,0
DA:959,0
DA:960,0
DA:964,0
DA:965,0
DA:966,0
DA:967,0
DA:969,0
DA:970,0
DA:971,0
DA:972,0
DA:975,0
DA:976,0
DA:982,0
DA:983,0
DA:984,0
DA:985,0
DA:986,0
DA:987,0
DA:988,0
DA:990,0
DA:998,0
DA:999,0
DA:1000,0
DA:1001,0
DA:1004,0
DA:1005,0
DA:1007,0
DA:1009,0
DA:1010,0
DA:1012,0
DA:1013,0
DA:1016,0
DA:1017,0
DA:1019,0
DA:1023,0
DA:1024,0
DA:1025,0
DA:1026,0
DA:1027,0
DA:1030,0
DA:1039,0
DA:1040,0
DA:1043,0
DA:1044,0
DA:1047,0
DA:1048,0
DA:1053,0
DA:1054,0
DA:1056,0
DA:1057,0
DA:1059,0
DA:1062,0
DA:1063,0
DA:1064,0
DA:1069,0
DA:1072,0
DA:1073,0
LF:536
LH:0
BRDA:47,0,0,0
BRDA:47,0,1,0
BRDA:47,1,0,0
BRDA:47,1,1,0
BRDA:58,2,0,0
BRDA:58,2,1,0
BRDA:58,3,0,0
BRDA:58,3,1,0
BRDA:66,4,0,0
BRDA:66,4,1,0
BRDA:66,5,0,0
BRDA:66,5,1,0
BRDA:78,6,0,0
BRDA:78,6,1,0
BRDA:88,7,0,0
BRDA:88,7,1,0
BRDA:96,8,0,0
BRDA:96,8,1,0
BRDA:96,8,2,0
BRDA:160,9,0,0
BRDA:160,9,1,0
BRDA:163,10,0,0
BRDA:163,10,1,0
BRDA:163,11,0,0
BRDA:163,11,1,0
BRDA:166,12,0,0
BRDA:166,12,1,0
BRDA:167,13,0,0
BRDA:167,13,1,0
BRDA:173,14,0,0
BRDA:173,14,1,0
BRDA:177,15,0,0
BRDA:177,15,1,0
BRDA:177,16,0,0
BRDA:177,16,1,0
BRDA:179,17,0,0
BRDA:179,17,1,0
BRDA:181,18,0,0
BRDA:181,18,1,0
BRDA:182,19,0,0
BRDA:182,19,1,0
BRDA:185,20,0,0
BRDA:185,20,1,0
BRDA:186,21,0,0
BRDA:186,21,1,0
BRDA:187,22,0,0
BRDA:187,22,1,0
BRDA:197,23,0,0
BRDA:197,23,1,0
BRDA:203,24,0,0
BRDA:203,24,1,0
BRDA:203,25,0,0
BRDA:203,25,1,0
BRDA:208,26,0,0
BRDA:208,26,1,0
BRDA:208,27,0,0
BRDA:208,27,1,0
BRDA:209,28,0,0
BRDA:209,28,1,0
BRDA:224,29,0,0
BRDA:224,29,1,0
BRDA:235,30,0,0
BRDA:235,30,1,0
BRDA:237,31,0,0
BRDA:237,31,1,0
BRDA:239,32,0,0
BRDA:239,32,1,0
BRDA:262,33,0,0
BRDA:262,33,1,0
BRDA:263,34,0,0
BRDA:263,34,1,0
BRDA:265,35,0,0
BRDA:265,35,1,0
BRDA:267,36,0,0
BRDA:267,36,1,0
BRDA:268,37,0,0
BRDA:268,37,1,0
BRDA:269,38,0,0
BRDA:269,38,1,0
BRDA:270,39,0,0
BRDA:270,39,1,0
BRDA:271,40,0,0
BRDA:271,40,1,0
BRDA:272,41,0,0
BRDA:272,41,1,0
BRDA:282,42,0,0
BRDA:282,42,1,0
BRDA:282,43,0,0
BRDA:282,43,1,0
BRDA:297,44,0,0
BRDA:297,44,1,0
BRDA:297,45,0,0
BRDA:297,45,1,0
BRDA:349,46,0,0
BRDA:349,46,1,0
BRDA:349,47,0,0
BRDA:349,47,1,0
BRDA:349,47,2,0
BRDA:352,48,0,0
BRDA:352,48,1,0
BRDA:353,49,0,0
BRDA:353,49,1,0
BRDA:370,50,0,0
BRDA:370,50,1,0
BRDA:373,51,0,0
BRDA:373,51,1,0
BRDA:391,52,0,0
BRDA:391,52,1,0
BRDA:392,53,0,0
BRDA:392,53,1,0
BRDA:393,54,0,0
BRDA:393,54,1,0
BRDA:395,55,0,0
BRDA:395,55,1,0
BRDA:400,56,0,0
BRDA:400,56,1,0
BRDA:412,57,0,0
BRDA:412,57,1,0
BRDA:412,58,0,0
BRDA:412,58,1,0
BRDA:423,59,0,0
BRDA:423,59,1,0
BRDA:425,60,0,0
BRDA:425,60,1,0
BRDA:428,61,0,0
BRDA:428,61,1,0
BRDA:433,62,0,0
BRDA:433,62,1,0
BRDA:433,63,0,0
BRDA:433,63,1,0
BRDA:442,64,0,0
BRDA:442,64,1,0
BRDA:454,65,0,0
BRDA:454,65,1,0
BRDA:468,66,0,0
BRDA:468,66,1,0
BRDA:469,67,0,0
BRDA:469,67,1,0
BRDA:477,68,0,0
BRDA:477,68,1,0
BRDA:477,69,0,0
BRDA:477,69,1,0
BRDA:481,70,0,0
BRDA:481,70,1,0
BRDA:495,71,0,0
BRDA:495,71,1,0
BRDA:495,72,0,0
BRDA:495,72,1,0
BRDA:502,73,0,0
BRDA:502,73,1,0
BRDA:506,74,0,0
BRDA:506,74,1,0
BRDA:515,75,0,0
BRDA:515,75,1,0
BRDA:515,76,0,0
BRDA:515,76,1,0
BRDA:515,76,2,0
BRDA:522,77,0,0
BRDA:522,77,1,0
BRDA:523,78,0,0
BRDA:523,78,1,0
BRDA:527,79,0,0
BRDA:527,79,1,0
BRDA:531,80,0,0
BRDA:531,80,1,0
BRDA:559,81,0,0
BRDA:559,81,1,0
BRDA:559,82,0,0
BRDA:559,82,1,0
BRDA:563,83,0,0
BRDA:563,83,1,0
BRDA:564,84,0,0
BRDA:564,84,1,0
BRDA:565,85,0,0
BRDA:565,85,1,0
BRDA:569,86,0,0
BRDA:569,86,1,0
BRDA:570,87,0,0
BRDA:570,87,1,0
BRDA:577,88,0,0
BRDA:577,88,1,0
BRDA:586,89,0,0
BRDA:586,89,1,0
BRDA:586,90,0,0
BRDA:586,90,1,0
BRDA:586,90,2,0
BRDA:591,91,0,0
BRDA:591,91,1,0
BRDA:593,92,0,0
BRDA:593,92,1,0
BRDA:595,93,0,0
BRDA:595,93,1,0
BRDA:595,94,0,0
BRDA:595,94,1,0
BRDA:598,95,0,0
BRDA:598,95,1,0
BRDA:598,96,0,0
BRDA:598,96,1,0
BRDA:599,97,0,0
BRDA:599,97,1,0
BRDA:605,98,0,0
BRDA:605,98,1,0
BRDA:607,99,0,0
BRDA:607,99,1,0
BRDA:607,100,0,0
BRDA:607,100,1,0
BRDA:607,100,2,0
BRDA:607,100,3,0
BRDA:613,101,0,0
BRDA:613,101,1,0
BRDA:623,102,0,0
BRDA:623,102,1,0
BRDA:628,103,0,0
BRDA:628,103,1,0
BRDA:628,104,0,0
BRDA:628,104,1,0
BRDA:640,105,0,0
BRDA:640,105,1,0
BRDA:643,106,0,0
BRDA:643,106,1,0
BRDA:646,107,0,0
BRDA:646,107,1,0
BRDA:663,108,0,0
BRDA:663,108,1,0
BRDA:680,109,0,0
BRDA:680,109,1,0
BRDA:681,110,0,0
BRDA:681,110,1,0
BRDA:681,111,0,0
BRDA:681,111,1,0
BRDA:702,112,0,0
BRDA:702,112,1,0
BRDA:720,113,0,0
BRDA:720,113,1,0
BRDA:733,114,0,0
BRDA:733,114,1,0
BRDA:743,115,0,0
BRDA:743,115,1,0
BRDA:763,116,0,0
BRDA:763,116,1,0
BRDA:772,117,0,0
BRDA:772,117,1,0
BRDA:783,118,0,0
BRDA:783,118,1,0
BRDA:792,119,0,0
BRDA:792,119,1,0
BRDA:802,120,0,0
BRDA:802,120,1,0
BRDA:812,121,0,0
BRDA:812,121,1,0
BRDA:825,122,0,0
BRDA:825,122,1,0
BRDA:832,123,0,0
BRDA:832,123,1,0
BRDA:833,124,0,0
BRDA:833,124,1,0
BRDA:839,125,0,0
BRDA:839,125,1,0
BRDA:851,126,0,0
BRDA:851,126,1,0
BRDA:851,127,0,0
BRDA:851,127,1,0
BRDA:851,127,2,0
BRDA:867,128,0,0
BRDA:867,128,1,0
BRDA:872,129,0,0
BRDA:872,129,1,0
BRDA:884,130,0,0
BRDA:884,130,1,0
BRDA:898,131,0,0
BRDA:898,131,1,0
BRDA:908,132,0,0
BRDA:908,132,1,0
BRDA:921,133,0,0
BRDA:921,133,1,0
BRDA:923,134,0,0
BRDA:923,134,1,0
BRDA:925,135,0,0
BRDA:925,135,1,0
BRDA:927,136,0,0
BRDA:927,136,1,0
BRDA:935,137,0,0
BRDA:935,137,1,0
BRDA:939,138,0,0
BRDA:939,138,1,0
BRDA:940,139,0,0
BRDA:940,139,1,0
BRDA:964,140,0,0
BRDA:964,140,1,0
BRDA:967,141,0,0
BRDA:967,141,1,0
BRDA:967,142,0,0
BRDA:967,142,1,0
BRDA:971,143,0,0
BRDA:971,143,1,0
BRDA:971,144,0,0
BRDA:971,144,1,0
BRDA:986,145,0,0
BRDA:986,145,1,0
BRDA:1004,146,0,0
BRDA:1004,146,1,0
BRDA:1005,147,0,0
BRDA:1005,147,1,0
BRDA:1005,148,0,0
BRDA:1005,148,1,0
BRDA:1012,149,0,0
BRDA:1012,149,1,0
BRDA:1016,150,0,0
BRDA:1016,150,1,0
BRDA:1023,151,0,0
BRDA:1023,151,1,0
BRDA:1023,152,0,0
BRDA:1023,152,1,0
BRDA:1025,153,0,0
BRDA:1025,153,1,0
BRDA:1026,154,0,0
BRDA:1026,154,1,0
BRDA:1027,155,0,0
BRDA:1027,155,1,0
BRDA:1033,156,0,0
BRDA:1033,156,1,0
BRDA:1034,157,0,0
BRDA:1034,157,1,0
BRDA:1035,158,0,0
BRDA:1035,158,1,0
BRDA:1036,159,0,0
BRDA:1036,159,1,0
BRDA:1043,160,0,0
BRDA:1043,160,1,0
BRDA:1047,161,0,0
BRDA:1047,161,1,0
BRDA:1056,162,0,0
BRDA:1056,162,1,0
BRDA:1056,163,0,0
BRDA:1056,163,1,0
BRDA:1062,164,0,0
BRDA:1062,164,1,0
BRDA:1072,165,0,0
BRDA:1072,165,1,0
BRF:339
BRH:0
end_of_record
TN:
SF:src\modules\dropdown.js
FN:7,(anonymous_0)
FN:14,(anonymous_1)
FN:38,(anonymous_2)
FN:45,(anonymous_3)
FN:51,(anonymous_4)
FN:56,(anonymous_5)
FN:70,(anonymous_6)
FN:78,(anonymous_7)
FN:85,(anonymous_8)
FN:90,(anonymous_9)
FN:122,(anonymous_10)
FN:153,(anonymous_11)
FN:163,(anonymous_12)
FN:211,(anonymous_13)
FN:216,(anonymous_14)
FN:281,(anonymous_15)
FN:323,(anonymous_16)
FN:332,(anonymous_17)
FN:335,(anonymous_18)
FN:336,(anonymous_19)
FN:341,(anonymous_20)
FN:351,(anonymous_21)
FN:361,(anonymous_22)
FN:376,(anonymous_23)
FN:398,(anonymous_24)
FN:406,(anonymous_25)
FN:411,(anonymous_26)
FN:413,(anonymous_27)
FN:419,(anonymous_28)
FN:447,(anonymous_29)
FN:449,(anonymous_30)
FN:450,(anonymous_31)
FN:458,(anonymous_32)
FN:472,(anonymous_33)
FN:482,(anonymous_34)
FN:492,(anonymous_35)
FN:508,(anonymous_36)
FN:514,(anonymous_37)
FN:521,(anonymous_38)
FN:536,(anonymous_39)
FN:543,(anonymous_40)
FN:563,(anonymous_41)
FNF:42
FNH:0
FNDA:0,(anonymous_0)
FNDA:0,(anonymous_1)
FNDA:0,(anonymous_2)
FNDA:0,(anonymous_3)
FNDA:0,(anonymous_4)
FNDA:0,(anonymous_5)
FNDA:0,(anonymous_6)
FNDA:0,(anonymous_7)
FNDA:0,(anonymous_8)
FNDA:0,(anonymous_9)
FNDA:0,(anonymous_10)
FNDA:0,(anonymous_11)
FNDA:0,(anonymous_12)
FNDA:0,(anonymous_13)
FNDA:0,(anonymous_14)
FNDA:0,(anonymous_15)
FNDA:0,(anonymous_16)
FNDA:0,(anonymous_17)
FNDA:0,(anonymous_18)
FNDA:0,(anonymous_19)
FNDA:0,(anonymous_20)
FNDA:0,(anonymous_21)
FNDA:0,(anonymous_22)
FNDA:0,(anonymous_23)
FNDA:0,(anonymous_24)
FNDA:0,(anonymous_25)
FNDA:0,(anonymous_26)
FNDA:0,(anonymous_27)
FNDA:0,(anonymous_28)
FNDA:0,(anonymous_29)
FNDA:0,(anonymous_30)
FNDA:0,(anonymous_31)
FNDA:0,(anonymous_32)
FNDA:0,(anonymous_33)
FNDA:0,(anonymous_34)
FNDA:0,(anonymous_35)
FNDA:0,(anonymous_36)
FNDA:0,(anonymous_37)
FNDA:0,(anonymous_38)
FNDA:0,(anonymous_39)
FNDA:0,(anonymous_40)
FNDA:0,(anonymous_41)
DA:7,0
DA:10,0
DA:11,0
DA:14,0
DA:17,0
DA:20,0
DA:23,0
DA:24,0
DA:25,0
DA:26,0
DA:27,0
DA:28,0
DA:29,0
DA:30,0
DA:33,0
DA:39,0
DA:40,0
DA:41,0
DA:46,0
DA:47,0
DA:52,0
DA:57,0
DA:58,0
DA:59,0
DA:61,0
DA:62,0
DA:63,0
DA:71,0
DA:72,0
DA:74,0
DA:79,0
DA:80,0
DA:85,0
DA:86,0
DA:87,0
DA:89,0
DA:90,0
DA:91,0
DA:94,0
DA:95,0
DA:96,0
DA:98,0
DA:99,0
DA:103,0
DA:122,0
DA:123,0
DA:124,0
DA:125,0
DA:126,0
DA:128,0
DA:130,0
DA:133,0
DA:134,0
DA:135,0
DA:136,0
DA:137,0
DA:141,0
DA:144,0
DA:145,0
DA:149,0
DA:153,0
DA:154,0
DA:155,0
DA:157,0
DA:158,0
DA:159,0
DA:163,0
DA:164,0
DA:165,0
DA:166,0
DA:167,0
DA:170,0
DA:171,0
DA:172,0
DA:176,0
DA:179,0
DA:180,0
DA:181,0
DA:182,0
DA:183,0
DA:187,0
DA:188,0
DA:189,0
DA:190,0
DA:192,0
DA:195,0
DA:196,0
DA:199,0
DA:202,0
DA:205,0
DA:206,0
DA:211,0
DA:212,0
DA:213,0
DA:214,0
DA:216,0
DA:218,0
DA:219,0
DA:220,0
DA:224,0
DA:227,0
DA:228,0
DA:229,0
DA:231,0
DA:232,0
DA:235,0
DA:238,0
DA:239,0
DA:241,0
DA:242,0
DA:245,0
DA:248,0
DA:251,0
DA:252,0
DA:255,0
DA:259,0
DA:260,0
DA:263,0
DA:267,0
DA:268,0
DA:269,0
DA:270,0
DA:273,0
DA:276,0
DA:277,0
DA:281,0
DA:282,0
DA:283,0
DA:284,0
DA:285,0
DA:287,0
DA:289,0
DA:290,0
DA:291,0
DA:292,0
DA:294,0
DA:295,0
DA:298,0
DA:299,0
DA:300,0
DA:301,0
DA:305,0
DA:306,0
DA:308,0
DA:309,0
DA:311,0
DA:314,0
DA:315,0
DA:318,0
DA:319,0
DA:323,0
DA:324,0
DA:325,0
DA:326,0
DA:327,0
DA:329,0
DA:331,0
DA:332,0
DA:333,0
DA:334,0
DA:336,0
DA:337,0
DA:340,0
DA:341,0
DA:342,0
DA:343,0
DA:344,0
DA:345,0
DA:349,0
DA:350,0
DA:351,0
DA:352,0
DA:353,0
DA:359,0
DA:360,0
DA:361,0
DA:363,0
DA:364,0
DA:365,0
DA:366,0
DA:367,0
DA:376,0
DA:377,0
DA:378,0
DA:380,0
DA:381,0
DA:382,0
DA:385,0
DA:386,0
DA:387,0
DA:389,0
DA:390,0
DA:392,0
DA:393,0
DA:398,0
DA:399,0
DA:400,0
DA:401,0
DA:403,0
DA:406,0
DA:407,0
DA:410,0
DA:411,0
DA:412,0
DA:414,0
DA:419,0
DA:420,0
DA:421,0
DA:423,0
DA:431,0
DA:432,0
DA:436,0
DA:437,0
DA:440,0
DA:445,0
DA:446,0
DA:447,0
DA:448,0
DA:450,0
DA:451,0
DA:458,0
DA:459,0
DA:460,0
DA:462,0
DA:463,0
DA:464,0
DA:472,0
DA:473,0
DA:474,0
DA:475,0
DA:476,0
DA:479,0
DA:480,0
DA:482,0
DA:484,0
DA:485,0
DA:487,0
DA:488,0
DA:489,0
DA:492,0
DA:493,0
DA:494,0
DA:495,0
DA:497,0
DA:500,0
DA:501,0
DA:504,0
DA:505,0
DA:507,0
DA:509,0
DA:510,0
DA:512,0
DA:515,0
DA:519,0
DA:520,0
DA:521,0
DA:522,0
DA:523,0
DA:524,0
DA:526,0
DA:527,0
DA:530,0
DA:532,0
DA:536,0
DA:537,0
DA:541,0
DA:542,0
DA:543,0
DA:544,0
DA:545,0
DA:547,0
DA:554,0
DA:555,0
DA:558,0
DA:563,0
DA:564,0
DA:570,0
DA:573,0
DA:574,0
LF:279
LH:0
BRDA:57,0,0,0
BRDA:57,0,1,0
BRDA:59,1,0,0
BRDA:59,1,1,0
BRDA:62,2,0,0
BRDA:62,2,1,0
BRDA:62,3,0,0
BRDA:62,3,1,0
BRDA:71,4,0,0
BRDA:71,4,1,0
BRDA:71,5,0,0
BRDA:71,5,1,0
BRDA:80,6,0,0
BRDA:80,6,1,0
BRDA:89,7,0,0
BRDA:89,7,1,0
BRDA:96,8,0,0
BRDA:96,8,1,0
BRDA:128,9,0,0
BRDA:128,9,1,0
BRDA:133,10,0,0
BRDA:133,10,1,0
BRDA:135,11,0,0
BRDA:135,11,1,0
BRDA:144,12,0,0
BRDA:144,12,1,0
BRDA:170,13,0,0
BRDA:170,13,1,0
BRDA:180,14,0,0
BRDA:180,14,1,0
BRDA:182,15,0,0
BRDA:182,15,1,0
BRDA:187,16,0,0
BRDA:187,16,1,0
BRDA:189,17,0,0
BRDA:189,17,1,0
BRDA:189,18,0,0
BRDA:189,18,1,0
BRDA:205,19,0,0
BRDA:205,19,1,0
BRDA:218,20,0,0
BRDA:218,20,1,0
BRDA:218,21,0,0
BRDA:218,21,1,0
BRDA:224,22,0,0
BRDA:224,22,1,0
BRDA:227,23,0,0
BRDA:227,23,1,0
BRDA:228,24,0,0
BRDA:228,24,1,0
BRDA:231,25,0,0
BRDA:231,25,1,0
BRDA:238,26,0,0
BRDA:238,26,1,0
BRDA:241,27,0,0
BRDA:241,27,1,0
BRDA:248,28,0,0
BRDA:248,28,1,0
BRDA:251,29,0,0
BRDA:251,29,1,0
BRDA:252,30,0,0
BRDA:252,30,1,0
BRDA:253,31,0,0
BRDA:253,31,1,0
BRDA:256,32,0,0
BRDA:256,32,1,0
BRDA:259,33,0,0
BRDA:259,33,1,0
BRDA:267,34,0,0
BRDA:267,34,1,0
BRDA:287,35,0,0
BRDA:287,35,1,0
BRDA:287,36,0,0
BRDA:287,36,1,0
BRDA:291,37,0,0
BRDA:291,37,1,0
BRDA:292,38,0,0
BRDA:292,38,1,0
BRDA:298,39,0,0
BRDA:298,39,1,0
BRDA:300,40,0,0
BRDA:300,40,1,0
BRDA:308,41,0,0
BRDA:308,41,1,0
BRDA:311,42,0,0
BRDA:311,42,1,0
BRDA:314,43,0,0
BRDA:314,43,1,0
BRDA:314,44,0,0
BRDA:314,44,1,0
BRDA:331,45,0,0
BRDA:331,45,1,0
BRDA:340,46,0,0
BRDA:340,46,1,0
BRDA:349,47,0,0
BRDA:349,47,1,0
BRDA:359,48,0,0
BRDA:359,48,1,0
BRDA:365,49,0,0
BRDA:365,49,1,0
BRDA:365,50,0,0
BRDA:365,50,1,0
BRDA:365,50,2,0
BRDA:366,51,0,0
BRDA:366,51,1,0
BRDA:366,52,0,0
BRDA:366,52,1,0
BRDA:378,53,0,0
BRDA:378,53,1,0
BRDA:378,54,0,0
BRDA:378,54,1,0
BRDA:389,55,0,0
BRDA:389,55,1,0
BRDA:392,56,0,0
BRDA:392,56,1,0
BRDA:403,57,0,0
BRDA:403,57,1,0
BRDA:410,58,0,0
BRDA:410,58,1,0
BRDA:420,59,0,0
BRDA:420,59,1,0
BRDA:421,60,0,0
BRDA:421,60,1,0
BRDA:431,61,0,0
BRDA:431,61,1,0
BRDA:432,62,0,0
BRDA:432,62,1,0
BRDA:436,63,0,0
BRDA:436,63,1,0
BRDA:436,64,0,0
BRDA:436,64,1,0
BRDA:445,65,0,0
BRDA:445,65,1,0
BRDA:462,66,0,0
BRDA:462,66,1,0
BRDA:474,67,0,0
BRDA:474,67,1,0
BRDA:479,68,0,0
BRDA:479,68,1,0
BRDA:484,69,0,0
BRDA:484,69,1,0
BRDA:484,70,0,0
BRDA:484,70,1,0
BRDA:487,71,0,0
BRDA:487,71,1,0
BRDA:489,72,0,0
BRDA:489,72,1,0
BRDA:497,73,0,0
BRDA:497,73,1,0
BRDA:500,74,0,0
BRDA:500,74,1,0
BRDA:500,75,0,0
BRDA:500,75,1,0
BRDA:504,76,0,0
BRDA:504,76,1,0
BRDA:505,77,0,0
BRDA:505,77,1,0
BRDA:509,78,0,0
BRDA:509,78,1,0
BRDA:526,79,0,0
BRDA:526,79,1,0
BRDA:554,80,0,0
BRDA:554,80,1,0
BRDA:554,81,0,0
BRDA:554,81,1,0
BRDA:573,82,0,0
BRDA:573,82,1,0
BRF:167
BRH:0
end_of_record
TN:
SF:src\modules\editor.js
FN:6,(anonymous_0)
FN:13,(anonymous_1)
FN:28,(anonymous_2)
FN:35,(anonymous_3)
FN:41,(anonymous_4)
FN:46,(anonymous_5)
FN:77,(anonymous_6)
FN:82,(anonymous_7)
FN:96,(anonymous_8)
FN:99,(anonymous_9)
FN:100,(anonymous_10)
FN:101,(anonymous_11)
FN:102,(anonymous_12)
FN:103,(anonymous_13)
FN:118,(anonymous_14)
FN:137,(anonymous_15)
FN:183,(anonymous_16)
FN:189,(anonymous_17)
FN:190,(anonymous_18)
FN:198,(anonymous_19)
FN:203,(anonymous_20)
FN:205,(anonymous_21)
FN:212,(anonymous_22)
FN:245,(anonymous_23)
FN:263,(anonymous_24)
FN:279,(anonymous_25)
FN:291,(anonymous_26)
FN:297,(anonymous_27)
FN:304,(anonymous_28)
FN:310,(anonymous_29)
FNF:30
FNH:0
FNDA:0,(anonymous_0)
FNDA:0,(anonymous_1)
FNDA:0,(anonymous_2)
FNDA:0,(anonymous_3)
FNDA:0,(anonymous_4)
FNDA:0,(anonymous_5)
FNDA:0,(anonymous_6)
FNDA:0,(anonymous_7)
FNDA:0,(anonymous_8)
FNDA:0,(anonymous_9)
FNDA:0,(anonymous_10)
FNDA:0,(anonymous_11)
FNDA:0,(anonymous_12)
FNDA:0,(anonymous_13)
FNDA:0,(anonymous_14)
FNDA:0,(anonymous_15)
FNDA:0,(anonymous_16)
FNDA:0,(anonymous_17)
FNDA:0,(anonymous_18)
FNDA:0,(anonymous_19)
FNDA:0,(anonymous_20)
FNDA:0,(anonymous_21)
FNDA:0,(anonymous_22)
FNDA:0,(anonymous_23)
FNDA:0,(anonymous_24)
FNDA:0,(anonymous_25)
FNDA:0,(anonymous_26)
FNDA:0,(anonymous_27)
FNDA:0,(anonymous_28)
FNDA:0,(anonymous_29)
DA:6,0
DA:9,0
DA:10,0
DA:13,0
DA:16,0
DA:19,0
DA:22,0
DA:29,0
DA:30,0
DA:31,0
DA:36,0
DA:37,0
DA:42,0
DA:47,0
DA:48,0
DA:50,0
DA:55,0
DA:77,0
DA:78,0
DA:79,0
DA:81,0
DA:82,0
DA:83,0
DA:86,0
DA:87,0
DA:88,0
DA:89,0
DA:91,0
DA:92,0
DA:96,0
DA:97,0
DA:98,0
DA:99,0
DA:100,0
DA:101,0
DA:102,0
DA:103,0
DA:109,0
DA:118,0
DA:119,0
DA:120,0
DA:121,0
DA:123,0
DA:124,0
DA:127,0
DA:130,0
DA:131,0
DA:132,0
DA:135,0
DA:136,0
DA:137,0
DA:138,0
DA:139,0
DA:141,0
DA:142,0
DA:143,0
DA:144,0
DA:146,0
DA:147,0
DA:148,0
DA:149,0
DA:150,0
DA:151,0
DA:152,0
DA:155,0
DA:158,0
DA:159,0
DA:160,0
DA:161,0
DA:162,0
DA:165,0
DA:166,0
DA:167,0
DA:170,0
DA:171,0
DA:172,0
DA:173,0
DA:176,0
DA:179,0
DA:183,0
DA:184,0
DA:185,0
DA:186,0
DA:189,0
DA:190,0
DA:191,0
DA:192,0
DA:193,0
DA:198,0
DA:199,0
DA:203,0
DA:204,0
DA:206,0
DA:207,0
DA:212,0
DA:213,0
DA:214,0
DA:216,0
DA:218,0
DA:220,0
DA:221,0
DA:222,0
DA:225,0
DA:226,0
DA:227,0
DA:230,0
DA:231,0
DA:234,0
DA:235,0
DA:238,0
DA:241,0
DA:245,0
DA:246,0
DA:247,0
DA:249,0
DA:251,0
DA:252,0
DA:253,0
DA:256,0
DA:257,0
DA:258,0
DA:263,0
DA:264,0
DA:265,0
DA:267,0
DA:268,0
DA:269,0
DA:270,0
DA:272,0
DA:273,0
DA:274,0
DA:279,0
DA:280,0
DA:281,0
DA:283,0
DA:284,0
DA:286,0
DA:291,0
DA:292,0
DA:293,0
DA:297,0
DA:298,0
DA:299,0
DA:300,0
DA:304,0
DA:305,0
DA:306,0
DA:310,0
DA:311,0
DA:312,0
DA:314,0
DA:315,0
DA:316,0
DA:317,0
DA:321,0
DA:324,0
DA:325,0
LF:157
LH:0
BRDA:47,0,0,0
BRDA:47,0,1,0
BRDA:47,1,0,0
BRDA:47,1,1,0
BRDA:81,2,0,0
BRDA:81,2,1,0
BRDA:88,3,0,0
BRDA:88,3,1,0
BRDA:124,4,0,0
BRDA:124,4,1,0
BRDA:139,5,0,0
BRDA:139,5,1,0
BRDA:141,6,0,0
BRDA:141,6,1,0
BRDA:165,7,0,0
BRDA:165,7,1,0
BRDA:166,8,0,0
BRDA:166,8,1,0
BRDA:218,9,0,0
BRDA:218,9,1,0
BRDA:218,9,2,0
BRDA:218,9,3,0
BRDA:218,9,4,0
BRDA:221,10,0,0
BRDA:221,10,1,0
BRDA:226,11,0,0
BRDA:226,11,1,0
BRDA:249,12,0,0
BRDA:249,12,1,0
BRDA:267,13,0,0
BRDA:267,13,1,0
BRDA:281,14,0,0
BRDA:281,14,1,0
BRDA:283,15,0,0
BRDA:283,15,1,0
BRDA:293,16,0,0
BRDA:293,16,1,0
BRDA:306,17,0,0
BRDA:306,17,1,0
BRDA:324,18,0,0
BRDA:324,18,1,0
BRF:41
BRH:0
end_of_record
TN:
SF:src\modules\element.js
FN:7,(anonymous_0)
FN:14,(anonymous_1)
FN:22,(anonymous_2)
FN:27,(anonymous_3)
FN:34,(anonymous_4)
FN:42,(anonymous_5)
FN:64,(anonymous_6)
FN:92,(anonymous_7)
FN:105,(anonymous_8)
FN:107,(anonymous_9)
FN:121,(anonymous_10)
FN:134,(anonymous_11)
FN:140,(anonymous_12)
FN:158,(anonymous_13)
FN:162,(anonymous_14)
FN:167,(anonymous_15)
FN:175,(anonymous_16)
FN:181,(anonymous_17)
FN:215,(anonymous_18)
FN:231,(anonymous_19)
FN:242,(anonymous_20)
FN:245,(anonymous_21)
FN:258,(anonymous_22)
FN:265,(anonymous_23)
FN:271,(anonymous_24)
FN:282,(anonymous_25)
FN:289,(anonymous_26)
FN:301,(anonymous_27)
FN:303,(anonymous_28)
FN:308,(anonymous_29)
FN:318,(anonymous_30)
FN:330,(anonymous_31)
FN:332,(anonymous_32)
FN:337,(anonymous_33)
FN:348,(anonymous_34)
FN:365,(anonymous_35)
FN:368,(anonymous_36)
FN:385,(anonymous_37)
FN:397,(anonymous_38)
FN:404,(anonymous_39)
FN:432,(anonymous_40)
FN:442,(anonymous_41)
FN:445,(anonymous_42)
FN:451,(anonymous_43)
FNF:44
FNH:0
FNDA:0,(anonymous_0)
FNDA:0,(anonymous_1)
FNDA:0,(anonymous_2)
FNDA:0,(anonymous_3)
FNDA:0,(anonymous_4)
FNDA:0,(anonymous_5)
FNDA:0,(anonymous_6)
FNDA:0,(anonymous_7)
FNDA:0,(anonymous_8)
FNDA:0,(anonymous_9)
FNDA:0,(anonymous_10)
FNDA:0,(anonymous_11)
FNDA:0,(anonymous_12)
FNDA:0,(anonymous_13)
FNDA:0,(anonymous_14)
FNDA:0,(anonymous_15)
FNDA:0,(anonymous_16)
FNDA:0,(anonymous_17)
FNDA:0,(anonymous_18)
FNDA:0,(anonymous_19)
FNDA:0,(anonymous_20)
FNDA:0,(anonymous_21)
FNDA:0,(anonymous_22)
FNDA:0,(anonymous_23)
FNDA:0,(anonymous_24)
FNDA:0,(anonymous_25)
FNDA:0,(anonymous_26)
FNDA:0,(anonymous_27)
FNDA:0,(anonymous_28)
FNDA:0,(anonymous_29)
FNDA:0,(anonymous_30)
FNDA:0,(anonymous_31)
FNDA:0,(anonymous_32)
FNDA:0,(anonymous_33)
FNDA:0,(anonymous_34)
FNDA:0,(anonymous_35)
FNDA:0,(anonymous_36)
FNDA:0,(anonymous_37)
FNDA:0,(anonymous_38)
FNDA:0,(anonymous_39)
FNDA:0,(anonymous_40)
FNDA:0,(anonymous_41)
FNDA:0,(anonymous_42)
FNDA:0,(anonymous_43)
DA:7,0
DA:10,0
DA:11,0
DA:14,0
DA:17,0
DA:18,0
DA:19,0
DA:22,0
DA:23,0
DA:27,0
DA:28,0
DA:29,0
DA:30,0
DA:34,0
DA:35,0
DA:36,0
DA:38,0
DA:42,0
DA:43,0
DA:44,0
DA:45,0
DA:48,0
DA:49,0
DA:50,0
DA:51,0
DA:54,0
DA:55,0
DA:58,0
DA:60,0
DA:64,0
DA:65,0
DA:66,0
DA:67,0
DA:68,0
DA:71,0
DA:73,0
DA:76,0
DA:77,0
DA:78,0
DA:79,0
DA:80,0
DA:81,0
DA:85,0
DA:86,0
DA:88,0
DA:92,0
DA:93,0
DA:94,0
DA:95,0
DA:97,0
DA:98,0
DA:101,0
DA:105,0
DA:106,0
DA:107,0
DA:108,0
DA:111,0
DA:114,0
DA:115,0
DA:116,0
DA:121,0
DA:122,0
DA:123,0
DA:124,0
DA:126,0
DA:127,0
DA:128,0
DA:130,0
DA:134,0
DA:135,0
DA:136,0
DA:139,0
DA:140,0
DA:141,0
DA:145,0
DA:148,0
DA:151,0
DA:154,0
DA:158,0
DA:159,0
DA:160,0
DA:162,0
DA:163,0
DA:164,0
DA:165,0
DA:167,0
DA:169,0
DA:170,0
DA:171,0
DA:172,0
DA:173,0
DA:175,0
DA:176,0
DA:177,0
DA:181,0
DA:182,0
DA:185,0
DA:188,0
DA:189,0
DA:192,0
DA:193,0
DA:194,0
DA:204,0
DA:207,0
DA:208,0
DA:209,0
DA:215,0
DA:216,0
DA:217,0
DA:218,0
DA:220,0
DA:223,0
DA:224,0
DA:225,0
DA:226,0
DA:227,0
DA:228,0
DA:229,0
DA:231,0
DA:232,0
DA:236,0
DA:237,0
DA:242,0
DA:243,0
DA:245,0
DA:246,0
DA:247,0
DA:248,0
DA:251,0
DA:252,0
DA:253,0
DA:254,0
DA:258,0
DA:259,0
DA:260,0
DA:262,0
DA:265,0
DA:266,0
DA:267,0
DA:271,0
DA:272,0
DA:273,0
DA:276,0
DA:277,0
DA:281,0
DA:282,0
DA:283,0
DA:284,0
DA:285,0
DA:286,0
DA:287,0
DA:290,0
DA:291,0
DA:292,0
DA:297,0
DA:299,0
DA:301,0
DA:302,0
DA:304,0
DA:308,0
DA:309,0
DA:310,0
DA:311,0
DA:312,0
DA:318,0
DA:319,0
DA:320,0
DA:323,0
DA:324,0
DA:327,0
DA:328,0
DA:330,0
DA:331,0
DA:333,0
DA:337,0
DA:338,0
DA:339,0
DA:340,0
DA:341,0
DA:348,0
DA:349,0
DA:350,0
DA:353,0
DA:354,0
DA:365,0
DA:366,0
DA:368,0
DA:370,0
DA:371,0
DA:372,0
DA:374,0
DA:376,0
DA:377,0
DA:379,0
DA:380,0
DA:381,0
DA:385,0
DA:386,0
DA:387,0
DA:388,0
DA:389,0
DA:392,0
DA:397,0
DA:398,0
DA:401,0
DA:402,0
DA:404,0
DA:405,0
DA:406,0
DA:407,0
DA:409,0
DA:411,0
DA:414,0
DA:415,0
DA:418,0
DA:421,0
DA:422,0
DA:432,0
DA:433,0
DA:434,0
DA:435,0
DA:439,0
DA:442,0
DA:443,0
DA:444,0
DA:445,0
DA:446,0
DA:450,0
DA:451,0
DA:452,0
DA:455,0
DA:459,0
DA:462,0
DA:465,0
DA:466,0
LF:235
LH:0
BRDA:35,0,0,0
BRDA:35,0,1,0
BRDA:35,1,0,0
BRDA:35,1,1,0
BRDA:50,2,0,0
BRDA:50,2,1,0
BRDA:54,3,0,0
BRDA:54,3,1,0
BRDA:58,4,0,0
BRDA:58,4,1,0
BRDA:71,5,0,0
BRDA:71,5,1,0
BRDA:71,6,0,0
BRDA:71,6,1,0
BRDA:76,7,0,0
BRDA:76,7,1,0
BRDA:77,8,0,0
BRDA:77,8,1,0
BRDA:78,9,0,0
BRDA:78,9,1,0
BRDA:97,10,0,0
BRDA:97,10,1,0
BRDA:106,11,0,0
BRDA:106,11,1,0
BRDA:139,12,0,0
BRDA:139,12,1,0
BRDA:160,13,0,0
BRDA:160,13,1,0
BRDA:169,14,0,0
BRDA:169,14,1,0
BRDA:169,15,0,0
BRDA:169,15,1,0
BRDA:182,16,0,0
BRDA:182,16,1,0
BRDA:192,17,0,0
BRDA:192,17,1,0
BRDA:193,18,0,0
BRDA:193,18,1,0
BRDA:193,19,0,0
BRDA:193,19,1,0
BRDA:194,20,0,0
BRDA:194,20,1,0
BRDA:207,21,0,0
BRDA:207,21,1,0
BRDA:216,22,0,0
BRDA:216,22,1,0
BRDA:218,23,0,0
BRDA:218,23,1,0
BRDA:223,24,0,0
BRDA:223,24,1,0
BRDA:224,25,0,0
BRDA:224,25,1,0
BRDA:237,26,0,0
BRDA:237,26,1,0
BRDA:243,27,0,0
BRDA:243,27,1,0
BRDA:248,28,0,0
BRDA:248,28,1,0
BRDA:251,29,0,0
BRDA:251,29,1,0
BRDA:259,30,0,0
BRDA:259,30,1,0
BRDA:276,31,0,0
BRDA:276,31,1,0
BRDA:276,32,0,0
BRDA:276,32,1,0
BRDA:281,33,0,0
BRDA:281,33,1,0
BRDA:284,34,0,0
BRDA:284,34,1,0
BRDA:284,35,0,0
BRDA:284,35,1,0
BRDA:291,36,0,0
BRDA:291,36,1,0
BRDA:297,37,0,0
BRDA:297,37,1,0
BRDA:299,38,0,0
BRDA:299,38,1,0
BRDA:299,39,0,0
BRDA:299,39,1,0
BRDA:309,40,0,0
BRDA:309,40,1,0
BRDA:323,41,0,0
BRDA:323,41,1,0
BRDA:323,42,0,0
BRDA:323,42,1,0
BRDA:327,43,0,0
BRDA:327,43,1,0
BRDA:328,44,0,0
BRDA:328,44,1,0
BRDA:353,45,0,0
BRDA:353,45,1,0
BRDA:353,46,0,0
BRDA:353,46,1,0
BRDA:354,47,0,0
BRDA:354,47,1,0
BRDA:366,48,0,0
BRDA:366,48,1,0
BRDA:370,49,0,0
BRDA:370,49,1,0
BRDA:376,50,0,0
BRDA:376,50,1,0
BRDA:379,51,0,0
BRDA:379,51,1,0
BRDA:379,52,0,0
BRDA:379,52,1,0
BRDA:401,53,0,0
BRDA:401,53,1,0
BRDA:409,54,0,0
BRDA:409,54,1,0
BRDA:409,55,0,0
BRDA:409,55,1,0
BRDA:414,56,0,0
BRDA:414,56,1,0
BRDA:421,57,0,0
BRDA:421,57,1,0
BRDA:421,58,0,0
BRDA:421,58,1,0
BRDA:422,59,0,0
BRDA:422,59,1,0
BRDA:444,60,0,0
BRDA:444,60,1,0
BRDA:450,61,0,0
BRDA:450,61,1,0
BRDA:465,62,0,0
BRDA:465,62,1,0
BRF:126
BRH:0
end_of_record
TN:
SF:src\modules\flow.js
FN:6,(anonymous_0)
FN:13,(anonymous_1)
FN:27,(anonymous_2)
FN:34,(anonymous_3)
FN:40,(anonymous_4)
FN:45,(anonymous_5)
FN:50,(anonymous_6)
FN:59,(anonymous_7)
FN:64,(anonymous_8)
FN:82,(anonymous_9)
FN:85,(anonymous_10)
FN:86,(anonymous_11)
FN:104,(anonymous_12)
FN:151,(anonymous_13)
FN:155,(anonymous_14)
FN:182,(anonymous_15)
FN:194,(anonymous_16)
FN:205,(anonymous_17)
FN:229,(anonymous_18)
FN:244,(anonymous_19)
FN:248,(anonymous_20)
FN:258,(anonymous_21)
FN:263,(anonymous_22)
FNF:23
FNH:0
FNDA:0,(anonymous_0)
FNDA:0,(anonymous_1)
FNDA:0,(anonymous_2)
FNDA:0,(anonymous_3)
FNDA:0,(anonymous_4)
FNDA:0,(anonymous_5)
FNDA:0,(anonymous_6)
FNDA:0,(anonymous_7)
FNDA:0,(anonymous_8)
FNDA:0,(anonymous_9)
FNDA:0,(anonymous_10)
FNDA:0,(anonymous_11)
FNDA:0,(anonymous_12)
FNDA:0,(anonymous_13)
FNDA:0,(anonymous_14)
FNDA:0,(anonymous_15)
FNDA:0,(anonymous_16)
FNDA:0,(anonymous_17)
FNDA:0,(anonymous_18)
FNDA:0,(anonymous_19)
FNDA:0,(anonymous_20)
FNDA:0,(anonymous_21)
FNDA:0,(anonymous_22)
DA:6,0
DA:9,0
DA:10,0
DA:13,0
DA:16,0
DA:19,0
DA:22,0
DA:28,0
DA:29,0
DA:30,0
DA:35,0
DA:36,0
DA:41,0
DA:46,0
DA:51,0
DA:52,0
DA:54,0
DA:59,0
DA:60,0
DA:61,0
DA:63,0
DA:64,0
DA:65,0
DA:68,0
DA:69,0
DA:70,0
DA:71,0
DA:73,0
DA:74,0
DA:75,0
DA:76,0
DA:78,0
DA:82,0
DA:83,0
DA:84,0
DA:85,0
DA:86,0
DA:92,0
DA:104,0
DA:105,0
DA:106,0
DA:107,0
DA:109,0
DA:110,0
DA:113,0
DA:114,0
DA:115,0
DA:117,0
DA:122,0
DA:123,0
DA:126,0
DA:127,0
DA:128,0
DA:129,0
DA:130,0
DA:133,0
DA:134,0
DA:135,0
DA:136,0
DA:137,0
DA:139,0
DA:142,0
DA:143,0
DA:147,0
DA:151,0
DA:152,0
DA:153,0
DA:155,0
DA:156,0
DA:160,0
DA:161,0
DA:162,0
DA:163,0
DA:165,0
DA:166,0
DA:167,0
DA:171,0
DA:172,0
DA:173,0
DA:178,0
DA:179,0
DA:182,0
DA:183,0
DA:184,0
DA:185,0
DA:186,0
DA:187,0
DA:194,0
DA:195,0
DA:196,0
DA:198,0
DA:200,0
DA:201,0
DA:204,0
DA:205,0
DA:206,0
DA:207,0
DA:209,0
DA:211,0
DA:212,0
DA:213,0
DA:214,0
DA:216,0
DA:219,0
DA:220,0
DA:224,0
DA:225,0
DA:226,0
DA:229,0
DA:230,0
DA:231,0
DA:232,0
DA:233,0
DA:234,0
DA:244,0
DA:245,0
DA:246,0
DA:248,0
DA:249,0
DA:250,0
DA:251,0
DA:252,0
DA:258,0
DA:259,0
DA:262,0
DA:263,0
DA:265,0
DA:266,0
DA:267,0
DA:268,0
DA:270,0
DA:274,0
DA:277,0
DA:278,0
LF:134
LH:0
BRDA:51,0,0,0
BRDA:51,0,1,0
BRDA:51,1,0,0
BRDA:51,1,1,0
BRDA:63,2,0,0
BRDA:63,2,1,0
BRDA:70,3,0,0
BRDA:70,3,1,0
BRDA:110,4,0,0
BRDA:110,4,1,0
BRDA:113,5,0,0
BRDA:113,5,1,0
BRDA:115,6,0,0
BRDA:115,6,1,0
BRDA:122,7,0,0
BRDA:122,7,1,0
BRDA:123,8,0,0
BRDA:123,8,1,0
BRDA:142,9,0,0
BRDA:142,9,1,0
BRDA:156,10,0,0
BRDA:156,10,1,0
BRDA:156,11,0,0
BRDA:156,11,1,0
BRDA:160,12,0,0
BRDA:160,12,1,0
BRDA:161,13,0,0
BRDA:161,13,1,0
BRDA:172,14,0,0
BRDA:172,14,1,0
BRDA:183,15,0,0
BRDA:183,15,1,0
BRDA:183,16,0,0
BRDA:183,16,1,0
BRDA:186,17,0,0
BRDA:186,17,1,0
BRDA:198,18,0,0
BRDA:198,18,1,0
BRDA:198,19,0,0
BRDA:198,19,1,0
BRDA:204,20,0,0
BRDA:204,20,1,0
BRDA:209,21,0,0
BRDA:209,21,1,0
BRDA:219,22,0,0
BRDA:219,22,1,0
BRDA:224,23,0,0
BRDA:224,23,1,0
BRDA:230,24,0,0
BRDA:230,24,1,0
BRDA:230,25,0,0
BRDA:230,25,1,0
BRDA:233,26,0,0
BRDA:233,26,1,0
BRDA:250,27,0,0
BRDA:250,27,1,0
BRDA:277,28,0,0
BRDA:277,28,1,0
BRF:58
BRH:0
end_of_record
TN:
SF:src\modules\form.js
FN:7,(anonymous_0)
FN:14,(anonymous_1)
FN:24,(anonymous_2)
FN:43,(anonymous_3)
FN:60,(anonymous_4)
FN:67,(anonymous_5)
FN:74,(anonymous_6)
FN:82,(anonymous_7)
FN:99,(anonymous_8)
FN:115,(anonymous_9)
FN:121,(anonymous_10)
FN:135,(anonymous_11)
FN:142,(anonymous_12)
FN:165,(anonymous_13)
FN:166,(anonymous_14)
FN:191,(anonymous_15)
FN:211,(anonymous_16)
FN:212,(anonymous_17)
FN:258,(anonymous_18)
FN:281,(anonymous_19)
FN:282,(anonymous_20)
FN:316,(anonymous_21)
FN:324,(anonymous_22)
FN:346,(anonymous_23)
FN:347,(anonymous_24)
FN:354,(anonymous_25)
FN:366,(anonymous_26)
FN:367,(anonymous_27)
FN:381,(anonymous_28)
FN:394,(anonymous_29)
FN:395,(anonymous_30)
FN:409,(anonymous_31)
FN:414,(anonymous_32)
FN:424,(anonymous_33)
FN:425,(anonymous_34)
FN:431,(anonymous_35)
FN:434,(anonymous_36)
FN:443,triggerEvent
FN:456,(anonymous_38)
FN:465,(anonymous_39)
FN:476,(anonymous_40)
FN:492,(anonymous_41)
FN:501,(anonymous_42)
FN:522,(anonymous_43)
FN:527,(anonymous_44)
FN:528,(anonymous_45)
FN:537,(anonymous_46)
FN:580,(anonymous_47)
FN:586,(anonymous_48)
FN:599,(anonymous_49)
FN:603,(anonymous_50)
FN:611,(anonymous_51)
FN:614,(anonymous_52)
FN:622,(anonymous_53)
FN:662,(anonymous_54)
FN:665,(anonymous_55)
FN:671,(anonymous_56)
FN:683,bindFormSubmit
FN:685,(anonymous_58)
FNF:59
FNH:0
FNDA:0,(anonymous_0)
FNDA:0,(anonymous_1)
FNDA:0,(anonymous_2)
FNDA:0,(anonymous_3)
FNDA:0,(anonymous_4)
FNDA:0,(anonymous_5)
FNDA:0,(anonymous_6)
FNDA:0,(anonymous_7)
FNDA:0,(anonymous_8)
FNDA:0,(anonymous_9)
FNDA:0,(anonymous_10)
FNDA:0,(anonymous_11)
FNDA:0,(anonymous_12)
FNDA:0,(anonymous_13)
FNDA:0,(anonymous_14)
FNDA:0,(anonymous_15)
FNDA:0,(anonymous_16)
FNDA:0,(anonymous_17)
FNDA:0,(anonymous_18)
FNDA:0,(anonymous_19)
FNDA:0,(anonymous_20)
FNDA:0,(anonymous_21)
FNDA:0,(anonymous_22)
FNDA:0,(anonymous_23)
FNDA:0,(anonymous_24)
FNDA:0,(anonymous_25)
FNDA:0,(anonymous_26)
FNDA:0,(anonymous_27)
FNDA:0,(anonymous_28)
FNDA:0,(anonymous_29)
FNDA:0,(anonymous_30)
FNDA:0,(anonymous_31)
FNDA:0,(anonymous_32)
FNDA:0,(anonymous_33)
FNDA:0,(anonymous_34)
FNDA:0,(anonymous_35)
FNDA:0,(anonymous_36)
FNDA:0,triggerEvent
FNDA:0,(anonymous_38)
FNDA:0,(anonymous_39)
FNDA:0,(anonymous_40)
FNDA:0,(anonymous_41)
FNDA:0,(anonymous_42)
FNDA:0,(anonymous_43)
FNDA:0,(anonymous_44)
FNDA:0,(anonymous_45)
FNDA:0,(anonymous_46)
FNDA:0,(anonymous_47)
FNDA:0,(anonymous_48)
FNDA:0,(anonymous_49)
FNDA:0,(anonymous_50)
FNDA:0,(anonymous_51)
FNDA:0,(anonymous_52)
FNDA:0,(anonymous_53)
FNDA:0,(anonymous_54)
FNDA:0,(anonymous_55)
FNDA:0,(anonymous_56)
FNDA:0,bindFormSubmit
FNDA:0,(anonymous_58)
DA:7,0
DA:10,0
DA:11,0
DA:14,0
DA:17,0
DA:18,0
DA:19,0
DA:20,0
DA:21,0
DA:24,0
DA:25,0
DA:44,0
DA:60,0
DA:61,0
DA:62,0
DA:63,0
DA:67,0
DA:68,0
DA:69,0
DA:70,0
DA:74,0
DA:75,0
DA:76,0
DA:78,0
DA:82,0
DA:83,0
DA:84,0
DA:86,0
DA:89,0
DA:90,0
DA:91,0
DA:92,0
DA:94,0
DA:96,0
DA:97,0
DA:98,0
DA:99,0
DA:100,0
DA:101,0
DA:105,0
DA:108,0
DA:111,0
DA:115,0
DA:116,0
DA:118,0
DA:119,0
DA:121,0
DA:122,0
DA:125,0
DA:127,0
DA:130,0
DA:135,0
DA:136,0
DA:137,0
DA:138,0
DA:141,0
DA:142,0
DA:143,0
DA:147,0
DA:149,0
DA:150,0
DA:152,0
DA:155,0
DA:159,0
DA:160,0
DA:163,0
DA:166,0
DA:167,0
DA:168,0
DA:170,0
DA:171,0
DA:172,0
DA:175,0
DA:176,0
DA:177,0
DA:181,0
DA:183,0
DA:184,0
DA:187,0
DA:189,0
DA:191,0
DA:192,0
DA:193,0
DA:194,0
DA:196,0
DA:197,0
DA:198,0
DA:201,0
DA:212,0
DA:214,0
DA:215,0
DA:216,0
DA:218,0
DA:219,0
DA:220,0
DA:223,0
DA:225,0
DA:226,0
DA:227,0
DA:230,0
DA:231,0
DA:232,0
DA:233,0
DA:234,0
DA:238,0
DA:239,0
DA:244,0
DA:246,0
DA:250,0
DA:255,0
DA:258,0
DA:259,0
DA:261,0
DA:262,0
DA:264,0
DA:265,0
DA:266,0
DA:268,0
DA:271,0
DA:282,0
DA:283,0
DA:284,0
DA:286,0
DA:287,0
DA:288,0
DA:291,0
DA:293,0
DA:296,0
DA:297,0
DA:298,0
DA:299,0
DA:300,0
DA:304,0
DA:305,0
DA:309,0
DA:313,0
DA:316,0
DA:317,0
DA:320,0
DA:321,0
DA:322,0
DA:324,0
DA:325,0
DA:326,0
DA:327,0
DA:328,0
DA:329,0
DA:333,0
DA:334,0
DA:335,0
DA:337,0
DA:347,0
DA:348,0
DA:349,0
DA:351,0
DA:352,0
DA:354,0
DA:355,0
DA:356,0
DA:367,0
DA:368,0
DA:369,0
DA:371,0
DA:372,0
DA:373,0
DA:374,0
DA:376,0
DA:377,0
DA:378,0
DA:379,0
DA:381,0
DA:382,0
DA:383,0
DA:384,0
DA:386,0
DA:387,0
DA:395,0
DA:396,0
DA:397,0
DA:399,0
DA:401,0
DA:403,0
DA:404,0
DA:405,0
DA:406,0
DA:407,0
DA:409,0
DA:410,0
DA:414,0
DA:415,0
DA:425,0
DA:426,0
DA:427,0
DA:429,0
DA:430,0
DA:431,0
DA:432,0
DA:434,0
DA:435,0
DA:444,0
DA:445,0
DA:450,0
DA:453,0
DA:454,0
DA:456,0
DA:457,0
DA:461,0
DA:465,0
DA:466,0
DA:467,0
DA:468,0
DA:470,0
DA:473,0
DA:476,0
DA:477,0
DA:478,0
DA:480,0
DA:481,0
DA:483,0
DA:484,0
DA:485,0
DA:487,0
DA:492,0
DA:493,0
DA:494,0
DA:496,0
DA:497,0
DA:501,0
DA:502,0
DA:503,0
DA:505,0
DA:506,0
DA:508,0
DA:509,0
DA:510,0
DA:515,0
DA:516,0
DA:518,0
DA:522,0
DA:523,0
DA:524,0
DA:525,0
DA:527,0
DA:528,0
DA:529,0
DA:533,0
DA:537,0
DA:538,0
DA:539,0
DA:540,0
DA:542,0
DA:544,0
DA:545,0
DA:546,0
DA:549,0
DA:550,0
DA:551,0
DA:553,0
DA:554,0
DA:555,0
DA:557,0
DA:558,0
DA:559,0
DA:560,0
DA:561,0
DA:564,0
DA:565,0
DA:566,0
DA:567,0
DA:568,0
DA:569,0
DA:570,0
DA:575,0
DA:576,0
DA:580,0
DA:581,0
DA:582,0
DA:583,0
DA:584,0
DA:586,0
DA:587,0
DA:588,0
DA:589,0
DA:591,0
DA:595,0
DA:599,0
DA:600,0
DA:601,0
DA:603,0
DA:604,0
DA:607,0
DA:611,0
DA:612,0
DA:614,0
DA:615,0
DA:617,0
DA:618,0
DA:621,0
DA:622,0
DA:623,0
DA:624,0
DA:626,0
DA:627,0
DA:628,0
DA:630,0
DA:631,0
DA:632,0
DA:633,0
DA:634,0
DA:637,0
DA:638,0
DA:639,0
DA:640,0
DA:642,0
DA:644,0
DA:645,0
DA:650,0
DA:651,0
DA:655,0
DA:659,0
DA:662,0
DA:663,0
DA:664,0
DA:665,0
DA:666,0
DA:667,0
DA:670,0
DA:671,0
DA:672,0
DA:673,0
DA:676,0
DA:677,0
DA:684,0
DA:685,0
DA:686,0
DA:687,0
DA:689,0
DA:690,0
DA:694,0
DA:695,0
DA:700,0
DA:704,0
DA:707,0
DA:710,0
DA:711,0
LF:345
LH:0
BRDA:44,0,0,0
BRDA:44,0,1,0
BRDA:44,1,0,0
BRDA:44,1,1,0
BRDA:75,2,0,0
BRDA:75,2,1,0
BRDA:75,3,0,0
BRDA:75,3,1,0
BRDA:86,4,0,0
BRDA:86,4,1,0
BRDA:89,5,0,0
BRDA:89,5,1,0
BRDA:92,6,0,0
BRDA:92,6,1,0
BRDA:96,7,0,0
BRDA:96,7,1,0
BRDA:98,8,0,0
BRDA:98,8,1,0
BRDA:100,9,0,0
BRDA:100,9,1,0
BRDA:116,10,0,0
BRDA:116,10,1,0
BRDA:122,11,0,0
BRDA:122,11,1,0
BRDA:125,12,0,0
BRDA:125,12,1,0
BRDA:125,13,0,0
BRDA:125,13,1,0
BRDA:141,14,0,0
BRDA:141,14,1,0
BRDA:147,15,0,0
BRDA:147,15,1,0
BRDA:147,16,0,0
BRDA:147,16,1,0
BRDA:147,16,2,0
BRDA:150,17,0,0
BRDA:150,17,1,0
BRDA:150,18,0,0
BRDA:150,18,1,0
BRDA:159,19,0,0
BRDA:159,19,1,0
BRDA:159,20,0,0
BRDA:159,20,1,0
BRDA:159,20,2,0
BRDA:167,21,0,0
BRDA:167,21,1,0
BRDA:170,22,0,0
BRDA:170,22,1,0
BRDA:171,23,0,0
BRDA:171,23,1,0
BRDA:176,24,0,0
BRDA:176,24,1,0
BRDA:176,25,0,0
BRDA:176,25,1,0
BRDA:184,26,0,0
BRDA:184,26,1,0
BRDA:187,27,0,0
BRDA:187,27,1,0
BRDA:187,28,0,0
BRDA:187,28,1,0
BRDA:192,29,0,0
BRDA:192,29,1,0
BRDA:197,30,0,0
BRDA:197,30,1,0
BRDA:198,31,0,0
BRDA:198,31,1,0
BRDA:198,32,0,0
BRDA:198,32,1,0
BRDA:201,33,0,0
BRDA:201,33,1,0
BRDA:214,34,0,0
BRDA:214,34,1,0
BRDA:215,35,0,0
BRDA:215,35,1,0
BRDA:216,36,0,0
BRDA:216,36,1,0
BRDA:219,37,0,0
BRDA:219,37,1,0
BRDA:219,38,0,0
BRDA:219,38,1,0
BRDA:225,39,0,0
BRDA:225,39,1,0
BRDA:226,40,0,0
BRDA:226,40,1,0
BRDA:227,41,0,0
BRDA:227,41,1,0
BRDA:232,42,0,0
BRDA:232,42,1,0
BRDA:232,43,0,0
BRDA:232,43,1,0
BRDA:232,43,2,0
BRDA:240,44,0,0
BRDA:240,44,1,0
BRDA:242,45,0,0
BRDA:242,45,1,0
BRDA:244,46,0,0
BRDA:244,46,1,0
BRDA:246,47,0,0
BRDA:246,47,1,0
BRDA:247,48,0,0
BRDA:247,48,1,0
BRDA:250,49,0,0
BRDA:250,49,1,0
BRDA:251,50,0,0
BRDA:251,50,1,0
BRDA:259,51,0,0
BRDA:259,51,1,0
BRDA:265,52,0,0
BRDA:265,52,1,0
BRDA:266,53,0,0
BRDA:266,53,1,0
BRDA:268,54,0,0
BRDA:268,54,1,0
BRDA:271,55,0,0
BRDA:271,55,1,0
BRDA:283,56,0,0
BRDA:283,56,1,0
BRDA:284,57,0,0
BRDA:284,57,1,0
BRDA:287,58,0,0
BRDA:287,58,1,0
BRDA:287,59,0,0
BRDA:287,59,1,0
BRDA:293,60,0,0
BRDA:293,60,1,0
BRDA:297,61,0,0
BRDA:297,61,1,0
BRDA:298,62,0,0
BRDA:298,62,1,0
BRDA:298,63,0,0
BRDA:298,63,1,0
BRDA:298,63,2,0
BRDA:306,64,0,0
BRDA:306,64,1,0
BRDA:309,65,0,0
BRDA:309,65,1,0
BRDA:317,66,0,0
BRDA:317,66,1,0
BRDA:321,67,0,0
BRDA:321,67,1,0
BRDA:326,68,0,0
BRDA:326,68,1,0
BRDA:326,69,0,0
BRDA:326,69,1,0
BRDA:337,70,0,0
BRDA:337,70,1,0
BRDA:348,71,0,0
BRDA:348,71,1,0
BRDA:349,72,0,0
BRDA:349,72,1,0
BRDA:355,73,0,0
BRDA:355,73,1,0
BRDA:368,74,0,0
BRDA:368,74,1,0
BRDA:382,75,0,0
BRDA:382,75,1,0
BRDA:396,76,0,0
BRDA:396,76,1,0
BRDA:403,77,0,0
BRDA:403,77,1,0
BRDA:426,78,0,0
BRDA:426,78,1,0
BRDA:430,79,0,0
BRDA:430,79,1,0
BRDA:444,80,0,0
BRDA:444,80,1,0
BRDA:444,81,0,0
BRDA:444,81,1,0
BRDA:453,82,0,0
BRDA:453,82,1,0
BRDA:454,83,0,0
BRDA:454,83,1,0
BRDA:457,84,0,0
BRDA:457,84,1,0
BRDA:468,85,0,0
BRDA:468,85,1,0
BRDA:470,86,0,0
BRDA:470,86,1,0
BRDA:478,87,0,0
BRDA:478,87,1,0
BRDA:478,88,0,0
BRDA:478,88,1,0
BRDA:480,89,0,0
BRDA:480,89,1,0
BRDA:484,90,0,0
BRDA:484,90,1,0
BRDA:485,91,0,0
BRDA:485,91,1,0
BRDA:487,92,0,0
BRDA:487,92,1,0
BRDA:494,93,0,0
BRDA:494,93,1,0
BRDA:494,94,0,0
BRDA:494,94,1,0
BRDA:497,95,0,0
BRDA:497,95,1,0
BRDA:503,96,0,0
BRDA:503,96,1,0
BRDA:503,97,0,0
BRDA:503,97,1,0
BRDA:505,98,0,0
BRDA:505,98,1,0
BRDA:509,99,0,0
BRDA:509,99,1,0
BRDA:510,100,0,0
BRDA:510,100,1,0
BRDA:510,101,0,0
BRDA:510,101,1,0
BRDA:525,102,0,0
BRDA:525,102,1,0
BRDA:542,103,0,0
BRDA:542,103,1,0
BRDA:546,104,0,0
BRDA:546,104,1,0
BRDA:551,105,0,0
BRDA:551,105,1,0
BRDA:555,106,0,0
BRDA:555,106,1,0
BRDA:558,107,0,0
BRDA:558,107,1,0
BRDA:560,108,0,0
BRDA:560,108,1,0
BRDA:560,109,0,0
BRDA:560,109,1,0
BRDA:564,110,0,0
BRDA:564,110,1,0
BRDA:583,111,0,0
BRDA:583,111,1,0
BRDA:587,112,0,0
BRDA:587,112,1,0
BRDA:588,113,0,0
BRDA:588,113,1,0
BRDA:601,114,0,0
BRDA:601,114,1,0
BRDA:628,115,0,0
BRDA:628,115,1,0
BRDA:631,116,0,0
BRDA:631,116,1,0
BRDA:633,117,0,0
BRDA:633,117,1,0
BRDA:633,118,0,0
BRDA:633,118,1,0
BRDA:637,119,0,0
BRDA:637,119,1,0
BRDA:639,120,0,0
BRDA:639,120,1,0
BRDA:650,121,0,0
BRDA:650,121,1,0
BRDA:650,122,0,0
BRDA:650,122,1,0
BRDA:664,123,0,0
BRDA:664,123,1,0
BRDA:670,124,0,0
BRDA:670,124,1,0
BRDA:684,125,0,0
BRDA:684,125,1,0
BRDA:686,126,0,0
BRDA:686,126,1,0
BRDA:689,127,0,0
BRDA:689,127,1,0
BRDA:689,128,0,0
BRDA:689,128,1,0
BRDA:694,129,0,0
BRDA:694,129,1,0
BRDA:710,130,0,0
BRDA:710,130,1,0
BRF:266
BRH:0
end_of_record
TN:
SF:src\modules\page.js
FN:7,(anonymous_0)
FN:18,(anonymous_1)
FN:33,(anonymous_2)
FN:41,(anonymous_3)
FN:93,(anonymous_4)
FN:100,(anonymous_5)
FN:107,(anonymous_6)
FN:122,(anonymous_7)
FN:160,(anonymous_8)
FN:167,(anonymous_9)
FN:180,(anonymous_10)
FN:187,(anonymous_11)
FN:189,(anonymous_12)
FN:203,(anonymous_13)
FN:214,(anonymous_14)
FN:216,(anonymous_15)
FN:227,(anonymous_16)
FN:235,(anonymous_17)
FN:248,(anonymous_18)
FN:259,(anonymous_19)
FN:271,(anonymous_20)
FN:278,(anonymous_21)
FN:284,(anonymous_22)
FN:298,(anonymous_23)
FN:330,(anonymous_24)
FN:336,(anonymous_25)
FN:341,(anonymous_26)
FN:354,(anonymous_27)
FN:360,(anonymous_28)
FN:372,(anonymous_29)
FNF:30
FNH:0
FNDA:0,(anonymous_0)
FNDA:0,(anonymous_1)
FNDA:0,(anonymous_2)
FNDA:0,(anonymous_3)
FNDA:0,(anonymous_4)
FNDA:0,(anonymous_5)
FNDA:0,(anonymous_6)
FNDA:0,(anonymous_7)
FNDA:0,(anonymous_8)
FNDA:0,(anonymous_9)
FNDA:0,(anonymous_10)
FNDA:0,(anonymous_11)
FNDA:0,(anonymous_12)
FNDA:0,(anonymous_13)
FNDA:0,(anonymous_14)
FNDA:0,(anonymous_15)
FNDA:0,(anonymous_16)
FNDA:0,(anonymous_17)
FNDA:0,(anonymous_18)
FNDA:0,(anonymous_19)
FNDA:0,(anonymous_20)
FNDA:0,(anonymous_21)
FNDA:0,(anonymous_22)
FNDA:0,(anonymous_23)
FNDA:0,(anonymous_24)
FNDA:0,(anonymous_25)
FNDA:0,(anonymous_26)
FNDA:0,(anonymous_27)
FNDA:0,(anonymous_28)
FNDA:0,(anonymous_29)
DA:7,0
DA:10,0
DA:11,0
DA:12,0
DA:15,0
DA:18,0
DA:19,0
DA:20,0
DA:21,0
DA:24,0
DA:25,0
DA:26,0
DA:29,0
DA:33,0
DA:34,0
DA:35,0
DA:36,0
DA:41,0
DA:42,0
DA:43,0
DA:44,0
DA:47,0
DA:51,0
DA:52,0
DA:55,0
DA:58,0
DA:61,0
DA:64,0
DA:65,0
DA:69,0
DA:70,0
DA:71,0
DA:72,0
DA:76,0
DA:79,0
DA:80,0
DA:83,0
DA:86,0
DA:91,0
DA:94,0
DA:95,0
DA:96,0
DA:101,0
DA:108,0
DA:110,0
DA:111,0
DA:115,0
DA:116,0
DA:120,0
DA:121,0
DA:122,0
DA:123,0
DA:124,0
DA:128,0
DA:129,0
DA:133,0
DA:134,0
DA:138,0
DA:139,0
DA:140,0
DA:142,0
DA:147,0
DA:148,0
DA:149,0
DA:151,0
DA:152,0
DA:156,0
DA:161,0
DA:168,0
DA:169,0
DA:170,0
DA:181,0
DA:182,0
DA:183,0
DA:188,0
DA:189,0
DA:190,0
DA:196,0
DA:204,0
DA:209,0
DA:211,0
DA:213,0
DA:215,0
DA:216,0
DA:217,0
DA:218,0
DA:221,0
DA:227,0
DA:228,0
DA:229,0
DA:230,0
DA:231,0
DA:232,0
DA:233,0
DA:234,0
DA:235,0
DA:236,0
DA:237,0
DA:238,0
DA:239,0
DA:243,0
DA:246,0
DA:247,0
DA:248,0
DA:249,0
DA:250,0
DA:251,0
DA:252,0
DA:258,0
DA:259,0
DA:260,0
DA:261,0
DA:262,0
DA:264,0
DA:265,0
DA:270,0
DA:271,0
DA:272,0
DA:278,0
DA:279,0
DA:280,0
DA:281,0
DA:282,0
DA:284,0
DA:285,0
DA:286,0
DA:287,0
DA:288,0
DA:289,0
DA:291,0
DA:292,0
DA:298,0
DA:299,0
DA:300,0
DA:301,0
DA:302,0
DA:304,0
DA:305,0
DA:306,0
DA:307,0
DA:309,0
DA:310,0
DA:311,0
DA:315,0
DA:317,0
DA:318,0
DA:320,0
DA:321,0
DA:324,0
DA:328,0
DA:331,0
DA:332,0
DA:337,0
DA:342,0
DA:343,0
DA:346,0
DA:347,0
DA:349,0
DA:350,0
DA:355,0
DA:356,0
DA:361,0
DA:362,0
DA:364,0
DA:365,0
DA:366,0
DA:367,0
DA:368,0
DA:373,0
DA:374,0
DA:376,0
DA:384,0
DA:387,0
DA:388,0
LF:174
LH:0
BRDA:20,0,0,0
BRDA:20,0,1,0
BRDA:25,1,0,0
BRDA:25,1,1,0
BRDA:35,2,0,0
BRDA:35,2,1,0
BRDA:36,3,0,0
BRDA:36,3,1,0
BRDA:44,4,0,0
BRDA:44,4,1,0
BRDA:47,5,0,0
BRDA:47,5,1,0
BRDA:52,6,0,0
BRDA:52,6,1,0
BRDA:55,7,0,0
BRDA:55,7,1,0
BRDA:58,8,0,0
BRDA:58,8,1,0
BRDA:61,9,0,0
BRDA:61,9,1,0
BRDA:64,10,0,0
BRDA:64,10,1,0
BRDA:69,11,0,0
BRDA:69,11,1,0
BRDA:71,12,0,0
BRDA:71,12,1,0
BRDA:79,13,0,0
BRDA:79,13,1,0
BRDA:79,14,0,0
BRDA:79,14,1,0
BRDA:80,15,0,0
BRDA:80,15,1,0
BRDA:80,16,0,0
BRDA:80,16,1,0
BRDA:83,17,0,0
BRDA:83,17,1,0
BRDA:86,18,0,0
BRDA:86,18,1,0
BRDA:87,19,0,0
BRDA:87,19,1,0
[...]
FN:202,(anonymous_18)
FN:206,(anonymous_19)
FN:274,(anonymous_20)
FN:304,(anonymous_21)
FN:310,(anonymous_22)
FN:314,(anonymous_23)
FN:343,(anonymous_24)
FN:344,(anonymous_25)
FN:379,(anonymous_26)
FN:380,(anonymous_27)
FN:386,(anonymous_28)
FN:414,(anonymous_29)
FN:415,(anonymous_30)
FN:443,(anonymous_31)
FN:462,(anonymous_32)
FN:478,(anonymous_33)
FN:497,(anonymous_34)
FN:502,(anonymous_35)
FN:512,(anonymous_36)
FN:518,(anonymous_37)
FNF:38
FNH:17
FNDA:1,(anonymous_0)
FNDA:23,(anonymous_1)
FNDA:0,(anonymous_2)
FNDA:6,(anonymous_3)
FNDA:0,(anonymous_4)
FNDA:2,(anonymous_5)
FNDA:0,(anonymous_6)
FNDA:1,(anonymous_7)
FNDA:0,(anonymous_8)
FNDA:1,(anonymous_9)
FNDA:6,(anonymous_10)
FNDA:0,(anonymous_11)
FNDA:6,(anonymous_12)
FNDA:0,(anonymous_13)
FNDA:0,(anonymous_14)
FNDA:0,(anonymous_15)
FNDA:1,(anonymous_16)
FNDA:7,(anonymous_17)
FNDA:8,(anonymous_18)
FNDA:13,(anonymous_19)
FNDA:0,(anonymous_20)
FNDA:7,(anonymous_21)
FNDA:13,(anonymous_22)
FNDA:0,(anonymous_23)
FNDA:13,(anonymous_24)
FNDA:0,(anonymous_25)
FNDA:4,(anonymous_26)
FNDA:0,(anonymous_27)
FNDA:0,(anonymous_28)
FNDA:0,(anonymous_29)
FNDA:0,(anonymous_30)
FNDA:0,(anonymous_31)
FNDA:0,(anonymous_32)
FNDA:0,(anonymous_33)
FNDA:1,(anonymous_34)
FNDA:0,(anonymous_35)
FNDA:0,(anonymous_36)
FNDA:0,(anonymous_37)
DA:7,1
DA:10,1
DA:11,1
DA:14,23
DA:17,1
DA:20,1
DA:21,1
DA:22,1
DA:23,1
DA:24,1
DA:25,1
DA:26,1
DA:27,1
DA:28,1
DA:29,1
DA:32,1
DA:39,0
DA:40,0
DA:41,0
DA:46,6
DA:47,6
DA:52,0
DA:57,2
DA:58,2
DA:63,0
DA:64,0
DA:69,1
DA:70,1
DA:75,0
DA:76,0
DA:78,0
DA:83,1
DA:84,1
DA:87,1
DA:88,1
DA:89,1
DA:90,1
DA:94,1
DA:99,1
DA:100,6
DA:101,6
DA:103,6
DA:104,0
DA:105,0
DA:108,6
DA:109,6
DA:110,6
DA:112,6
DA:113,6
DA:114,6
DA:118,1
DA:119,6
DA:120,6
DA:123,0
DA:126,0
DA:129,0
DA:135,1
DA:156,1
DA:157,1
DA:158,1
DA:160,1
DA:161,1
DA:165,1
DA:166,7
DA:167,7
DA:168,7
DA:170,7
DA:171,7
DA:173,7
DA:176,7
DA:180,7
DA:181,7
DA:182,7
DA:185,7
DA:188,7
DA:189,7
DA:190,7
DA:193,7
DA:194,0
DA:198,7
DA:202,1
DA:203,8
DA:204,8
DA:206,8
DA:207,13
DA:208,13
DA:211,13
DA:212,13
DA:213,13
DA:216,13
DA:217,13
DA:220,13
DA:221,13
DA:224,13
DA:225,1
DA:226,1
DA:227,1
DA:228,1
DA:230,12
DA:231,12
DA:232,12
DA:233,12
DA:237,13
DA:238,4
DA:239,4
DA:240,4
DA:241,4
DA:242,4
DA:243,0
DA:244,0
DA:246,4
DA:247,0
DA:249,4
DA:253,13
DA:254,13
DA:256,13
DA:257,0
DA:258,0
DA:259,0
DA:260,0
DA:261,0
DA:263,13
DA:265,13
DA:268,13
DA:269,0
DA:270,0
DA:272,0
DA:274,0
DA:275,0
DA:276,0
DA:277,0
DA:279,0
DA:280,0
DA:281,0
DA:284,0
DA:287,13
DA:288,13
DA:291,13
DA:292,1
DA:293,1
DA:295,1
DA:296,1
DA:299,13
DA:304,1
DA:305,7
DA:306,7
DA:307,7
DA:310,7
DA:311,13
DA:312,13
DA:314,1
DA:315,0
DA:317,0
DA:318,0
DA:319,0
DA:321,0
DA:323,0
DA:324,0
DA:325,0
DA:328,0
DA:330,0
DA:332,0
DA:335,0
DA:336,0
DA:337,0
DA:343,7
DA:344,13
DA:345,0
DA:347,0
DA:348,0
DA:349,0
DA:353,0
DA:354,0
DA:357,0
DA:358,0
DA:360,0
DA:366,0
DA:367,0
DA:371,0
DA:372,0
DA:378,7
DA:379,2
DA:380,4
DA:381,0
DA:382,0
DA:383,0
DA:386,0
DA:387,0
DA:391,0
DA:393,0
DA:400,0
DA:401,0
DA:405,0
DA:406,0
DA:413,7
DA:414,0
DA:415,0
DA:416,0
DA:418,0
DA:419,0
DA:420,0
DA:421,0
DA:423,0
DA:429,0
DA:430,0
DA:434,0
DA:435,0
DA:443,1
DA:444,0
DA:445,0
DA:447,0
DA:448,0
DA:450,0
DA:452,0
DA:453,0
DA:455,0
DA:458,0
DA:459,0
DA:460,0
DA:462,0
DA:463,0
DA:464,0
DA:465,0
DA:466,0
DA:470,0
DA:471,0
DA:474,0
DA:478,1
DA:479,0
DA:480,0
DA:482,0
DA:484,0
DA:485,0
DA:486,0
DA:488,0
DA:489,0
DA:490,0
DA:493,0
DA:497,1
DA:498,1
DA:499,1
DA:500,1
DA:502,1
DA:503,0
DA:504,0
DA:505,0
DA:508,1
DA:512,1
DA:513,0
DA:514,0
DA:516,0
DA:518,0
DA:519,0
DA:520,0
DA:521,0
DA:523,0
DA:529,1
DA:532,1
DA:533,0
LF:259
LH:134
BRDA:58,0,0,1
BRDA:58,0,1,1
BRDA:64,1,0,0
BRDA:64,1,1,0
BRDA:70,2,0,1
BRDA:70,2,1,0
BRDA:75,3,0,0
BRDA:75,3,1,0
BRDA:75,4,0,0
BRDA:75,4,1,0
BRDA:84,5,0,0
BRDA:84,5,1,1
BRDA:88,6,0,1
BRDA:88,6,1,0
BRDA:90,7,0,1
BRDA:90,7,1,0
BRDA:103,8,0,0
BRDA:103,8,1,6
BRDA:110,9,0,6
BRDA:110,9,1,0
BRDA:171,10,0,0
BRDA:171,10,1,7
BRDA:177,11,0,2
BRDA:177,11,1,5
BRDA:178,12,0,7
BRDA:178,12,1,0
BRDA:193,13,0,0
BRDA:193,13,1,7
BRDA:207,14,0,13
BRDA:207,14,1,1
BRDA:212,15,0,1
BRDA:212,15,1,12
BRDA:212,16,0,13
BRDA:212,16,1,1
BRDA:213,17,0,13
BRDA:213,17,1,0
BRDA:224,18,0,1
BRDA:224,18,1,12
BRDA:227,19,0,1
BRDA:227,19,1,0
BRDA:237,20,0,4
BRDA:237,20,1,9
BRDA:241,21,0,4
BRDA:241,21,1,0
BRDA:242,22,0,0
BRDA:242,22,1,4
BRDA:246,23,0,0
BRDA:246,23,1,4
BRDA:256,24,0,0
BRDA:256,24,1,13
BRDA:256,25,0,13
BRDA:256,25,1,0
BRDA:259,26,0,0
BRDA:259,26,1,0
BRDA:260,27,0,0
BRDA:260,27,1,0
BRDA:263,28,0,13
BRDA:263,28,1,0
BRDA:268,29,0,0
BRDA:268,29,1,13
BRDA:272,30,0,0
BRDA:272,30,1,0
BRDA:280,31,0,0
BRDA:280,31,1,0
BRDA:291,32,0,1
BRDA:291,32,1,12
BRDA:293,33,0,1
BRDA:293,33,1,0
BRDA:312,34,0,12
BRDA:312,34,1,1
BRDA:321,35,0,0
BRDA:321,35,1,0
BRDA:328,36,0,0
BRDA:328,36,1,0
BRDA:345,37,0,0
BRDA:345,37,1,0
BRDA:348,38,0,0
BRDA:348,38,1,0
BRDA:366,39,0,0
BRDA:366,39,1,0
BRDA:371,40,0,0
BRDA:371,40,1,0
BRDA:371,41,0,0
BRDA:371,41,1,0
BRDA:378,42,0,2
BRDA:378,42,1,5
BRDA:400,43,0,0
BRDA:400,43,1,0
BRDA:405,44,0,0
BRDA:405,44,1,0
BRDA:405,45,0,0
BRDA:405,45,1,0
BRDA:413,46,0,0
BRDA:413,46,1,7
BRDA:429,47,0,0
BRDA:429,47,1,0
BRDA:434,48,0,0
BRDA:434,48,1,0
BRDA:434,49,0,0
BRDA:434,49,1,0
BRDA:450,50,0,0
BRDA:450,50,1,0
BRDA:455,51,0,0
BRDA:455,51,1,0
BRDA:464,52,0,0
BRDA:464,52,1,0
BRDA:466,53,0,0
BRDA:466,53,1,0
BRDA:470,54,0,0
BRDA:470,54,1,0
BRDA:471,55,0,0
BRDA:471,55,1,0
BRDA:482,56,0,0
BRDA:482,56,1,0
BRDA:485,57,0,0
BRDA:485,57,1,0
BRDA:488,58,0,0
BRDA:488,58,1,0
BRDA:490,59,0,0
BRDA:490,59,1,0
BRDA:505,60,0,0
BRDA:505,60,1,0
BRDA:516,61,0,0
BRDA:516,61,1,0
BRDA:520,62,0,0
BRDA:520,62,1,0
BRDA:532,63,0,0
BRDA:532,63,1,1
BRF:128
BRH:41
end_of_record
TN:
SF:src\modules\upload.js
FN:7,(anonymous_0)
FN:14,(anonymous_1)
FN:37,(anonymous_2)
FN:46,(anonymous_3)
FN:72,(anonymous_4)
FN:79,(anonymous_5)
FN:82,(anonymous_6)
FN:85,(anonymous_7)
FN:93,(anonymous_8)
FN:98,(anonymous_9)
FN:107,(anonymous_10)
FN:112,(anonymous_11)
FN:152,(anonymous_12)
FN:168,(anonymous_13)
FN:177,(anonymous_14)
FN:205,(anonymous_15)
FN:223,(anonymous_16)
FN:226,(anonymous_17)
FN:229,(anonymous_18)
FN:232,(anonymous_19)
FN:245,(anonymous_20)
FN:255,(anonymous_21)
FN:264,(anonymous_22)
FN:276,(anonymous_23)
FN:286,(anonymous_24)
FN:292,(anonymous_25)
FN:298,(anonymous_26)
FN:308,(anonymous_27)
FN:314,(anonymous_28)
FN:317,(anonymous_29)
FN:327,(anonymous_30)
FN:348,(anonymous_31)
FN:410,(anonymous_32)
FN:447,(anonymous_33)
FN:475,(anonymous_34)
FN:509,(anonymous_35)
FN:516,(anonymous_36)
FN:525,(anonymous_37)
FN:534,(anonymous_38)
FN:556,checkAllDone
FNF:40
FNH:0
FNDA:0,(anonymous_0)
FNDA:0,(anonymous_1)
FNDA:0,(anonymous_2)
FNDA:0,(anonymous_3)
FNDA:0,(anonymous_4)
FNDA:0,(anonymous_5)
FNDA:0,(anonymous_6)
FNDA:0,(anonymous_7)
FNDA:0,(anonymous_8)
FNDA:0,(anonymous_9)
FNDA:0,(anonymous_10)
FNDA:0,(anonymous_11)
FNDA:0,(anonymous_12)
FNDA:0,(anonymous_13)
FNDA:0,(anonymous_14)
FNDA:0,(anonymous_15)
FNDA:0,(anonymous_16)
FNDA:0,(anonymous_17)
FNDA:0,(anonymous_18)
FNDA:0,(anonymous_19)
FNDA:0,(anonymous_20)
FNDA:0,(anonymous_21)
FNDA:0,(anonymous_22)
FNDA:0,(anonymous_23)
FNDA:0,(anonymous_24)
FNDA:0,(anonymous_25)
FNDA:0,(anonymous_26)
FNDA:0,(anonymous_27)
FNDA:0,(anonymous_28)
FNDA:0,(anonymous_29)
FNDA:0,(anonymous_30)
FNDA:0,(anonymous_31)
FNDA:0,(anonymous_32)
FNDA:0,(anonymous_33)
FNDA:0,(anonymous_34)
FNDA:0,(anonymous_35)
FNDA:0,(anonymous_36)
FNDA:0,(anonymous_37)
FNDA:0,(anonymous_38)
FNDA:0,checkAllDone
DA:7,0
DA:10,0
DA:11,0
DA:14,0
DA:17,0
DA:20,0
DA:23,0
DA:24,0
DA:25,0
DA:26,0
DA:29,0
DA:37,0
DA:38,0
DA:39,0
DA:40,0
DA:41,0
DA:42,0
DA:46,0
DA:47,0
DA:48,0
DA:50,0
DA:51,0
DA:53,0
DA:54,0
DA:56,0
DA:63,0
DA:67,0
DA:73,0
DA:74,0
DA:75,0
DA:80,0
DA:81,0
DA:83,0
DA:86,0
DA:94,0
DA:99,0
DA:100,0
DA:102,0
DA:107,0
DA:108,0
DA:109,0
DA:111,0
DA:112,0
DA:113,0
DA:116,0
DA:117,0
DA:118,0
DA:120,0
DA:121,0
DA:125,0
DA:152,0
DA:153,0
DA:154,0
DA:155,0
DA:157,0
DA:158,0
DA:161,0
DA:164,0
DA:168,0
DA:169,0
DA:170,0
DA:172,0
DA:173,0
DA:177,0
DA:178,0
DA:179,0
DA:182,0
DA:183,0
DA:187,0
DA:190,0
DA:191,0
DA:192,0
DA:193,0
DA:194,0
DA:195,0
DA:196,0
DA:198,0
DA:200,0
DA:201,0
DA:205,0
DA:206,0
DA:207,0
DA:209,0
DA:211,0
DA:212,0
DA:214,0
DA:215,0
DA:216,0
DA:220,0
DA:221,0
DA:224,0
DA:227,0
DA:230,0
DA:233,0
DA:239,0
DA:240,0
DA:245,0
DA:246,0
DA:247,0
DA:248,0
DA:249,0
DA:250,0
DA:253,0
DA:254,0
DA:255,0
DA:256,0
DA:257,0
DA:262,0
DA:263,0
DA:264,0
DA:265,0
DA:267,0
DA:272,0
DA:273,0
DA:274,0
DA:275,0
DA:276,0
DA:277,0
DA:283,0
DA:284,0
DA:286,0
DA:287,0
DA:288,0
DA:289,0
DA:292,0
DA:293,0
DA:294,0
DA:295,0
DA:298,0
DA:299,0
DA:300,0
DA:301,0
DA:302,0
DA:308,0
DA:309,0
DA:311,0
DA:313,0
DA:314,0
DA:315,0
DA:316,0
DA:317,0
DA:318,0
DA:319,0
DA:327,0
DA:328,0
DA:329,0
DA:332,0
DA:333,0
DA:334,0
DA:335,0
DA:336,0
DA:342,0
DA:347,0
DA:348,0
DA:349,0
DA:350,0
DA:352,0
DA:353,0
DA:354,0
DA:356,0
DA:357,0
DA:358,0
DA:359,0
DA:361,0
DA:362,0
DA:363,0
DA:367,0
DA:368,0
DA:374,0
DA:379,0
DA:380,0
DA:381,0
DA:382,0
DA:388,0
DA:393,0
DA:394,0
DA:395,0
DA:396,0
DA:402,0
DA:406,0
DA:410,0
DA:411,0
DA:412,0
DA:415,0
DA:417,0
DA:418,0
DA:419,0
DA:423,0
DA:424,0
DA:425,0
DA:427,0
DA:428,0
DA:431,0
DA:432,0
DA:434,0
DA:438,0
DA:439,0
DA:441,0
DA:447,0
DA:448,0
DA:449,0
DA:450,0
DA:452,0
DA:453,0
DA:454,0
DA:458,0
DA:459,0
DA:460,0
DA:463,0
DA:464,0
DA:465,0
DA:468,0
DA:469,0
DA:470,0
DA:474,0
DA:475,0
DA:477,0
DA:478,0
DA:479,0
DA:480,0
DA:484,0
DA:485,0
DA:486,0
DA:487,0
DA:488,0
DA:493,0
DA:494,0
DA:497,0
DA:498,0
DA:499,0
DA:500,0
DA:502,0
DA:506,0
DA:509,0
DA:510,0
DA:511,0
DA:512,0
DA:516,0
DA:517,0
DA:518,0
DA:519,0
DA:520,0
DA:521,0
DA:524,0
DA:525,0
DA:527,0
DA:531,0
DA:533,0
DA:534,0
DA:535,0
DA:539,0
DA:543,0
DA:546,0
DA:547,0
DA:550,0
DA:557,0
DA:558,0
DA:559,0
DA:570,0
DA:573,0
DA:574,0
LF:261
LH:0
BRDA:38,0,0,0
BRDA:38,0,1,0
BRDA:47,1,0,0
BRDA:47,1,1,0
BRDA:48,2,0,0
BRDA:48,2,1,0
BRDA:51,3,0,0
BRDA:51,3,1,0
BRDA:54,4,0,0
BRDA:54,4,1,0
BRDA:63,5,0,0
BRDA:63,5,1,0
BRDA:99,6,0,0
BRDA:99,6,1,0
BRDA:99,7,0,0
BRDA:99,7,1,0
BRDA:111,8,0,0
BRDA:111,8,1,0
BRDA:118,9,0,0
BRDA:118,9,1,0
BRDA:158,10,0,0
BRDA:158,10,1,0
BRDA:182,11,0,0
BRDA:182,11,1,0
BRDA:187,12,0,0
BRDA:187,12,1,0
BRDA:187,12,2,0
BRDA:195,13,0,0
BRDA:195,13,1,0
BRDA:209,14,0,0
BRDA:209,14,1,0
BRDA:209,15,0,0
BRDA:209,15,1,0
BRDA:220,16,0,0
BRDA:220,16,1,0
BRDA:239,17,0,0
BRDA:239,17,1,0
BRDA:253,18,0,0
BRDA:253,18,1,0
BRDA:262,19,0,0
BRDA:262,19,1,0
BRDA:272,20,0,0
BRDA:272,20,1,0
BRDA:274,21,0,0
BRDA:274,21,1,0
BRDA:274,22,0,0
BRDA:274,22,1,0
BRDA:283,23,0,0
BRDA:283,23,1,0
BRDA:283,24,0,0
BRDA:283,24,1,0
BRDA:283,24,2,0
BRDA:311,25,0,0
BRDA:311,25,1,0
BRDA:318,26,0,0
BRDA:318,26,1,0
BRDA:332,27,0,0
BRDA:332,27,1,0
BRDA:335,28,0,0
BRDA:335,28,1,0
BRDA:347,29,0,0
BRDA:347,29,1,0
BRDA:347,30,0,0
BRDA:347,30,1,0
BRDA:349,31,0,0
BRDA:349,31,1,0
BRDA:354,32,0,0
BRDA:354,32,1,0
BRDA:357,33,0,0
BRDA:357,33,1,0
BRDA:361,34,0,0
BRDA:361,34,1,0
BRDA:367,35,0,0
BRDA:367,35,1,0
BRDA:379,36,0,0
BRDA:379,36,1,0
BRDA:381,37,0,0
BRDA:381,37,1,0
BRDA:393,38,0,0
BRDA:393,38,1,0
BRDA:395,39,0,0
BRDA:395,39,1,0
BRDA:415,40,0,0
BRDA:415,40,1,0
BRDA:417,41,0,0
BRDA:417,41,1,0
BRDA:424,42,0,0
BRDA:424,42,1,0
BRDA:427,43,0,0
BRDA:427,43,1,0
BRDA:431,44,0,0
BRDA:431,44,1,0
BRDA:438,45,0,0
BRDA:438,45,1,0
BRDA:450,46,0,0
BRDA:450,46,1,0
BRDA:452,47,0,0
BRDA:452,47,1,0
BRDA:458,48,0,0
BRDA:458,48,1,0
BRDA:458,49,0,0
BRDA:458,49,1,0
BRDA:468,50,0,0
BRDA:468,50,1,0
BRDA:468,51,0,0
BRDA:468,51,1,0
BRDA:477,52,0,0
BRDA:477,52,1,0
BRDA:484,53,0,0
BRDA:484,53,1,0
BRDA:485,54,0,0
BRDA:485,54,1,0
BRDA:499,55,0,0
BRDA:499,55,1,0
BRDA:510,56,0,0
BRDA:510,56,1,0
BRDA:510,57,0,0
BRDA:510,57,1,0
BRDA:517,58,0,0
BRDA:517,58,1,0
BRDA:518,59,0,0
BRDA:518,59,1,0
BRDA:518,60,0,0
BRDA:518,60,1,0
BRDA:524,61,0,0
BRDA:524,61,1,0
BRDA:527,62,0,0
BRDA:527,62,1,0
BRDA:533,63,0,0
BRDA:533,63,1,0
BRDA:535,64,0,0
BRDA:535,64,1,0
BRDA:557,65,0,0
BRDA:557,65,1,0
BRDA:558,66,0,0
BRDA:558,66,1,0
BRDA:573,67,0,0
BRDA:573,67,1,0
BRF:138
BRH:0
end_of_record
TN:
SF:src\modules\util.js
FN:7,(anonymous_0)
FN:14,(anonymous_1)
FN:20,(anonymous_2)
FN:58,(anonymous_3)
FN:73,(anonymous_4)
FN:86,(anonymous_5)
FN:97,(anonymous_6)
FN:109,(anonymous_7)
FN:126,(anonymous_8)
FN:147,(anonymous_9)
FN:182,(anonymous_10)
FN:192,(anonymous_11)
FN:198,(anonymous_12)
FN:204,(anonymous_13)
FN:225,(anonymous_14)
FN:228,(anonymous_15)
FN:242,(anonymous_16)
FN:244,(anonymous_17)
FN:248,(anonymous_18)
FN:255,(anonymous_19)
FN:257,(anonymous_20)
FN:267,(anonymous_21)
FN:271,(anonymous_22)
FN:284,(anonymous_23)
FN:290,(anonymous_24)
FN:300,(anonymous_25)
FN:311,(anonymous_26)
FN:322,(anonymous_27)
FN:335,(anonymous_28)
FN:340,(anonymous_29)
FN:341,(anonymous_30)
FN:349,(anonymous_31)
FN:360,(anonymous_32)
FN:369,(anonymous_33)
FN:374,(anonymous_34)
FN:379,(anonymous_35)
FN:384,(anonymous_36)
FN:395,(anonymous_37)
FN:406,(anonymous_38)
FN:437,(anonymous_39)
FN:480,(anonymous_40)
FN:484,(anonymous_41)
FN:501,(anonymous_42)
FN:513,(anonymous_43)
FN:519,(anonymous_44)
FN:529,(anonymous_45)
FN:532,(anonymous_46)
FN:538,(anonymous_47)
FN:545,(anonymous_48)
FN:564,(anonymous_49)
FN:570,(anonymous_50)
FN:597,(anonymous_51)
FN:607,(anonymous_52)
FN:611,(anonymous_53)
FNF:54
FNH:0
FNDA:0,(anonymous_0)
FNDA:0,(anonymous_1)
FNDA:0,(anonymous_2)
FNDA:0,(anonymous_3)
FNDA:0,(anonymous_4)
FNDA:0,(anonymous_5)
FNDA:0,(anonymous_6)
FNDA:0,(anonymous_7)
FNDA:0,(anonymous_8)
FNDA:0,(anonymous_9)
FNDA:0,(anonymous_10)
FNDA:0,(anonymous_11)
FNDA:0,(anonymous_12)
FNDA:0,(anonymous_13)
FNDA:0,(anonymous_14)
FNDA:0,(anonymous_15)
FNDA:0,(anonymous_16)
FNDA:0,(anonymous_17)
FNDA:0,(anonymous_18)
FNDA:0,(anonymous_19)
FNDA:0,(anonymous_20)
FNDA:0,(anonymous_21)
FNDA:0,(anonymous_22)
FNDA:0,(anonymous_23)
FNDA:0,(anonymous_24)
FNDA:0,(anonymous_25)
FNDA:0,(anonymous_26)
FNDA:0,(anonymous_27)
FNDA:0,(anonymous_28)
FNDA:0,(anonymous_29)
FNDA:0,(anonymous_30)
FNDA:0,(anonymous_31)
FNDA:0,(anonymous_32)
FNDA:0,(anonymous_33)
FNDA:0,(anonymous_34)
FNDA:0,(anonymous_35)
FNDA:0,(anonymous_36)
FNDA:0,(anonymous_37)
FNDA:0,(anonymous_38)
FNDA:0,(anonymous_39)
FNDA:0,(anonymous_40)
FNDA:0,(anonymous_41)
FNDA:0,(anonymous_42)
FNDA:0,(anonymous_43)
FNDA:0,(anonymous_44)
FNDA:0,(anonymous_45)
FNDA:0,(anonymous_46)
FNDA:0,(anonymous_47)
FNDA:0,(anonymous_48)
FNDA:0,(anonymous_49)
FNDA:0,(anonymous_50)
FNDA:0,(anonymous_51)
FNDA:0,(anonymous_52)
FNDA:0,(anonymous_53)
DA:7,0
DA:10,0
DA:11,0
DA:14,0
DA:17,0
DA:21,0
DA:22,0
DA:24,0
DA:33,0
DA:36,0
DA:37,0
DA:40,0
DA:41,0
DA:44,0
DA:45,0
DA:47,0
DA:48,0
DA:52,0
DA:53,0
DA:54,0
DA:55,0
DA:58,0
DA:59,0
DA:60,0
DA:63,0
DA:67,0
DA:68,0
DA:69,0
DA:70,0
DA:73,0
DA:74,0
DA:75,0
DA:78,0
DA:82,0
DA:83,0
DA:84,0
DA:85,0
DA:86,0
DA:87,0
DA:88,0
DA:89,0
DA:92,0
DA:94,0
DA:97,0
DA:98,0
DA:99,0
DA:102,0
DA:103,0
DA:105,0
DA:110,0
DA:112,0
DA:113,0
DA:114,0
DA:117,0
DA:118,0
DA:119,0
DA:121,0
DA:122,0
DA:123,0
DA:126,0
DA:127,0
DA:129,0
DA:130,0
DA:131,0
DA:132,0
DA:135,0
DA:136,0
DA:137,0
DA:138,0
DA:140,0
DA:143,0
DA:148,0
DA:149,0
DA:150,0
DA:151,0
DA:153,0
DA:155,0
DA:156,0
DA:157,0
DA:159,0
DA:160,0
DA:161,0
DA:162,0
DA:163,0
DA:164,0
DA:165,0
DA:166,0
DA:168,0
DA:169,0
DA:170,0
DA:171,0
DA:172,0
DA:173,0
DA:175,0
DA:183,0
DA:184,0
DA:185,0
DA:186,0
DA:188,0
DA:193,0
DA:194,0
DA:199,0
DA:200,0
DA:201,0
DA:202,0
DA:204,0
DA:205,0
DA:206,0
DA:209,0
DA:213,0
DA:214,0
DA:216,0
DA:217,0
DA:221,0
DA:226,0
DA:227,0
DA:228,0
DA:229,0
DA:232,0
DA:233,0
DA:234,0
DA:235,0
DA:238,0
DA:243,0
DA:244,0
DA:245,0
DA:246,0
DA:247,0
DA:248,0
DA:249,0
DA:256,0
DA:257,0
DA:258,0
DA:259,0
DA:260,0
DA:261,0
DA:268,0
DA:269,0
DA:271,0
DA:272,0
DA:273,0
DA:274,0
DA:275,0
DA:276,0
DA:278,0
DA:285,0
DA:286,0
DA:288,0
DA:289,0
DA:290,0
DA:291,0
DA:292,0
DA:293,0
DA:296,0
DA:301,0
DA:302,0
DA:303,0
DA:304,0
DA:307,0
DA:312,0
DA:313,0
DA:314,0
DA:315,0
DA:316,0
DA:318,0
DA:323,0
DA:324,0
DA:325,0
DA:326,0
DA:327,0
DA:328,0
DA:331,0
DA:336,0
DA:341,0
DA:342,0
DA:343,0
DA:344,0
DA:350,0
DA:351,0
DA:352,0
DA:353,0
DA:354,0
DA:356,0
DA:361,0
DA:362,0
DA:363,0
DA:364,0
DA:365,0
DA:370,0
DA:375,0
DA:380,0
DA:385,0
DA:386,0
DA:396,0
DA:397,0
DA:407,0
DA:410,0
DA:411,0
DA:414,0
DA:415,0
DA:416,0
DA:417,0
DA:418,0
DA:419,0
DA:420,0
DA:423,0
DA:424,0
DA:426,0
DA:430,0
DA:431,0
DA:433,0
DA:438,0
DA:440,0
DA:441,0
DA:442,0
DA:445,0
DA:448,0
DA:449,0
DA:450,0
DA:451,0
DA:452,0
DA:453,0
DA:454,0
DA:456,0
DA:457,0
DA:459,0
DA:463,0
DA:464,0
DA:467,0
DA:470,0
DA:473,0
DA:476,0
DA:479,0
DA:480,0
DA:481,0
DA:482,0
DA:484,0
DA:485,0
DA:487,0
DA:488,0
DA:489,0
DA:491,0
DA:494,0
DA:497,0
DA:502,0
DA:503,0
DA:514,0
DA:515,0
DA:520,0
DA:521,0
DA:522,0
DA:524,0
DA:530,0
DA:531,0
DA:533,0
DA:539,0
DA:540,0
DA:541,0
DA:543,0
DA:545,0
DA:547,0
DA:564,0
DA:565,0
DA:571,0
DA:572,0
DA:574,0
DA:587,0
DA:588,0
DA:590,0
DA:591,0
DA:592,0
DA:593,0
DA:594,0
DA:597,0
DA:598,0
DA:599,0
DA:600,0
DA:601,0
DA:603,0
DA:607,0
DA:608,0
DA:611,0
DA:612,0
DA:613,0
DA:614,0
DA:616,0
DA:617,0
DA:619,0
DA:621,0
DA:622,0
DA:624,0
DA:625,0
DA:626,0
DA:631,0
DA:636,0
DA:639,0
DA:640,0
LF:297
LH:0
BRDA:22,0,0,0
BRDA:22,0,1,0
BRDA:37,1,0,0
BRDA:37,1,1,0
BRDA:44,2,0,0
BRDA:44,2,1,0
BRDA:52,3,0,0
BRDA:52,3,1,0
BRDA:55,4,0,0
BRDA:55,4,1,0
BRDA:59,5,0,0
BRDA:59,5,1,0
BRDA:67,6,0,0
BRDA:67,6,1,0
BRDA:70,7,0,0
BRDA:70,7,1,0
BRDA:74,8,0,0
BRDA:74,8,1,0
BRDA:88,9,0,0
BRDA:88,9,1,0
BRDA:98,10,0,0
BRDA:98,10,1,0
BRDA:99,11,0,0
BRDA:99,11,1,0
BRDA:112,12,0,0
BRDA:112,12,1,0
BRDA:118,13,0,0
BRDA:118,13,1,0
BRDA:121,14,0,0
BRDA:121,14,1,0
BRDA:122,15,0,0
BRDA:122,15,1,0
BRDA:129,16,0,0
BRDA:129,16,1,0
BRDA:131,17,0,0
BRDA:131,17,1,0
BRDA:140,18,0,0
BRDA:140,18,1,0
BRDA:153,19,0,0
BRDA:153,19,1,0
BRDA:159,20,0,0
BRDA:159,20,1,0
BRDA:161,21,0,0
BRDA:161,21,1,0
BRDA:163,22,0,0
BRDA:163,22,1,0
BRDA:165,23,0,0
BRDA:165,23,1,0
BRDA:175,24,0,0
BRDA:175,24,1,0
BRDA:184,25,0,0
BRDA:184,25,1,0
BRDA:193,26,0,0
BRDA:193,26,1,0
BRDA:193,27,0,0
BRDA:193,27,1,0
BRDA:199,28,0,0
BRDA:199,28,1,0
BRDA:200,29,0,0
BRDA:200,29,1,0
BRDA:209,30,0,0
BRDA:209,30,1,0
BRDA:216,31,0,0
BRDA:216,31,1,0
BRDA:226,32,0,0
BRDA:226,32,1,0
BRDA:226,33,0,0
BRDA:226,33,1,0
BRDA:227,34,0,0
BRDA:227,34,1,0
BRDA:234,35,0,0
BRDA:234,35,1,0
BRDA:250,36,0,0
BRDA:250,36,1,0
BRDA:259,37,0,0
BRDA:259,37,1,0
BRDA:259,38,0,0
BRDA:259,38,1,0
BRDA:269,39,0,0
BRDA:269,39,1,0
BRDA:273,40,0,0
BRDA:273,40,1,0
BRDA:274,41,0,0
BRDA:274,41,1,0
BRDA:274,42,0,0
BRDA:274,42,1,0
BRDA:285,43,0,0
BRDA:285,43,1,0
BRDA:286,44,0,0
BRDA:286,44,1,0
BRDA:292,45,0,0
BRDA:292,45,1,0
BRDA:293,46,0,0
BRDA:293,46,1,0
BRDA:303,47,0,0
BRDA:303,47,1,0
BRDA:303,48,0,0
BRDA:303,48,1,0
BRDA:313,49,0,0
BRDA:313,49,1,0
BRDA:327,50,0,0
BRDA:327,50,1,0
BRDA:343,51,0,0
BRDA:343,51,1,0
BRDA:350,52,0,0
BRDA:350,52,1,0
BRDA:361,53,0,0
BRDA:361,53,1,0
BRDA:361,54,0,0
BRDA:361,54,1,0
BRDA:362,55,0,0
BRDA:362,55,1,0
BRDA:363,56,0,0
BRDA:363,56,1,0
BRDA:364,57,0,0
BRDA:364,57,1,0
BRDA:385,58,0,0
BRDA:385,58,1,0
BRDA:396,59,0,0
BRDA:396,59,1,0
BRDA:407,60,0,0
BRDA:407,60,1,0
BRDA:417,61,0,0
BRDA:417,61,1,0
BRDA:438,62,0,0
BRDA:438,62,1,0
BRDA:440,63,0,0
BRDA:440,63,1,0
BRDA:441,64,0,0
BRDA:441,64,1,0
BRDA:442,65,0,0
BRDA:442,65,1,0
BRDA:451,66,0,0
BRDA:451,66,1,0
BRDA:482,67,0,0
BRDA:482,67,1,0
BRDA:487,68,0,0
BRDA:487,68,1,0
BRDA:488,69,0,0
BRDA:488,69,1,0
BRDA:502,70,0,0
BRDA:502,70,1,0
BRDA:514,71,0,0
BRDA:514,71,1,0
BRDA:520,72,0,0
BRDA:520,72,1,0
BRDA:520,73,0,0
BRDA:520,73,1,0
BRDA:524,74,0,0
BRDA:524,74,1,0
BRDA:530,75,0,0
BRDA:530,75,1,0
BRDA:539,76,0,0
BRDA:539,76,1,0
BRDA:540,77,0,0
BRDA:540,77,1,0
BRDA:541,78,0,0
BRDA:541,78,1,0
BRDA:543,79,0,0
BRDA:543,79,1,0
BRDA:545,80,0,0
BRDA:545,80,1,0
BRDA:556,81,0,0
BRDA:556,81,1,0
BRDA:557,82,0,0
BRDA:557,82,1,0
BRDA:572,83,0,0
BRDA:572,83,1,0
BRDA:588,84,0,0
BRDA:588,84,1,0
BRDA:590,85,0,0
BRDA:590,85,1,0
BRDA:591,86,0,0
BRDA:591,86,1,0
BRDA:600,87,0,0
BRDA:600,87,1,0
BRDA:608,88,0,0
BRDA:608,88,1,0
BRDA:612,89,0,0
BRDA:612,89,1,0
BRDA:616,90,0,0
BRDA:616,90,1,0
BRDA:621,91,0,0
BRDA:621,91,1,0
BRDA:625,92,0,0
BRDA:625,92,1,0
BRDA:639,93,0,0
BRDA:639,93,1,0
BRF:188
BRH:0
end_of_record
